2008.03.29 18:00 B c:\vidyarthi\Lighter_Vein\Carnatic Music – Lyrics or Musical Experience_files\style.css --> ipnatlanta.net /vidyarthi/Lighter_Vein/Carnatic Music – Lyrics or Musical Experience_files style.css
2008.03.29 18:00 B c:\vidyarthi\Lighter_Vein\Carnatic Music – Lyrics or Musical Experience_files\style(2).css --> ipnatlanta.net /vidyarthi/Lighter_Vein/Carnatic Music – Lyrics or Musical Experience_files style(2).css
2008.03.29 18:00 B c:\vidyarthi\Lighter_Vein\Carnatic Music – Lyrics or Musical Experience_files\style(1).css --> ipnatlanta.net /vidyarthi/Lighter_Vein/Carnatic Music – Lyrics or Musical Experience_files style(1).css
2008.03.29 18:00 B c:\vidyarthi\Lighter_Vein\Carnatic Music – Lyrics or Musical Experience_files\chennaionline.css --> ipnatlanta.net /vidyarthi/Lighter_Vein/Carnatic Music – Lyrics or Musical Experience_files chennaionline.css
2008.03.29 18:00 B c:\vidyarthi\Lighter_Vein\Carnatic Music – Lyrics or Musical Experience_files\admentorserve(5).htm --> ipnatlanta.net /vidyarthi/Lighter_Vein/Carnatic Music – Lyrics or Musical Experience_files admentorserve(5).htm
2008.03.29 18:00 B c:\vidyarthi\Lighter_Vein\Carnatic Music – Lyrics or Musical Experience_files\admentorserve.htm --> ipnatlanta.net /vidyarthi/Lighter_Vein/Carnatic Music – Lyrics or Musical Experience_files admentorserve.htm
2008.03.29 18:00 B c:\vidyarthi\Lighter_Vein\Carnatic Music – Lyrics or Musical Experience_files\admentorserve(4).htm --> ipnatlanta.net /vidyarthi/Lighter_Vein/Carnatic Music – Lyrics or Musical Experience_files admentorserve(4).htm
2008.03.29 18:00 B c:\vidyarthi\Lighter_Vein\Carnatic Music – Lyrics or Musical Experience_files\admentorserve(3).htm --> ipnatlanta.net /vidyarthi/Lighter_Vein/Carnatic Music – Lyrics or Musical Experience_files admentorserve(3).htm
2008.03.29 18:00 B c:\vidyarthi\Lighter_Vein\Carnatic Music – Lyrics or Musical Experience_files\admentorserve(2).htm --> ipnatlanta.net /vidyarthi/Lighter_Vein/Carnatic Music – Lyrics or Musical Experience_files admentorserve(2).htm
2008.03.29 18:00 B c:\vidyarthi\Lighter_Vein\Carnatic Music – Lyrics or Musical Experience_files\admentorserve(1).htm --> ipnatlanta.net /vidyarthi/Lighter_Vein/Carnatic Music – Lyrics or Musical Experience_files admentorserve(1).htm
2008.03.29 18:01 B c:\vidyarthi\Lighter_Vein\Carnatic Music – Lyrics or Musical Experience_files\Chennaionline_simplymarry_regional_Tamil-Community_banner_135x135.jpg --> ipnatlanta.net /vidyarthi/Lighter_Vein/Carnatic Music – Lyrics or Musical Experience_files Chennaionline_simplymarry_regional_Tamil-Community_banner_135x135.jpg
2008.03.29 18:01 B c:\vidyarthi\Lighter_Vein\Carnatic Music – Lyrics or Musical Experience_files\show_ads.js --> ipnatlanta.net /vidyarthi/Lighter_Vein/Carnatic Music – Lyrics or Musical Experience_files show_ads.js
2008.03.29 18:01 B c:\vidyarthi\Lighter_Vein\Carnatic Music – Lyrics or Musical Experience_files\KonaLibInline.js --> ipnatlanta.net /vidyarthi/Lighter_Vein/Carnatic Music – Lyrics or Musical Experience_files KonaLibInline.js
2008.03.29 18:01 B c:\vidyarthi\Lighter_Vein\Carnatic Music – Lyrics or Musical Experience_files\chennai_rel_phone_110x120_feb27.jpg --> ipnatlanta.net /vidyarthi/Lighter_Vein/Carnatic Music – Lyrics or Musical Experience_files chennai_rel_phone_110x120_feb27.jpg
2008.03.29 18:01 B c:\vidyarthi\Lighter_Vein\Carnatic Music – Lyrics or Musical Experience_files\viewcomment.gif --> ipnatlanta.net /vidyarthi/Lighter_Vein/Carnatic Music – Lyrics or Musical Experience_files viewcomment.gif
2008.03.29 18:01 B c:\vidyarthi\Lighter_Vein\Carnatic Music – Lyrics or Musical Experience_files\postcomment.gif --> ipnatlanta.net /vidyarthi/Lighter_Vein/Carnatic Music – Lyrics or Musical Experience_files postcomment.gif
2008.03.29 18:01 B c:\vidyarthi\Lighter_Vein\Carnatic Music – Lyrics or Musical Experience_files\yahoo_search_logo.gif --> ipnatlanta.net /vidyarthi/Lighter_Vein/Carnatic Music – Lyrics or Musical Experience_files yahoo_search_logo.gif
2008.03.29 18:01 B c:\vidyarthi\Lighter_Vein\Carnatic Music – Lyrics or Musical Experience_files\emty15.gif --> ipnatlanta.net /vidyarthi/Lighter_Vein/Carnatic Music – Lyrics or Musical Experience_files emty15.gif
2008.03.29 18:01 B c:\vidyarthi\Lighter_Vein\Carnatic Music – Lyrics or Musical Experience_files\emty15(1).gif --> ipnatlanta.net /vidyarthi/Lighter_Vein/Carnatic Music – Lyrics or Musical Experience_files emty15(1).gif
2008.03.29 18:01 B c:\vidyarthi\Lighter_Vein\Carnatic Music – Lyrics or Musical Experience_files\col-logo.gif --> ipnatlanta.net /vidyarthi/Lighter_Vein/Carnatic Music – Lyrics or Musical Experience_files col-logo.gif
2008.03.29 18:01 B c:\vidyarthi\Lighter_Vein\Carnatic Music – Lyrics or Musical Experience_files\btn1.gif --> ipnatlanta.net /vidyarthi/Lighter_Vein/Carnatic Music – Lyrics or Musical Experience_files btn1.gif
2008.03.29 18:01 B c:\vidyarthi\Lighter_Vein\Carnatic Music – Lyrics or Musical Experience_files\btn1(1).gif --> ipnatlanta.net /vidyarthi/Lighter_Vein/Carnatic Music – Lyrics or Musical Experience_files btn1(1).gif
2008.03.29 18:01 B c:\vidyarthi\Lighter_Vein\Carnatic Music – Lyrics or Musical Experience_files\bltfeature.gif --> ipnatlanta.net /vidyarthi/Lighter_Vein/Carnatic Music – Lyrics or Musical Experience_files bltfeature.gif
2008.03.29 18:01 B c:\vidyarthi\Lighter_Vein\Carnatic Music – Lyrics or Musical Experience_files\700x90.gif --> ipnatlanta.net /vidyarthi/Lighter_Vein/Carnatic Music – Lyrics or Musical Experience_files 700x90.gif
2008.03.29 18:01 B c:\vidyarthi\Lighter_Vein\Carnatic Music – Lyrics or Musical Experience_files\120x200.gif --> ipnatlanta.net /vidyarthi/Lighter_Vein/Carnatic Music – Lyrics or Musical Experience_files 120x200.gif
2008.03.29 18:10 A c:\vidyarthi\Lighter_Vein\Carnatic Music_Lyrics or Musical Experience_files\WS_FTP.LOG --> ipnatlanta.net /vidyarthi/Lighter_Vein/Carnatic Music_Lyrics or Musical Experience_files WS_FTP.LOG
2008.03.29 18:10 A c:\vidyarthi\Lighter_Vein\Carnatic Music_Lyrics or Musical Experience_files\style.css --> ipnatlanta.net /vidyarthi/Lighter_Vein/Carnatic Music_Lyrics or Musical Experience_files style.css
2008.03.29 18:10 A c:\vidyarthi\Lighter_Vein\Carnatic Music_Lyrics or Musical Experience_files\style(2).css --> ipnatlanta.net /vidyarthi/Lighter_Vein/Carnatic Music_Lyrics or Musical Experience_files style(2).css
2008.03.29 18:10 A c:\vidyarthi\Lighter_Vein\Carnatic Music_Lyrics or Musical Experience_files\style(1).css --> ipnatlanta.net /vidyarthi/Lighter_Vein/Carnatic Music_Lyrics or Musical Experience_files style(1).css
2008.03.29 18:10 A c:\vidyarthi\Lighter_Vein\Carnatic Music_Lyrics or Musical Experience_files\chennaionline.css --> ipnatlanta.net /vidyarthi/Lighter_Vein/Carnatic Music_Lyrics or Musical Experience_files chennaionline.css
2008.03.29 18:10 A c:\vidyarthi\Lighter_Vein\Carnatic Music_Lyrics or Musical Experience_files\admentorserve(5).htm --> ipnatlanta.net /vidyarthi/Lighter_Vein/Carnatic Music_Lyrics or Musical Experience_files admentorserve(5).htm
2008.03.29 18:10 A c:\vidyarthi\Lighter_Vein\Carnatic Music_Lyrics or Musical Experience_files\admentorserve.htm --> ipnatlanta.net /vidyarthi/Lighter_Vein/Carnatic Music_Lyrics or Musical Experience_files admentorserve.htm
2008.03.29 18:10 A c:\vidyarthi\Lighter_Vein\Carnatic Music_Lyrics or Musical Experience_files\admentorserve(4).htm --> ipnatlanta.net /vidyarthi/Lighter_Vein/Carnatic Music_Lyrics or Musical Experience_files admentorserve(4).htm
2008.03.29 18:10 A c:\vidyarthi\Lighter_Vein\Carnatic Music_Lyrics or Musical Experience_files\admentorserve(3).htm --> ipnatlanta.net /vidyarthi/Lighter_Vein/Carnatic Music_Lyrics or Musical Experience_files admentorserve(3).htm
2008.03.29 18:10 A c:\vidyarthi\Lighter_Vein\Carnatic Music_Lyrics or Musical Experience_files\admentorserve(2).htm --> ipnatlanta.net /vidyarthi/Lighter_Vein/Carnatic Music_Lyrics or Musical Experience_files admentorserve(2).htm
2008.03.29 18:10 A c:\vidyarthi\Lighter_Vein\Carnatic Music_Lyrics or Musical Experience_files\admentorserve(1).htm --> ipnatlanta.net /vidyarthi/Lighter_Vein/Carnatic Music_Lyrics or Musical Experience_files admentorserve(1).htm
2008.03.29 18:10 A c:\vidyarthi\Lighter_Vein\Carnatic Music_Lyrics or Musical Experience_files\Chennaionline_simplymarry_regional_Tamil-Community_banner_135x135.jpg --> ipnatlanta.net /vidyarthi/Lighter_Vein/Carnatic Music_Lyrics or Musical Experience_files Chennaionline_simplymarry_regional_Tamil-Community_banner_135x135.jpg
2008.03.29 18:10 A c:\vidyarthi\Lighter_Vein\Carnatic Music_Lyrics or Musical Experience_files\show_ads.js --> ipnatlanta.net /vidyarthi/Lighter_Vein/Carnatic Music_Lyrics or Musical Experience_files show_ads.js
2008.03.29 18:10 A c:\vidyarthi\Lighter_Vein\Carnatic Music_Lyrics or Musical Experience_files\KonaLibInline.js --> ipnatlanta.net /vidyarthi/Lighter_Vein/Carnatic Music_Lyrics or Musical Experience_files KonaLibInline.js
2008.03.29 18:10 A c:\vidyarthi\Lighter_Vein\Carnatic Music_Lyrics or Musical Experience_files\chennai_rel_phone_110x120_feb27.jpg --> ipnatlanta.net /vidyarthi/Lighter_Vein/Carnatic Music_Lyrics or Musical Experience_files chennai_rel_phone_110x120_feb27.jpg
2008.03.29 18:10 A c:\vidyarthi\Lighter_Vein\Carnatic Music_Lyrics or Musical Experience_files\viewcomment.gif --> ipnatlanta.net /vidyarthi/Lighter_Vein/Carnatic Music_Lyrics or Musical Experience_files viewcomment.gif
2008.03.29 18:10 A c:\vidyarthi\Lighter_Vein\Carnatic Music_Lyrics or Musical Experience_files\postcomment.gif --> ipnatlanta.net /vidyarthi/Lighter_Vein/Carnatic Music_Lyrics or Musical Experience_files postcomment.gif
2008.03.29 18:10 A c:\vidyarthi\Lighter_Vein\Carnatic Music_Lyrics or Musical Experience_files\yahoo_search_logo.gif --> ipnatlanta.net /vidyarthi/Lighter_Vein/Carnatic Music_Lyrics or Musical Experience_files yahoo_search_logo.gif
2008.03.29 18:10 A c:\vidyarthi\Lighter_Vein\Carnatic Music_Lyrics or Musical Experience_files\emty15.gif --> ipnatlanta.net /vidyarthi/Lighter_Vein/Carnatic Music_Lyrics or Musical Experience_files emty15.gif
2008.03.29 18:10 A c:\vidyarthi\Lighter_Vein\Carnatic Music_Lyrics or Musical Experience_files\emty15(1).gif --> ipnatlanta.net /vidyarthi/Lighter_Vein/Carnatic Music_Lyrics or Musical Experience_files emty15(1).gif
2008.03.29 18:10 A c:\vidyarthi\Lighter_Vein\Carnatic Music_Lyrics or Musical Experience_files\col-logo.gif --> ipnatlanta.net /vidyarthi/Lighter_Vein/Carnatic Music_Lyrics or Musical Experience_files col-logo.gif
2008.03.29 18:10 A c:\vidyarthi\Lighter_Vein\Carnatic Music_Lyrics or Musical Experience_files\btn1.gif --> ipnatlanta.net /vidyarthi/Lighter_Vein/Carnatic Music_Lyrics or Musical Experience_files btn1.gif
2008.03.29 18:10 A c:\vidyarthi\Lighter_Vein\Carnatic Music_Lyrics or Musical Experience_files\btn1(1).gif --> ipnatlanta.net /vidyarthi/Lighter_Vein/Carnatic Music_Lyrics or Musical Experience_files btn1(1).gif
2008.03.29 18:10 A c:\vidyarthi\Lighter_Vein\Carnatic Music_Lyrics or Musical Experience_files\bltfeature.gif --> ipnatlanta.net /vidyarthi/Lighter_Vein/Carnatic Music_Lyrics or Musical Experience_files bltfeature.gif
2008.03.29 18:10 A c:\vidyarthi\Lighter_Vein\Carnatic Music_Lyrics or Musical Experience_files\700x90.gif --> ipnatlanta.net /vidyarthi/Lighter_Vein/Carnatic Music_Lyrics or Musical Experience_files 700x90.gif
2008.03.29 18:10 A c:\vidyarthi\Lighter_Vein\Carnatic Music_Lyrics or Musical Experience_files\120x200.gif --> ipnatlanta.net /vidyarthi/Lighter_Vein/Carnatic Music_Lyrics or Musical Experience_files 120x200.gif
