2007.06.06 10:10 B c:\vidyarthi\Lighter_Vein\Fantasy_Thou_Art_Human_files\05article22.htm --> ipnatlanta.net /vidyarthi/Lighter_Vein/Fantasy_Thou_Art_Human_files 05article22.htm
2007.06.06 10:10 B c:\vidyarthi\Lighter_Vein\Fantasy_Thou_Art_Human_files\mmtpermanentstrip.htm --> ipnatlanta.net /vidyarthi/Lighter_Vein/Fantasy_Thou_Art_Human_files mmtpermanentstrip.htm
2007.08.16 10:18 B c:\vidyarthi\Lighter_Vein\Fantasy_Thou_Art_Human_files\05article22.htm --> ipnatlanta.net /vidyarthi/Lighter_Vein/Fantasy_Thou_Art_Human_files 05article22.htm
2007.08.16 10:18 B c:\vidyarthi\Lighter_Vein\Fantasy_Thou_Art_Human_files\234x60_icon_new.gif --> ipnatlanta.net /vidyarthi/Lighter_Vein/Fantasy_Thou_Art_Human_files 234x60_icon_new.gif
2007.08.16 10:18 B c:\vidyarthi\Lighter_Vein\Fantasy_Thou_Art_Human_files\468x60key.gif --> ipnatlanta.net /vidyarthi/Lighter_Vein/Fantasy_Thou_Art_Human_files 468x60key.gif
2007.08.16 10:18 B c:\vidyarthi\Lighter_Vein\Fantasy_Thou_Art_Human_files\560x20.gif --> ipnatlanta.net /vidyarthi/Lighter_Vein/Fantasy_Thou_Art_Human_files 560x20.gif
2007.08.16 10:18 B c:\vidyarthi\Lighter_Vein\Fantasy_Thou_Art_Human_files\6mstrip1.gif --> ipnatlanta.net /vidyarthi/Lighter_Vein/Fantasy_Thou_Art_Human_files 6mstrip1.gif
2007.08.16 10:18 B c:\vidyarthi\Lighter_Vein\Fantasy_Thou_Art_Human_files\6mstrip2.gif --> ipnatlanta.net /vidyarthi/Lighter_Vein/Fantasy_Thou_Art_Human_files 6mstrip2.gif
2007.08.16 10:18 B c:\vidyarthi\Lighter_Vein\Fantasy_Thou_Art_Human_files\6mstrip3.gif --> ipnatlanta.net /vidyarthi/Lighter_Vein/Fantasy_Thou_Art_Human_files 6mstrip3.gif
2007.08.16 10:18 B c:\vidyarthi\Lighter_Vein\Fantasy_Thou_Art_Human_files\admentornet(1).htm --> ipnatlanta.net /vidyarthi/Lighter_Vein/Fantasy_Thou_Art_Human_files admentornet(1).htm
2007.08.16 10:18 B c:\vidyarthi\Lighter_Vein\Fantasy_Thou_Art_Human_files\admentornet(2).htm --> ipnatlanta.net /vidyarthi/Lighter_Vein/Fantasy_Thou_Art_Human_files admentornet(2).htm
2007.08.16 10:18 B c:\vidyarthi\Lighter_Vein\Fantasy_Thou_Art_Human_files\admentornet(3).htm --> ipnatlanta.net /vidyarthi/Lighter_Vein/Fantasy_Thou_Art_Human_files admentornet(3).htm
2007.08.16 10:18 B c:\vidyarthi\Lighter_Vein\Fantasy_Thou_Art_Human_files\admentornet.htm --> ipnatlanta.net /vidyarthi/Lighter_Vein/Fantasy_Thou_Art_Human_files admentornet.htm
2007.08.16 10:18 B c:\vidyarthi\Lighter_Vein\Fantasy_Thou_Art_Human_files\admentorserve(1).htm --> ipnatlanta.net /vidyarthi/Lighter_Vein/Fantasy_Thou_Art_Human_files admentorserve(1).htm
2007.08.16 10:18 B c:\vidyarthi\Lighter_Vein\Fantasy_Thou_Art_Human_files\admentorserve(10).htm --> ipnatlanta.net /vidyarthi/Lighter_Vein/Fantasy_Thou_Art_Human_files admentorserve(10).htm
2007.08.16 10:18 B c:\vidyarthi\Lighter_Vein\Fantasy_Thou_Art_Human_files\admentorserve(11).htm --> ipnatlanta.net /vidyarthi/Lighter_Vein/Fantasy_Thou_Art_Human_files admentorserve(11).htm
2007.08.16 10:18 B c:\vidyarthi\Lighter_Vein\Fantasy_Thou_Art_Human_files\admentorserve(12).htm --> ipnatlanta.net /vidyarthi/Lighter_Vein/Fantasy_Thou_Art_Human_files admentorserve(12).htm
2007.08.16 10:18 B c:\vidyarthi\Lighter_Vein\Fantasy_Thou_Art_Human_files\admentorserve(2).htm --> ipnatlanta.net /vidyarthi/Lighter_Vein/Fantasy_Thou_Art_Human_files admentorserve(2).htm
2007.08.16 10:18 B c:\vidyarthi\Lighter_Vein\Fantasy_Thou_Art_Human_files\admentorserve(3).htm --> ipnatlanta.net /vidyarthi/Lighter_Vein/Fantasy_Thou_Art_Human_files admentorserve(3).htm
2007.08.16 10:18 B c:\vidyarthi\Lighter_Vein\Fantasy_Thou_Art_Human_files\admentorserve(4).htm --> ipnatlanta.net /vidyarthi/Lighter_Vein/Fantasy_Thou_Art_Human_files admentorserve(4).htm
2007.08.16 10:18 B c:\vidyarthi\Lighter_Vein\Fantasy_Thou_Art_Human_files\admentorserve(5).htm --> ipnatlanta.net /vidyarthi/Lighter_Vein/Fantasy_Thou_Art_Human_files admentorserve(5).htm
2007.08.16 10:18 B c:\vidyarthi\Lighter_Vein\Fantasy_Thou_Art_Human_files\admentorserve(6).htm --> ipnatlanta.net /vidyarthi/Lighter_Vein/Fantasy_Thou_Art_Human_files admentorserve(6).htm
2007.08.16 10:18 B c:\vidyarthi\Lighter_Vein\Fantasy_Thou_Art_Human_files\admentorserve(7).htm --> ipnatlanta.net /vidyarthi/Lighter_Vein/Fantasy_Thou_Art_Human_files admentorserve(7).htm
2007.08.16 10:18 B c:\vidyarthi\Lighter_Vein\Fantasy_Thou_Art_Human_files\admentorserve(8).htm --> ipnatlanta.net /vidyarthi/Lighter_Vein/Fantasy_Thou_Art_Human_files admentorserve(8).htm
2007.08.16 10:18 B c:\vidyarthi\Lighter_Vein\Fantasy_Thou_Art_Human_files\admentorserve(9).htm --> ipnatlanta.net /vidyarthi/Lighter_Vein/Fantasy_Thou_Art_Human_files admentorserve(9).htm
2007.08.16 10:18 B c:\vidyarthi\Lighter_Vein\Fantasy_Thou_Art_Human_files\admentorserve.htm --> ipnatlanta.net /vidyarthi/Lighter_Vein/Fantasy_Thou_Art_Human_files admentorserve.htm
2007.08.16 10:18 B c:\vidyarthi\Lighter_Vein\Fantasy_Thou_Art_Human_files\aerrow.gif --> ipnatlanta.net /vidyarthi/Lighter_Vein/Fantasy_Thou_Art_Human_files aerrow.gif
2007.08.16 10:18 B c:\vidyarthi\Lighter_Vein\Fantasy_Thou_Art_Human_files\airlines.gif --> ipnatlanta.net /vidyarthi/Lighter_Vein/Fantasy_Thou_Art_Human_files airlines.gif
2007.08.16 10:18 B c:\vidyarthi\Lighter_Vein\Fantasy_Thou_Art_Human_files\bltnews.gif --> ipnatlanta.net /vidyarthi/Lighter_Vein/Fantasy_Thou_Art_Human_files bltnews.gif
2007.08.16 10:18 B c:\vidyarthi\Lighter_Vein\Fantasy_Thou_Art_Human_files\cologo.gif --> ipnatlanta.net /vidyarthi/Lighter_Vein/Fantasy_Thou_Art_Human_files cologo.gif
2007.08.16 10:18 B c:\vidyarthi\Lighter_Vein\Fantasy_Thou_Art_Human_files\COLshopping01.jpg --> ipnatlanta.net /vidyarthi/Lighter_Vein/Fantasy_Thou_Art_Human_files COLshopping01.jpg
2007.08.16 10:18 B c:\vidyarthi\Lighter_Vein\Fantasy_Thou_Art_Human_files\datebg.gif --> ipnatlanta.net /vidyarthi/Lighter_Vein/Fantasy_Thou_Art_Human_files datebg.gif
2007.08.16 10:18 B c:\vidyarthi\Lighter_Vein\Fantasy_Thou_Art_Human_files\greenbg.gif --> ipnatlanta.net /vidyarthi/Lighter_Vein/Fantasy_Thou_Art_Human_files greenbg.gif
2007.08.16 10:18 B c:\vidyarthi\Lighter_Vein\Fantasy_Thou_Art_Human_files\greenleft.gif --> ipnatlanta.net /vidyarthi/Lighter_Vein/Fantasy_Thou_Art_Human_files greenleft.gif
2007.08.16 10:18 B c:\vidyarthi\Lighter_Vein\Fantasy_Thou_Art_Human_files\greenright.gif --> ipnatlanta.net /vidyarthi/Lighter_Vein/Fantasy_Thou_Art_Human_files greenright.gif
2007.08.16 10:18 B c:\vidyarthi\Lighter_Vein\Fantasy_Thou_Art_Human_files\hd-panorama.gif --> ipnatlanta.net /vidyarthi/Lighter_Vein/Fantasy_Thou_Art_Human_files hd-panorama.gif
2007.08.16 10:18 B c:\vidyarthi\Lighter_Vein\Fantasy_Thou_Art_Human_files\hstyle.css --> ipnatlanta.net /vidyarthi/Lighter_Vein/Fantasy_Thou_Art_Human_files hstyle.css
2007.08.16 10:18 B c:\vidyarthi\Lighter_Vein\Fantasy_Thou_Art_Human_files\KonaLibInline.js --> ipnatlanta.net /vidyarthi/Lighter_Vein/Fantasy_Thou_Art_Human_files KonaLibInline.js
2007.08.16 10:18 B c:\vidyarthi\Lighter_Vein\Fantasy_Thou_Art_Human_files\mmtpermanentstrip.htm --> ipnatlanta.net /vidyarthi/Lighter_Vein/Fantasy_Thou_Art_Human_files mmtpermanentstrip.htm
2007.08.16 10:18 B c:\vidyarthi\Lighter_Vein\Fantasy_Thou_Art_Human_files\panoramalogo.gif --> ipnatlanta.net /vidyarthi/Lighter_Vein/Fantasy_Thou_Art_Human_files panoramalogo.gif
2007.08.16 10:18 B c:\vidyarthi\Lighter_Vein\Fantasy_Thou_Art_Human_files\postcomment.gif --> ipnatlanta.net /vidyarthi/Lighter_Vein/Fantasy_Thou_Art_Human_files postcomment.gif
2007.08.16 10:18 B c:\vidyarthi\Lighter_Vein\Fantasy_Thou_Art_Human_files\raghurams02.gif --> ipnatlanta.net /vidyarthi/Lighter_Vein/Fantasy_Thou_Art_Human_files raghurams02.gif
2007.08.16 10:18 B c:\vidyarthi\Lighter_Vein\Fantasy_Thou_Art_Human_files\shoppinghead.gif --> ipnatlanta.net /vidyarthi/Lighter_Vein/Fantasy_Thou_Art_Human_files shoppinghead.gif
2007.08.16 10:18 B c:\vidyarthi\Lighter_Vein\Fantasy_Thou_Art_Human_files\show_ads.js --> ipnatlanta.net /vidyarthi/Lighter_Vein/Fantasy_Thou_Art_Human_files show_ads.js
2007.08.16 10:18 B c:\vidyarthi\Lighter_Vein\Fantasy_Thou_Art_Human_files\string01-90.jpg --> ipnatlanta.net /vidyarthi/Lighter_Vein/Fantasy_Thou_Art_Human_files string01-90.jpg
2007.08.16 10:18 B c:\vidyarthi\Lighter_Vein\Fantasy_Thou_Art_Human_files\style(1).css --> ipnatlanta.net /vidyarthi/Lighter_Vein/Fantasy_Thou_Art_Human_files style(1).css
2007.08.16 10:18 B c:\vidyarthi\Lighter_Vein\Fantasy_Thou_Art_Human_files\style(2).css --> ipnatlanta.net /vidyarthi/Lighter_Vein/Fantasy_Thou_Art_Human_files style(2).css
2007.08.16 10:18 B c:\vidyarthi\Lighter_Vein\Fantasy_Thou_Art_Human_files\style.css --> ipnatlanta.net /vidyarthi/Lighter_Vein/Fantasy_Thou_Art_Human_files style.css
2007.08.16 10:18 B c:\vidyarthi\Lighter_Vein\Fantasy_Thou_Art_Human_files\tamilvu110.gif --> ipnatlanta.net /vidyarthi/Lighter_Vein/Fantasy_Thou_Art_Human_files tamilvu110.gif
2007.08.16 10:18 B c:\vidyarthi\Lighter_Vein\Fantasy_Thou_Art_Human_files\urchin.js --> ipnatlanta.net /vidyarthi/Lighter_Vein/Fantasy_Thou_Art_Human_files urchin.js
2007.08.16 10:18 B c:\vidyarthi\Lighter_Vein\Fantasy_Thou_Art_Human_files\video-icon.gif --> ipnatlanta.net /vidyarthi/Lighter_Vein/Fantasy_Thou_Art_Human_files video-icon.gif
2007.08.16 10:18 B c:\vidyarthi\Lighter_Vein\Fantasy_Thou_Art_Human_files\viewcomment.gif --> ipnatlanta.net /vidyarthi/Lighter_Vein/Fantasy_Thou_Art_Human_files viewcomment.gif
2008.03.31 17:35 B c:\vidyarthi\Lighter_Vein\Fantasy_Thou_Art_Human_files\WS_FTP.LOG <-- camaga /vidyarthi/Lighter_Vein/Fantasy_Thou_Art_Human_files WS_FTP.LOG
2008.03.31 17:35 B c:\vidyarthi\Lighter_Vein\Fantasy_Thou_Art_Human_files\viewcomment.gif <-- camaga /vidyarthi/Lighter_Vein/Fantasy_Thou_Art_Human_files viewcomment.gif
2008.03.31 17:35 B c:\vidyarthi\Lighter_Vein\Fantasy_Thou_Art_Human_files\video-icon.gif <-- camaga /vidyarthi/Lighter_Vein/Fantasy_Thou_Art_Human_files video-icon.gif
2008.03.31 17:35 B c:\vidyarthi\Lighter_Vein\Fantasy_Thou_Art_Human_files\urchin.js <-- camaga /vidyarthi/Lighter_Vein/Fantasy_Thou_Art_Human_files urchin.js
2008.03.31 17:35 B c:\vidyarthi\Lighter_Vein\Fantasy_Thou_Art_Human_files\tamilvu110.gif <-- camaga /vidyarthi/Lighter_Vein/Fantasy_Thou_Art_Human_files tamilvu110.gif
2008.03.31 17:35 B c:\vidyarthi\Lighter_Vein\Fantasy_Thou_Art_Human_files\style.css <-- camaga /vidyarthi/Lighter_Vein/Fantasy_Thou_Art_Human_files style.css
2008.03.31 17:35 B c:\vidyarthi\Lighter_Vein\Fantasy_Thou_Art_Human_files\style(2).css <-- camaga /vidyarthi/Lighter_Vein/Fantasy_Thou_Art_Human_files style(2).css
2008.03.31 17:35 B c:\vidyarthi\Lighter_Vein\Fantasy_Thou_Art_Human_files\style(1).css <-- camaga /vidyarthi/Lighter_Vein/Fantasy_Thou_Art_Human_files style(1).css
2008.03.31 17:35 B c:\vidyarthi\Lighter_Vein\Fantasy_Thou_Art_Human_files\string01-90.jpg <-- camaga /vidyarthi/Lighter_Vein/Fantasy_Thou_Art_Human_files string01-90.jpg
2008.03.31 17:35 B c:\vidyarthi\Lighter_Vein\Fantasy_Thou_Art_Human_files\show_ads.js <-- camaga /vidyarthi/Lighter_Vein/Fantasy_Thou_Art_Human_files show_ads.js
2008.03.31 17:35 B c:\vidyarthi\Lighter_Vein\Fantasy_Thou_Art_Human_files\shoppinghead.gif <-- camaga /vidyarthi/Lighter_Vein/Fantasy_Thou_Art_Human_files shoppinghead.gif
2008.03.31 17:35 B c:\vidyarthi\Lighter_Vein\Fantasy_Thou_Art_Human_files\raghurams02.gif <-- camaga /vidyarthi/Lighter_Vein/Fantasy_Thou_Art_Human_files raghurams02.gif
2008.03.31 17:35 B c:\vidyarthi\Lighter_Vein\Fantasy_Thou_Art_Human_files\postcomment.gif <-- camaga /vidyarthi/Lighter_Vein/Fantasy_Thou_Art_Human_files postcomment.gif
2008.03.31 17:35 B c:\vidyarthi\Lighter_Vein\Fantasy_Thou_Art_Human_files\panoramalogo.gif <-- camaga /vidyarthi/Lighter_Vein/Fantasy_Thou_Art_Human_files panoramalogo.gif
2008.03.31 17:35 B c:\vidyarthi\Lighter_Vein\Fantasy_Thou_Art_Human_files\mmtpermanentstrip.htm <-- camaga /vidyarthi/Lighter_Vein/Fantasy_Thou_Art_Human_files mmtpermanentstrip.htm
2008.03.31 17:35 B c:\vidyarthi\Lighter_Vein\Fantasy_Thou_Art_Human_files\KonaLibInline.js <-- camaga /vidyarthi/Lighter_Vein/Fantasy_Thou_Art_Human_files KonaLibInline.js
2008.03.31 17:35 B c:\vidyarthi\Lighter_Vein\Fantasy_Thou_Art_Human_files\hstyle.css <-- camaga /vidyarthi/Lighter_Vein/Fantasy_Thou_Art_Human_files hstyle.css
2008.03.31 17:35 B c:\vidyarthi\Lighter_Vein\Fantasy_Thou_Art_Human_files\hd-panorama.gif <-- camaga /vidyarthi/Lighter_Vein/Fantasy_Thou_Art_Human_files hd-panorama.gif
2008.03.31 17:35 B c:\vidyarthi\Lighter_Vein\Fantasy_Thou_Art_Human_files\greenright.gif <-- camaga /vidyarthi/Lighter_Vein/Fantasy_Thou_Art_Human_files greenright.gif
2008.03.31 17:35 B c:\vidyarthi\Lighter_Vein\Fantasy_Thou_Art_Human_files\greenleft.gif <-- camaga /vidyarthi/Lighter_Vein/Fantasy_Thou_Art_Human_files greenleft.gif
2008.03.31 17:35 B c:\vidyarthi\Lighter_Vein\Fantasy_Thou_Art_Human_files\greenbg.gif <-- camaga /vidyarthi/Lighter_Vein/Fantasy_Thou_Art_Human_files greenbg.gif
2008.03.31 17:35 B c:\vidyarthi\Lighter_Vein\Fantasy_Thou_Art_Human_files\datebg.gif <-- camaga /vidyarthi/Lighter_Vein/Fantasy_Thou_Art_Human_files datebg.gif
2008.03.31 17:35 B c:\vidyarthi\Lighter_Vein\Fantasy_Thou_Art_Human_files\COLshopping01.jpg <-- camaga /vidyarthi/Lighter_Vein/Fantasy_Thou_Art_Human_files COLshopping01.jpg
2008.03.31 17:35 B c:\vidyarthi\Lighter_Vein\Fantasy_Thou_Art_Human_files\cologo.gif <-- camaga /vidyarthi/Lighter_Vein/Fantasy_Thou_Art_Human_files cologo.gif
2008.03.31 17:35 B c:\vidyarthi\Lighter_Vein\Fantasy_Thou_Art_Human_files\bltnews.gif <-- camaga /vidyarthi/Lighter_Vein/Fantasy_Thou_Art_Human_files bltnews.gif
2008.03.31 17:35 B c:\vidyarthi\Lighter_Vein\Fantasy_Thou_Art_Human_files\airlines.gif <-- camaga /vidyarthi/Lighter_Vein/Fantasy_Thou_Art_Human_files airlines.gif
2008.03.31 17:35 B c:\vidyarthi\Lighter_Vein\Fantasy_Thou_Art_Human_files\aerrow.gif <-- camaga /vidyarthi/Lighter_Vein/Fantasy_Thou_Art_Human_files aerrow.gif
2008.03.31 17:35 B c:\vidyarthi\Lighter_Vein\Fantasy_Thou_Art_Human_files\admentornet.htm <-- camaga /vidyarthi/Lighter_Vein/Fantasy_Thou_Art_Human_files admentornet.htm
2008.03.31 17:35 B c:\vidyarthi\Lighter_Vein\Fantasy_Thou_Art_Human_files\admentornet(3).htm <-- camaga /vidyarthi/Lighter_Vein/Fantasy_Thou_Art_Human_files admentornet(3).htm
2008.03.31 17:35 B c:\vidyarthi\Lighter_Vein\Fantasy_Thou_Art_Human_files\admentornet(2).htm <-- camaga /vidyarthi/Lighter_Vein/Fantasy_Thou_Art_Human_files admentornet(2).htm
2008.03.31 17:35 B c:\vidyarthi\Lighter_Vein\Fantasy_Thou_Art_Human_files\admentornet(1).htm <-- camaga /vidyarthi/Lighter_Vein/Fantasy_Thou_Art_Human_files admentornet(1).htm
2008.03.31 17:35 B c:\vidyarthi\Lighter_Vein\Fantasy_Thou_Art_Human_files\6mstrip3.gif <-- camaga /vidyarthi/Lighter_Vein/Fantasy_Thou_Art_Human_files 6mstrip3.gif
2008.03.31 17:35 B c:\vidyarthi\Lighter_Vein\Fantasy_Thou_Art_Human_files\6mstrip2.gif <-- camaga /vidyarthi/Lighter_Vein/Fantasy_Thou_Art_Human_files 6mstrip2.gif
2008.03.31 17:35 B c:\vidyarthi\Lighter_Vein\Fantasy_Thou_Art_Human_files\6mstrip1.gif <-- camaga /vidyarthi/Lighter_Vein/Fantasy_Thou_Art_Human_files 6mstrip1.gif
2008.03.31 17:35 B c:\vidyarthi\Lighter_Vein\Fantasy_Thou_Art_Human_files\560x20.gif <-- camaga /vidyarthi/Lighter_Vein/Fantasy_Thou_Art_Human_files 560x20.gif
2008.03.31 17:35 B c:\vidyarthi\Lighter_Vein\Fantasy_Thou_Art_Human_files\468x60key.gif <-- camaga /vidyarthi/Lighter_Vein/Fantasy_Thou_Art_Human_files 468x60key.gif
2008.03.31 17:35 B c:\vidyarthi\Lighter_Vein\Fantasy_Thou_Art_Human_files\234x60_icon_new.gif <-- camaga /vidyarthi/Lighter_Vein/Fantasy_Thou_Art_Human_files 234x60_icon_new.gif
2008.03.31 17:35 B c:\vidyarthi\Lighter_Vein\Fantasy_Thou_Art_Human_files\05article22.htm <-- camaga /vidyarthi/Lighter_Vein/Fantasy_Thou_Art_Human_files 05article22.htm
