2006.06.15 17:14 B c:\vidyarthi\Lighter_Vein\Explaining Cricket to Americans_files\06americans_files\10376969-5.gif --> ipnatlanta.net /camaga/vidyarthi/Lighter_Vein/Explaining Cricket to Americans_files/06americans_files 10376969-5.gif
2006.06.15 17:14 B c:\vidyarthi\Lighter_Vein\Explaining Cricket to Americans_files\06americans_files\110_600.gif --> ipnatlanta.net /camaga/vidyarthi/Lighter_Vein/Explaining Cricket to Americans_files/06americans_files 110_600.gif
2006.06.15 17:14 B c:\vidyarthi\Lighter_Vein\Explaining Cricket to Americans_files\06americans_files\110x120.gif --> ipnatlanta.net /camaga/vidyarthi/Lighter_Vein/Explaining Cricket to Americans_files/06americans_files 110x120.gif
2006.06.15 17:14 B c:\vidyarthi\Lighter_Vein\Explaining Cricket to Americans_files\06americans_files\135x200.gif --> ipnatlanta.net /camaga/vidyarthi/Lighter_Vein/Explaining Cricket to Americans_files/06americans_files 135x200.gif
2006.06.15 17:14 B c:\vidyarthi\Lighter_Vein\Explaining Cricket to Americans_files\06americans_files\560x20.gif --> ipnatlanta.net /camaga/vidyarthi/Lighter_Vein/Explaining Cricket to Americans_files/06americans_files 560x20.gif
2006.06.15 17:14 B c:\vidyarthi\Lighter_Vein\Explaining Cricket to Americans_files\06americans_files\8g104o26v0zKMSLQQMTKMLOSRUTT.gif --> ipnatlanta.net /camaga/vidyarthi/Lighter_Vein/Explaining Cricket to Americans_files/06americans_files 8g104o26v0zKMSLQQMTKMLOSRUTT.gif
2006.06.15 17:14 B c:\vidyarthi\Lighter_Vein\Explaining Cricket to Americans_files\06americans_files\admentornet(1).htm --> ipnatlanta.net /camaga/vidyarthi/Lighter_Vein/Explaining Cricket to Americans_files/06americans_files admentornet(1).htm
2006.06.15 17:14 B c:\vidyarthi\Lighter_Vein\Explaining Cricket to Americans_files\06americans_files\admentornet(2).htm --> ipnatlanta.net /camaga/vidyarthi/Lighter_Vein/Explaining Cricket to Americans_files/06americans_files admentornet(2).htm
2006.06.15 17:14 B c:\vidyarthi\Lighter_Vein\Explaining Cricket to Americans_files\06americans_files\admentornet.htm --> ipnatlanta.net /camaga/vidyarthi/Lighter_Vein/Explaining Cricket to Americans_files/06americans_files admentornet.htm
2006.06.15 17:14 B c:\vidyarthi\Lighter_Vein\Explaining Cricket to Americans_files\06americans_files\admentorserve(1).htm --> ipnatlanta.net /camaga/vidyarthi/Lighter_Vein/Explaining Cricket to Americans_files/06americans_files admentorserve(1).htm
2006.06.15 17:14 B c:\vidyarthi\Lighter_Vein\Explaining Cricket to Americans_files\06americans_files\admentorserve(2).htm --> ipnatlanta.net /camaga/vidyarthi/Lighter_Vein/Explaining Cricket to Americans_files/06americans_files admentorserve(2).htm
2006.06.15 17:14 B c:\vidyarthi\Lighter_Vein\Explaining Cricket to Americans_files\06americans_files\admentorserve.htm --> ipnatlanta.net /camaga/vidyarthi/Lighter_Vein/Explaining Cricket to Americans_files/06americans_files admentorserve.htm
2006.06.15 17:14 B c:\vidyarthi\Lighter_Vein\Explaining Cricket to Americans_files\06americans_files\bltfeature.gif --> ipnatlanta.net /camaga/vidyarthi/Lighter_Vein/Explaining Cricket to Americans_files/06americans_files bltfeature.gif
2006.06.15 17:14 B c:\vidyarthi\Lighter_Vein\Explaining Cricket to Americans_files\06americans_files\CAAH4XWH.htm --> ipnatlanta.net /camaga/vidyarthi/Lighter_Vein/Explaining Cricket to Americans_files/06americans_files CAAH4XWH.htm
2006.06.15 17:15 B c:\vidyarthi\Lighter_Vein\Explaining Cricket to Americans_files\06americans_files\cologo.gif --> ipnatlanta.net /camaga/vidyarthi/Lighter_Vein/Explaining Cricket to Americans_files/06americans_files cologo.gif
2006.06.15 17:15 B c:\vidyarthi\Lighter_Vein\Explaining Cricket to Americans_files\06americans_files\datebg.gif --> ipnatlanta.net /camaga/vidyarthi/Lighter_Vein/Explaining Cricket to Americans_files/06americans_files datebg.gif
2006.06.15 17:15 B c:\vidyarthi\Lighter_Vein\Explaining Cricket to Americans_files\06americans_files\greenbg.gif --> ipnatlanta.net /camaga/vidyarthi/Lighter_Vein/Explaining Cricket to Americans_files/06americans_files greenbg.gif
2006.06.15 17:15 B c:\vidyarthi\Lighter_Vein\Explaining Cricket to Americans_files\06americans_files\greenleft.gif --> ipnatlanta.net /camaga/vidyarthi/Lighter_Vein/Explaining Cricket to Americans_files/06americans_files greenleft.gif
2006.06.15 17:15 B c:\vidyarthi\Lighter_Vein\Explaining Cricket to Americans_files\06americans_files\greenright.gif --> ipnatlanta.net /camaga/vidyarthi/Lighter_Vein/Explaining Cricket to Americans_files/06americans_files greenright.gif
2006.06.15 17:15 B c:\vidyarthi\Lighter_Vein\Explaining Cricket to Americans_files\06americans_files\i5116o26v0zKMSLQQMTKMLOTQORU.gif --> ipnatlanta.net /camaga/vidyarthi/Lighter_Vein/Explaining Cricket to Americans_files/06americans_files i5116o26v0zKMSLQQMTKMLOTQORU.gif
2006.06.15 17:15 B c:\vidyarthi\Lighter_Vein\Explaining Cricket to Americans_files\06americans_files\ind-wi.gif --> ipnatlanta.net /camaga/vidyarthi/Lighter_Vein/Explaining Cricket to Americans_files/06americans_files ind-wi.gif
2006.06.15 17:15 B c:\vidyarthi\Lighter_Vein\Explaining Cricket to Americans_files\06americans_files\india234x60.gif --> ipnatlanta.net /camaga/vidyarthi/Lighter_Vein/Explaining Cricket to Americans_files/06americans_files india234x60.gif
2006.06.15 17:15 B c:\vidyarthi\Lighter_Vein\Explaining Cricket to Americans_files\06americans_files\inmmt50x50.gif --> ipnatlanta.net /camaga/vidyarthi/Lighter_Vein/Explaining Cricket to Americans_files/06americans_files inmmt50x50.gif
2006.06.15 17:15 B c:\vidyarthi\Lighter_Vein\Explaining Cricket to Americans_files\06americans_files\kalyanam-tnmb.gif --> ipnatlanta.net /camaga/vidyarthi/Lighter_Vein/Explaining Cricket to Americans_files/06americans_files kalyanam-tnmb.gif
2006.06.15 17:15 B c:\vidyarthi\Lighter_Vein\Explaining Cricket to Americans_files\06americans_files\Logo_25wht.gif --> ipnatlanta.net /camaga/vidyarthi/Lighter_Vein/Explaining Cricket to Americans_files/06americans_files Logo_25wht.gif
2006.06.15 17:15 B c:\vidyarthi\Lighter_Vein\Explaining Cricket to Americans_files\06americans_files\messenger01.gif --> ipnatlanta.net /camaga/vidyarthi/Lighter_Vein/Explaining Cricket to Americans_files/06americans_files messenger01.gif
2006.06.15 17:15 B c:\vidyarthi\Lighter_Vein\Explaining Cricket to Americans_files\06americans_files\p0117qmqeki35B4995C3547BADD6.gif --> ipnatlanta.net /camaga/vidyarthi/Lighter_Vein/Explaining Cricket to Americans_files/06americans_files p0117qmqeki35B4995C3547BADD6.gif
2006.06.15 17:15 B c:\vidyarthi\Lighter_Vein\Explaining Cricket to Americans_files\06americans_files\panoramalogo.gif --> ipnatlanta.net /camaga/vidyarthi/Lighter_Vein/Explaining Cricket to Americans_files/06americans_files panoramalogo.gif
2006.06.15 17:15 B c:\vidyarthi\Lighter_Vein\Explaining Cricket to Americans_files\06americans_files\postcomment.gif --> ipnatlanta.net /camaga/vidyarthi/Lighter_Vein/Explaining Cricket to Americans_files/06americans_files postcomment.gif
2006.06.15 17:15 B c:\vidyarthi\Lighter_Vein\Explaining Cricket to Americans_files\06americans_files\raghurams02.gif --> ipnatlanta.net /camaga/vidyarthi/Lighter_Vein/Explaining Cricket to Americans_files/06americans_files raghurams02.gif
2006.06.15 17:15 B c:\vidyarthi\Lighter_Vein\Explaining Cricket to Americans_files\06americans_files\shopping700-1.gif --> ipnatlanta.net /camaga/vidyarthi/Lighter_Vein/Explaining Cricket to Americans_files/06americans_files shopping700-1.gif
2006.06.15 17:15 B c:\vidyarthi\Lighter_Vein\Explaining Cricket to Americans_files\06americans_files\show_ads.js --> ipnatlanta.net /camaga/vidyarthi/Lighter_Vein/Explaining Cricket to Americans_files/06americans_files show_ads.js
2006.06.15 17:15 B c:\vidyarthi\Lighter_Vein\Explaining Cricket to Americans_files\06americans_files\Tyrooads.js --> ipnatlanta.net /camaga/vidyarthi/Lighter_Vein/Explaining Cricket to Americans_files/06americans_files Tyrooads.js
2006.06.15 17:15 B c:\vidyarthi\Lighter_Vein\Explaining Cricket to Americans_files\06americans_files\urchin.js --> ipnatlanta.net /camaga/vidyarthi/Lighter_Vein/Explaining Cricket to Americans_files/06americans_files urchin.js
2006.06.15 17:15 B c:\vidyarthi\Lighter_Vein\Explaining Cricket to Americans_files\06americans_files\viewcomment.gif --> ipnatlanta.net /camaga/vidyarthi/Lighter_Vein/Explaining Cricket to Americans_files/06americans_files viewcomment.gif
2007.01.19 19:15 B c:\vidyarthi\Lighter_Vein\Explaining Cricket to Americans_files\06americans_files\10376969-5.gif --> ipnatlanta.net /camaga/vidyarthi/Lighter_Vein/Lighter_Vein/Explaining Cricket to Americans_files/06americans_files 10376969-5.gif
2007.01.19 19:15 B c:\vidyarthi\Lighter_Vein\Explaining Cricket to Americans_files\06americans_files\110_600.gif --> ipnatlanta.net /camaga/vidyarthi/Lighter_Vein/Lighter_Vein/Explaining Cricket to Americans_files/06americans_files 110_600.gif
2007.01.19 19:15 B c:\vidyarthi\Lighter_Vein\Explaining Cricket to Americans_files\06americans_files\110x120.gif --> ipnatlanta.net /camaga/vidyarthi/Lighter_Vein/Lighter_Vein/Explaining Cricket to Americans_files/06americans_files 110x120.gif
2007.01.19 19:15 B c:\vidyarthi\Lighter_Vein\Explaining Cricket to Americans_files\06americans_files\135x200.gif --> ipnatlanta.net /camaga/vidyarthi/Lighter_Vein/Lighter_Vein/Explaining Cricket to Americans_files/06americans_files 135x200.gif
2007.01.19 19:15 B c:\vidyarthi\Lighter_Vein\Explaining Cricket to Americans_files\06americans_files\560x20.gif --> ipnatlanta.net /camaga/vidyarthi/Lighter_Vein/Lighter_Vein/Explaining Cricket to Americans_files/06americans_files 560x20.gif
2007.01.19 19:15 B c:\vidyarthi\Lighter_Vein\Explaining Cricket to Americans_files\06americans_files\8g104o26v0zKMSLQQMTKMLOSRUTT.gif --> ipnatlanta.net /camaga/vidyarthi/Lighter_Vein/Lighter_Vein/Explaining Cricket to Americans_files/06americans_files 8g104o26v0zKMSLQQMTKMLOSRUTT.gif
2007.01.19 19:15 B c:\vidyarthi\Lighter_Vein\Explaining Cricket to Americans_files\06americans_files\admentornet(1).htm --> ipnatlanta.net /camaga/vidyarthi/Lighter_Vein/Lighter_Vein/Explaining Cricket to Americans_files/06americans_files admentornet(1).htm
2007.01.19 19:15 B c:\vidyarthi\Lighter_Vein\Explaining Cricket to Americans_files\06americans_files\admentornet(2).htm --> ipnatlanta.net /camaga/vidyarthi/Lighter_Vein/Lighter_Vein/Explaining Cricket to Americans_files/06americans_files admentornet(2).htm
2007.01.19 19:15 B c:\vidyarthi\Lighter_Vein\Explaining Cricket to Americans_files\06americans_files\admentornet.htm --> ipnatlanta.net /camaga/vidyarthi/Lighter_Vein/Lighter_Vein/Explaining Cricket to Americans_files/06americans_files admentornet.htm
2007.01.19 19:15 B c:\vidyarthi\Lighter_Vein\Explaining Cricket to Americans_files\06americans_files\admentorserve(1).htm --> ipnatlanta.net /camaga/vidyarthi/Lighter_Vein/Lighter_Vein/Explaining Cricket to Americans_files/06americans_files admentorserve(1).htm
2007.01.19 19:15 B c:\vidyarthi\Lighter_Vein\Explaining Cricket to Americans_files\06americans_files\admentorserve(2).htm --> ipnatlanta.net /camaga/vidyarthi/Lighter_Vein/Lighter_Vein/Explaining Cricket to Americans_files/06americans_files admentorserve(2).htm
2007.01.19 19:15 B c:\vidyarthi\Lighter_Vein\Explaining Cricket to Americans_files\06americans_files\admentorserve.htm --> ipnatlanta.net /camaga/vidyarthi/Lighter_Vein/Lighter_Vein/Explaining Cricket to Americans_files/06americans_files admentorserve.htm
2007.01.19 19:15 B c:\vidyarthi\Lighter_Vein\Explaining Cricket to Americans_files\06americans_files\bltfeature.gif --> ipnatlanta.net /camaga/vidyarthi/Lighter_Vein/Lighter_Vein/Explaining Cricket to Americans_files/06americans_files bltfeature.gif
2007.01.19 19:15 B c:\vidyarthi\Lighter_Vein\Explaining Cricket to Americans_files\06americans_files\CAAH4XWH.htm --> ipnatlanta.net /camaga/vidyarthi/Lighter_Vein/Lighter_Vein/Explaining Cricket to Americans_files/06americans_files CAAH4XWH.htm
2007.01.19 19:15 B c:\vidyarthi\Lighter_Vein\Explaining Cricket to Americans_files\06americans_files\cologo.gif --> ipnatlanta.net /camaga/vidyarthi/Lighter_Vein/Lighter_Vein/Explaining Cricket to Americans_files/06americans_files cologo.gif
2007.01.19 19:15 B c:\vidyarthi\Lighter_Vein\Explaining Cricket to Americans_files\06americans_files\datebg.gif --> ipnatlanta.net /camaga/vidyarthi/Lighter_Vein/Lighter_Vein/Explaining Cricket to Americans_files/06americans_files datebg.gif
2007.01.19 19:15 B c:\vidyarthi\Lighter_Vein\Explaining Cricket to Americans_files\06americans_files\greenbg.gif --> ipnatlanta.net /camaga/vidyarthi/Lighter_Vein/Lighter_Vein/Explaining Cricket to Americans_files/06americans_files greenbg.gif
2007.01.19 19:15 B c:\vidyarthi\Lighter_Vein\Explaining Cricket to Americans_files\06americans_files\greenleft.gif --> ipnatlanta.net /camaga/vidyarthi/Lighter_Vein/Lighter_Vein/Explaining Cricket to Americans_files/06americans_files greenleft.gif
2007.01.19 19:15 B c:\vidyarthi\Lighter_Vein\Explaining Cricket to Americans_files\06americans_files\greenright.gif --> ipnatlanta.net /camaga/vidyarthi/Lighter_Vein/Lighter_Vein/Explaining Cricket to Americans_files/06americans_files greenright.gif
2007.01.19 19:15 B c:\vidyarthi\Lighter_Vein\Explaining Cricket to Americans_files\06americans_files\i5116o26v0zKMSLQQMTKMLOTQORU.gif --> ipnatlanta.net /camaga/vidyarthi/Lighter_Vein/Lighter_Vein/Explaining Cricket to Americans_files/06americans_files i5116o26v0zKMSLQQMTKMLOTQORU.gif
2007.01.19 19:15 B c:\vidyarthi\Lighter_Vein\Explaining Cricket to Americans_files\06americans_files\ind-wi.gif --> ipnatlanta.net /camaga/vidyarthi/Lighter_Vein/Lighter_Vein/Explaining Cricket to Americans_files/06americans_files ind-wi.gif
2007.01.19 19:15 B c:\vidyarthi\Lighter_Vein\Explaining Cricket to Americans_files\06americans_files\india234x60.gif --> ipnatlanta.net /camaga/vidyarthi/Lighter_Vein/Lighter_Vein/Explaining Cricket to Americans_files/06americans_files india234x60.gif
2007.01.19 19:15 B c:\vidyarthi\Lighter_Vein\Explaining Cricket to Americans_files\06americans_files\inmmt50x50.gif --> ipnatlanta.net /camaga/vidyarthi/Lighter_Vein/Lighter_Vein/Explaining Cricket to Americans_files/06americans_files inmmt50x50.gif
2007.01.19 19:15 B c:\vidyarthi\Lighter_Vein\Explaining Cricket to Americans_files\06americans_files\kalyanam-tnmb.gif --> ipnatlanta.net /camaga/vidyarthi/Lighter_Vein/Lighter_Vein/Explaining Cricket to Americans_files/06americans_files kalyanam-tnmb.gif
2007.01.19 19:15 B c:\vidyarthi\Lighter_Vein\Explaining Cricket to Americans_files\06americans_files\Logo_25wht.gif --> ipnatlanta.net /camaga/vidyarthi/Lighter_Vein/Lighter_Vein/Explaining Cricket to Americans_files/06americans_files Logo_25wht.gif
2007.01.19 19:15 B c:\vidyarthi\Lighter_Vein\Explaining Cricket to Americans_files\06americans_files\messenger01.gif --> ipnatlanta.net /camaga/vidyarthi/Lighter_Vein/Lighter_Vein/Explaining Cricket to Americans_files/06americans_files messenger01.gif
2007.01.19 19:15 B c:\vidyarthi\Lighter_Vein\Explaining Cricket to Americans_files\06americans_files\p0117qmqeki35B4995C3547BADD6.gif --> ipnatlanta.net /camaga/vidyarthi/Lighter_Vein/Lighter_Vein/Explaining Cricket to Americans_files/06americans_files p0117qmqeki35B4995C3547BADD6.gif
2007.01.19 19:15 B c:\vidyarthi\Lighter_Vein\Explaining Cricket to Americans_files\06americans_files\panoramalogo.gif --> ipnatlanta.net /camaga/vidyarthi/Lighter_Vein/Lighter_Vein/Explaining Cricket to Americans_files/06americans_files panoramalogo.gif
2007.01.19 19:15 B c:\vidyarthi\Lighter_Vein\Explaining Cricket to Americans_files\06americans_files\postcomment.gif --> ipnatlanta.net /camaga/vidyarthi/Lighter_Vein/Lighter_Vein/Explaining Cricket to Americans_files/06americans_files postcomment.gif
2007.01.19 19:15 B c:\vidyarthi\Lighter_Vein\Explaining Cricket to Americans_files\06americans_files\raghurams02.gif --> ipnatlanta.net /camaga/vidyarthi/Lighter_Vein/Lighter_Vein/Explaining Cricket to Americans_files/06americans_files raghurams02.gif
2007.01.19 19:15 B c:\vidyarthi\Lighter_Vein\Explaining Cricket to Americans_files\06americans_files\shopping700-1.gif --> ipnatlanta.net /camaga/vidyarthi/Lighter_Vein/Lighter_Vein/Explaining Cricket to Americans_files/06americans_files shopping700-1.gif
2007.01.19 19:15 B c:\vidyarthi\Lighter_Vein\Explaining Cricket to Americans_files\06americans_files\show_ads.js --> ipnatlanta.net /camaga/vidyarthi/Lighter_Vein/Lighter_Vein/Explaining Cricket to Americans_files/06americans_files show_ads.js
2007.01.19 19:15 B c:\vidyarthi\Lighter_Vein\Explaining Cricket to Americans_files\06americans_files\Tyrooads.js --> ipnatlanta.net /camaga/vidyarthi/Lighter_Vein/Lighter_Vein/Explaining Cricket to Americans_files/06americans_files Tyrooads.js
2007.01.19 19:15 B c:\vidyarthi\Lighter_Vein\Explaining Cricket to Americans_files\06americans_files\urchin.js --> ipnatlanta.net /camaga/vidyarthi/Lighter_Vein/Lighter_Vein/Explaining Cricket to Americans_files/06americans_files urchin.js
2007.01.19 19:15 B c:\vidyarthi\Lighter_Vein\Explaining Cricket to Americans_files\06americans_files\viewcomment.gif --> ipnatlanta.net /camaga/vidyarthi/Lighter_Vein/Lighter_Vein/Explaining Cricket to Americans_files/06americans_files viewcomment.gif
2007.01.19 19:15 B c:\vidyarthi\Lighter_Vein\Explaining Cricket to Americans_files\06americans_files\WS_FTP.LOG --> ipnatlanta.net /camaga/vidyarthi/Lighter_Vein/Lighter_Vein/Explaining Cricket to Americans_files/06americans_files WS_FTP.LOG
