2006.09.16 16:04 B c:\vidyarthi\Lighter_Vein\Trading_Places_files\filelist.xml --> ipnatlanta.net /camaga/vidyarthi/Trading_Places_files filelist.xml
2006.09.16 16:04 B c:\vidyarthi\Lighter_Vein\Trading_Places_files\image001.gif --> ipnatlanta.net /camaga/vidyarthi/Trading_Places_files image001.gif
2006.09.16 16:04 B c:\vidyarthi\Lighter_Vein\Trading_Places_files\image002.gif --> ipnatlanta.net /camaga/vidyarthi/Trading_Places_files image002.gif
2006.09.16 16:04 B c:\vidyarthi\Lighter_Vein\Trading_Places_files\image003.gif --> ipnatlanta.net /camaga/vidyarthi/Trading_Places_files image003.gif
2006.09.16 16:04 B c:\vidyarthi\Lighter_Vein\Trading_Places_files\image004.gif --> ipnatlanta.net /camaga/vidyarthi/Trading_Places_files image004.gif
2006.09.16 16:04 B c:\vidyarthi\Lighter_Vein\Trading_Places_files\image005.gif --> ipnatlanta.net /camaga/vidyarthi/Trading_Places_files image005.gif
2006.09.16 16:04 B c:\vidyarthi\Lighter_Vein\Trading_Places_files\image006.gif --> ipnatlanta.net /camaga/vidyarthi/Trading_Places_files image006.gif
2006.09.16 16:04 B c:\vidyarthi\Lighter_Vein\Trading_Places_files\image007.gif --> ipnatlanta.net /camaga/vidyarthi/Trading_Places_files image007.gif
2006.09.16 16:04 B c:\vidyarthi\Lighter_Vein\Trading_Places_files\image008.gif --> ipnatlanta.net /camaga/vidyarthi/Trading_Places_files image008.gif
2006.09.16 16:04 B c:\vidyarthi\Lighter_Vein\Trading_Places_files\image013.gif --> ipnatlanta.net /camaga/vidyarthi/Trading_Places_files image013.gif
2006.09.16 16:04 B c:\vidyarthi\Lighter_Vein\Trading_Places_files\image014.gif --> ipnatlanta.net /camaga/vidyarthi/Trading_Places_files image014.gif
2006.09.16 16:04 B c:\vidyarthi\Lighter_Vein\Trading_Places_files\image017.gif --> ipnatlanta.net /camaga/vidyarthi/Trading_Places_files image017.gif
2006.09.16 16:05 B c:\vidyarthi\Lighter_Vein\Trading_Places_files\image018.jpg --> ipnatlanta.net /camaga/vidyarthi/Trading_Places_files image018.jpg
2006.09.16 16:05 B c:\vidyarthi\Lighter_Vein\Trading_Places_files\image019.gif --> ipnatlanta.net /camaga/vidyarthi/Trading_Places_files image019.gif
2006.09.16 16:05 B c:\vidyarthi\Lighter_Vein\Trading_Places_files\image020.gif --> ipnatlanta.net /camaga/vidyarthi/Trading_Places_files image020.gif
2006.09.16 16:05 B c:\vidyarthi\Lighter_Vein\Trading_Places_files\image025.gif --> ipnatlanta.net /camaga/vidyarthi/Trading_Places_files image025.gif
2006.09.16 16:05 B c:\vidyarthi\Lighter_Vein\Trading_Places_files\image026.gif --> ipnatlanta.net /camaga/vidyarthi/Trading_Places_files image026.gif
2006.09.16 16:05 B c:\vidyarthi\Lighter_Vein\Trading_Places_files\image027.gif --> ipnatlanta.net /camaga/vidyarthi/Trading_Places_files image027.gif
2006.09.16 16:05 B c:\vidyarthi\Lighter_Vein\Trading_Places_files\image028.gif --> ipnatlanta.net /camaga/vidyarthi/Trading_Places_files image028.gif
2006.09.16 16:05 B c:\vidyarthi\Lighter_Vein\Trading_Places_files\image029.gif --> ipnatlanta.net /camaga/vidyarthi/Trading_Places_files image029.gif
2006.09.16 16:12 B c:\vidyarthi\Lighter_Vein\Trading_Places_files\filelist.xml --> ipnatlanta.net /camaga/vidyarthi/Lighter_Vein/Trading_Places_files filelist.xml
2006.09.16 16:12 B c:\vidyarthi\Lighter_Vein\Trading_Places_files\image001.gif --> ipnatlanta.net /camaga/vidyarthi/Lighter_Vein/Trading_Places_files image001.gif
2006.09.16 16:12 B c:\vidyarthi\Lighter_Vein\Trading_Places_files\image002.gif --> ipnatlanta.net /camaga/vidyarthi/Lighter_Vein/Trading_Places_files image002.gif
2006.09.16 16:12 B c:\vidyarthi\Lighter_Vein\Trading_Places_files\image003.gif --> ipnatlanta.net /camaga/vidyarthi/Lighter_Vein/Trading_Places_files image003.gif
2006.09.16 16:12 B c:\vidyarthi\Lighter_Vein\Trading_Places_files\image004.gif --> ipnatlanta.net /camaga/vidyarthi/Lighter_Vein/Trading_Places_files image004.gif
2006.09.16 16:12 B c:\vidyarthi\Lighter_Vein\Trading_Places_files\image005.gif --> ipnatlanta.net /camaga/vidyarthi/Lighter_Vein/Trading_Places_files image005.gif
2006.09.16 16:12 B c:\vidyarthi\Lighter_Vein\Trading_Places_files\image006.gif --> ipnatlanta.net /camaga/vidyarthi/Lighter_Vein/Trading_Places_files image006.gif
2006.09.16 16:12 B c:\vidyarthi\Lighter_Vein\Trading_Places_files\image008.gif --> ipnatlanta.net /camaga/vidyarthi/Lighter_Vein/Trading_Places_files image008.gif
2006.09.16 16:12 B c:\vidyarthi\Lighter_Vein\Trading_Places_files\image014.gif --> ipnatlanta.net /camaga/vidyarthi/Lighter_Vein/Trading_Places_files image014.gif
2006.09.16 16:12 B c:\vidyarthi\Lighter_Vein\Trading_Places_files\image019.gif --> ipnatlanta.net /camaga/vidyarthi/Lighter_Vein/Trading_Places_files image019.gif
2006.09.16 16:12 B c:\vidyarthi\Lighter_Vein\Trading_Places_files\image020.gif --> ipnatlanta.net /camaga/vidyarthi/Lighter_Vein/Trading_Places_files image020.gif
2006.09.16 16:12 B c:\vidyarthi\Lighter_Vein\Trading_Places_files\image026.gif --> ipnatlanta.net /camaga/vidyarthi/Lighter_Vein/Trading_Places_files image026.gif
2006.09.16 16:12 B c:\vidyarthi\Lighter_Vein\Trading_Places_files\image027.gif --> ipnatlanta.net /camaga/vidyarthi/Lighter_Vein/Trading_Places_files image027.gif
2006.09.16 16:12 B c:\vidyarthi\Lighter_Vein\Trading_Places_files\image028.gif --> ipnatlanta.net /camaga/vidyarthi/Lighter_Vein/Trading_Places_files image028.gif
2006.09.16 16:12 B c:\vidyarthi\Lighter_Vein\Trading_Places_files\image029.gif --> ipnatlanta.net /camaga/vidyarthi/Lighter_Vein/Trading_Places_files image029.gif
2006.09.16 16:12 B c:\vidyarthi\Lighter_Vein\Trading_Places_files\WS_FTP.LOG --> ipnatlanta.net /camaga/vidyarthi/Lighter_Vein/Trading_Places_files WS_FTP.LOG
2007.01.19 19:18 B c:\vidyarthi\Lighter_Vein\Trading_Places_files\filelist.xml --> ipnatlanta.net /camaga/vidyarthi/Lighter_Vein/Lighter_Vein/Trading_Places_files filelist.xml
2007.01.19 19:18 B c:\vidyarthi\Lighter_Vein\Trading_Places_files\image001.gif --> ipnatlanta.net /camaga/vidyarthi/Lighter_Vein/Lighter_Vein/Trading_Places_files image001.gif
2007.01.19 19:18 B c:\vidyarthi\Lighter_Vein\Trading_Places_files\image002.gif --> ipnatlanta.net /camaga/vidyarthi/Lighter_Vein/Lighter_Vein/Trading_Places_files image002.gif
2007.01.19 19:18 B c:\vidyarthi\Lighter_Vein\Trading_Places_files\image003.gif --> ipnatlanta.net /camaga/vidyarthi/Lighter_Vein/Lighter_Vein/Trading_Places_files image003.gif
2007.01.19 19:18 B c:\vidyarthi\Lighter_Vein\Trading_Places_files\image004.gif --> ipnatlanta.net /camaga/vidyarthi/Lighter_Vein/Lighter_Vein/Trading_Places_files image004.gif
2007.01.19 19:18 B c:\vidyarthi\Lighter_Vein\Trading_Places_files\image005.gif --> ipnatlanta.net /camaga/vidyarthi/Lighter_Vein/Lighter_Vein/Trading_Places_files image005.gif
2007.01.19 19:18 B c:\vidyarthi\Lighter_Vein\Trading_Places_files\image006.gif --> ipnatlanta.net /camaga/vidyarthi/Lighter_Vein/Lighter_Vein/Trading_Places_files image006.gif
2007.01.19 19:18 B c:\vidyarthi\Lighter_Vein\Trading_Places_files\image008.gif --> ipnatlanta.net /camaga/vidyarthi/Lighter_Vein/Lighter_Vein/Trading_Places_files image008.gif
2007.01.19 19:18 B c:\vidyarthi\Lighter_Vein\Trading_Places_files\image014.gif --> ipnatlanta.net /camaga/vidyarthi/Lighter_Vein/Lighter_Vein/Trading_Places_files image014.gif
2007.01.19 19:18 B c:\vidyarthi\Lighter_Vein\Trading_Places_files\image019.gif --> ipnatlanta.net /camaga/vidyarthi/Lighter_Vein/Lighter_Vein/Trading_Places_files image019.gif
2007.01.19 19:18 B c:\vidyarthi\Lighter_Vein\Trading_Places_files\image020.gif --> ipnatlanta.net /camaga/vidyarthi/Lighter_Vein/Lighter_Vein/Trading_Places_files image020.gif
2007.01.19 19:18 B c:\vidyarthi\Lighter_Vein\Trading_Places_files\image026.gif --> ipnatlanta.net /camaga/vidyarthi/Lighter_Vein/Lighter_Vein/Trading_Places_files image026.gif
2007.01.19 19:18 B c:\vidyarthi\Lighter_Vein\Trading_Places_files\image027.gif --> ipnatlanta.net /camaga/vidyarthi/Lighter_Vein/Lighter_Vein/Trading_Places_files image027.gif
2007.01.19 19:18 B c:\vidyarthi\Lighter_Vein\Trading_Places_files\image028.gif --> ipnatlanta.net /camaga/vidyarthi/Lighter_Vein/Lighter_Vein/Trading_Places_files image028.gif
2007.01.19 19:18 B c:\vidyarthi\Lighter_Vein\Trading_Places_files\image029.gif --> ipnatlanta.net /camaga/vidyarthi/Lighter_Vein/Lighter_Vein/Trading_Places_files image029.gif
2007.01.19 19:18 B c:\vidyarthi\Lighter_Vein\Trading_Places_files\Thumbs.db --> ipnatlanta.net /camaga/vidyarthi/Lighter_Vein/Lighter_Vein/Trading_Places_files Thumbs.db
2007.01.19 19:18 B c:\vidyarthi\Lighter_Vein\Trading_Places_files\WS_FTP.LOG --> ipnatlanta.net /camaga/vidyarthi/Lighter_Vein/Lighter_Vein/Trading_Places_files WS_FTP.LOG
