2006.06.15 17:14 B c:\vidyarthi\Lighter_Vein\DeccanHerald_Proudto beIndian_files\copy_E180x150.gif --> ipnatlanta.net /camaga/vidyarthi/Lighter_Vein/DeccanHerald_Proudto beIndian_files copy_E180x150.gif
2006.06.15 17:14 B c:\vidyarthi\Lighter_Vein\DeccanHerald_Proudto beIndian_files\dh_fabban2_120x65.gif --> ipnatlanta.net /camaga/vidyarthi/Lighter_Vein/DeccanHerald_Proudto beIndian_files dh_fabban2_120x65.gif
2006.06.15 17:14 B c:\vidyarthi\Lighter_Vein\DeccanHerald_Proudto beIndian_files\dhmaster.jpg --> ipnatlanta.net /camaga/vidyarthi/Lighter_Vein/DeccanHerald_Proudto beIndian_files dhmaster.jpg
2006.06.15 17:14 B c:\vidyarthi\Lighter_Vein\DeccanHerald_Proudto beIndian_files\epaperlogo-small.jpg --> ipnatlanta.net /camaga/vidyarthi/Lighter_Vein/DeccanHerald_Proudto beIndian_files epaperlogo-small.jpg
2006.06.15 17:14 B c:\vidyarthi\Lighter_Vein\DeccanHerald_Proudto beIndian_files\google.htm --> ipnatlanta.net /camaga/vidyarthi/Lighter_Vein/DeccanHerald_Proudto beIndian_files google.htm
2006.06.15 17:14 B c:\vidyarthi\Lighter_Vein\DeccanHerald_Proudto beIndian_files\horz_line.gif --> ipnatlanta.net /camaga/vidyarthi/Lighter_Vein/DeccanHerald_Proudto beIndian_files horz_line.gif
2006.06.15 17:14 B c:\vidyarthi\Lighter_Vein\DeccanHerald_Proudto beIndian_files\mail1.gif --> ipnatlanta.net /camaga/vidyarthi/Lighter_Vein/DeccanHerald_Proudto beIndian_files mail1.gif
2006.06.15 17:14 B c:\vidyarthi\Lighter_Vein\DeccanHerald_Proudto beIndian_files\middle.jpg --> ipnatlanta.net /camaga/vidyarthi/Lighter_Vein/DeccanHerald_Proudto beIndian_files middle.jpg
2006.06.15 17:14 B c:\vidyarthi\Lighter_Vein\DeccanHerald_Proudto beIndian_files\print1.gif --> ipnatlanta.net /camaga/vidyarthi/Lighter_Vein/DeccanHerald_Proudto beIndian_files print1.gif
2006.06.15 17:14 B c:\vidyarthi\Lighter_Vein\DeccanHerald_Proudto beIndian_files\pvmast.jpg --> ipnatlanta.net /camaga/vidyarthi/Lighter_Vein/DeccanHerald_Proudto beIndian_files pvmast.jpg
2006.06.15 17:14 B c:\vidyarthi\Lighter_Vein\DeccanHerald_Proudto beIndian_files\small_arrow.jpg --> ipnatlanta.net /camaga/vidyarthi/Lighter_Vein/DeccanHerald_Proudto beIndian_files small_arrow.jpg
2006.06.15 17:14 B c:\vidyarthi\Lighter_Vein\DeccanHerald_Proudto beIndian_files\styleie.css --> ipnatlanta.net /camaga/vidyarthi/Lighter_Vein/DeccanHerald_Proudto beIndian_files styleie.css
2006.06.15 17:14 B c:\vidyarthi\Lighter_Vein\DeccanHerald_Proudto beIndian_files\taxi.jpg --> ipnatlanta.net /camaga/vidyarthi/Lighter_Vein/DeccanHerald_Proudto beIndian_files taxi.jpg
2006.06.15 17:14 B c:\vidyarthi\Lighter_Vein\DeccanHerald_Proudto beIndian_files\weather.gif --> ipnatlanta.net /camaga/vidyarthi/Lighter_Vein/DeccanHerald_Proudto beIndian_files weather.gif
2007.01.19 19:15 B c:\vidyarthi\Lighter_Vein\DeccanHerald_Proudto beIndian_files\copy_E180x150.gif --> ipnatlanta.net /camaga/vidyarthi/Lighter_Vein/Lighter_Vein/DeccanHerald_Proudto beIndian_files copy_E180x150.gif
2007.01.19 19:15 B c:\vidyarthi\Lighter_Vein\DeccanHerald_Proudto beIndian_files\dh_fabban2_120x65.gif --> ipnatlanta.net /camaga/vidyarthi/Lighter_Vein/Lighter_Vein/DeccanHerald_Proudto beIndian_files dh_fabban2_120x65.gif
2007.01.19 19:15 B c:\vidyarthi\Lighter_Vein\DeccanHerald_Proudto beIndian_files\dhmaster.jpg --> ipnatlanta.net /camaga/vidyarthi/Lighter_Vein/Lighter_Vein/DeccanHerald_Proudto beIndian_files dhmaster.jpg
2007.01.19 19:15 B c:\vidyarthi\Lighter_Vein\DeccanHerald_Proudto beIndian_files\epaperlogo-small.jpg --> ipnatlanta.net /camaga/vidyarthi/Lighter_Vein/Lighter_Vein/DeccanHerald_Proudto beIndian_files epaperlogo-small.jpg
2007.01.19 19:15 B c:\vidyarthi\Lighter_Vein\DeccanHerald_Proudto beIndian_files\google.htm --> ipnatlanta.net /camaga/vidyarthi/Lighter_Vein/Lighter_Vein/DeccanHerald_Proudto beIndian_files google.htm
2007.01.19 19:15 B c:\vidyarthi\Lighter_Vein\DeccanHerald_Proudto beIndian_files\horz_line.gif --> ipnatlanta.net /camaga/vidyarthi/Lighter_Vein/Lighter_Vein/DeccanHerald_Proudto beIndian_files horz_line.gif
2007.01.19 19:15 B c:\vidyarthi\Lighter_Vein\DeccanHerald_Proudto beIndian_files\mail1.gif --> ipnatlanta.net /camaga/vidyarthi/Lighter_Vein/Lighter_Vein/DeccanHerald_Proudto beIndian_files mail1.gif
2007.01.19 19:15 B c:\vidyarthi\Lighter_Vein\DeccanHerald_Proudto beIndian_files\middle.jpg --> ipnatlanta.net /camaga/vidyarthi/Lighter_Vein/Lighter_Vein/DeccanHerald_Proudto beIndian_files middle.jpg
2007.01.19 19:15 B c:\vidyarthi\Lighter_Vein\DeccanHerald_Proudto beIndian_files\print1.gif --> ipnatlanta.net /camaga/vidyarthi/Lighter_Vein/Lighter_Vein/DeccanHerald_Proudto beIndian_files print1.gif
2007.01.19 19:15 B c:\vidyarthi\Lighter_Vein\DeccanHerald_Proudto beIndian_files\pvmast.jpg --> ipnatlanta.net /camaga/vidyarthi/Lighter_Vein/Lighter_Vein/DeccanHerald_Proudto beIndian_files pvmast.jpg
2007.01.19 19:15 B c:\vidyarthi\Lighter_Vein\DeccanHerald_Proudto beIndian_files\small_arrow.jpg --> ipnatlanta.net /camaga/vidyarthi/Lighter_Vein/Lighter_Vein/DeccanHerald_Proudto beIndian_files small_arrow.jpg
2007.01.19 19:15 B c:\vidyarthi\Lighter_Vein\DeccanHerald_Proudto beIndian_files\styleie.css --> ipnatlanta.net /camaga/vidyarthi/Lighter_Vein/Lighter_Vein/DeccanHerald_Proudto beIndian_files styleie.css
2007.01.19 19:15 B c:\vidyarthi\Lighter_Vein\DeccanHerald_Proudto beIndian_files\taxi.jpg --> ipnatlanta.net /camaga/vidyarthi/Lighter_Vein/Lighter_Vein/DeccanHerald_Proudto beIndian_files taxi.jpg
2007.01.19 19:15 B c:\vidyarthi\Lighter_Vein\DeccanHerald_Proudto beIndian_files\Thumbs.db --> ipnatlanta.net /camaga/vidyarthi/Lighter_Vein/Lighter_Vein/DeccanHerald_Proudto beIndian_files Thumbs.db
2007.01.19 19:15 B c:\vidyarthi\Lighter_Vein\DeccanHerald_Proudto beIndian_files\weather.gif --> ipnatlanta.net /camaga/vidyarthi/Lighter_Vein/Lighter_Vein/DeccanHerald_Proudto beIndian_files weather.gif
2007.01.19 19:15 B c:\vidyarthi\Lighter_Vein\DeccanHerald_Proudto beIndian_files\WS_FTP.LOG --> ipnatlanta.net /camaga/vidyarthi/Lighter_Vein/Lighter_Vein/DeccanHerald_Proudto beIndian_files WS_FTP.LOG
