2006.02.19 17:43 B c:\vidyarthi\Archives\ChennaiOnline_files\02cleveland_files\10376969-5.gif --> ipnatlanta.net /camaga/vidyarthi/Archives/ChennaiOnline_files/02cleveland_files 10376969-5.gif
2006.02.19 17:43 B c:\vidyarthi\Archives\ChennaiOnline_files\02cleveland_files\110x120.gif --> ipnatlanta.net /camaga/vidyarthi/Archives/ChennaiOnline_files/02cleveland_files 110x120.gif
2006.02.19 17:43 B c:\vidyarthi\Archives\ChennaiOnline_files\02cleveland_files\135x200.gif --> ipnatlanta.net /camaga/vidyarthi/Archives/ChennaiOnline_files/02cleveland_files 135x200.gif
2006.02.19 17:43 B c:\vidyarthi\Archives\ChennaiOnline_files\02cleveland_files\8g104o26v0zKMSLQQMTKMLOSRUTT.gif --> ipnatlanta.net /camaga/vidyarthi/Archives/ChennaiOnline_files/02cleveland_files 8g104o26v0zKMSLQQMTKMLOSRUTT.gif
2006.02.19 17:43 B c:\vidyarthi\Archives\ChennaiOnline_files\02cleveland_files\@Right2 --> ipnatlanta.net /camaga/vidyarthi/Archives/ChennaiOnline_files/02cleveland_files @Right2
2006.02.19 17:43 B c:\vidyarthi\Archives\ChennaiOnline_files\02cleveland_files\@Right2.gif --> ipnatlanta.net /camaga/vidyarthi/Archives/ChennaiOnline_files/02cleveland_files @Right2.gif
2006.02.19 17:43 B c:\vidyarthi\Archives\ChennaiOnline_files\02cleveland_files\admentornet(1).htm --> ipnatlanta.net /camaga/vidyarthi/Archives/ChennaiOnline_files/02cleveland_files admentornet(1).htm
2006.02.19 17:43 B c:\vidyarthi\Archives\ChennaiOnline_files\02cleveland_files\admentornet(2).htm --> ipnatlanta.net /camaga/vidyarthi/Archives/ChennaiOnline_files/02cleveland_files admentornet(2).htm
2006.02.19 17:43 B c:\vidyarthi\Archives\ChennaiOnline_files\02cleveland_files\admentornet(3).htm --> ipnatlanta.net /camaga/vidyarthi/Archives/ChennaiOnline_files/02cleveland_files admentornet(3).htm
2006.02.19 17:43 B c:\vidyarthi\Archives\ChennaiOnline_files\02cleveland_files\admentornet(4).htm --> ipnatlanta.net /camaga/vidyarthi/Archives/ChennaiOnline_files/02cleveland_files admentornet(4).htm
2006.02.19 17:43 B c:\vidyarthi\Archives\ChennaiOnline_files\02cleveland_files\admentornet.htm --> ipnatlanta.net /camaga/vidyarthi/Archives/ChennaiOnline_files/02cleveland_files admentornet.htm
2006.02.19 17:43 B c:\vidyarthi\Archives\ChennaiOnline_files\02cleveland_files\adview.gif --> ipnatlanta.net /camaga/vidyarthi/Archives/ChennaiOnline_files/02cleveland_files adview.gif
2006.02.19 17:43 B c:\vidyarthi\Archives\ChennaiOnline_files\02cleveland_files\bltfeature.gif --> ipnatlanta.net /camaga/vidyarthi/Archives/ChennaiOnline_files/02cleveland_files bltfeature.gif
2006.02.19 17:43 B c:\vidyarthi\Archives\ChennaiOnline_files\02cleveland_files\call01.gif --> ipnatlanta.net /camaga/vidyarthi/Archives/ChennaiOnline_files/02cleveland_files call01.gif
2006.02.19 17:43 B c:\vidyarthi\Archives\ChennaiOnline_files\02cleveland_files\cologo.gif --> ipnatlanta.net /camaga/vidyarthi/Archives/ChennaiOnline_files/02cleveland_files cologo.gif
2006.02.19 17:43 B c:\vidyarthi\Archives\ChennaiOnline_files\02cleveland_files\confirmed700x90.gif --> ipnatlanta.net /camaga/vidyarthi/Archives/ChennaiOnline_files/02cleveland_files confirmed700x90.gif
2006.02.19 17:43 B c:\vidyarthi\Archives\ChennaiOnline_files\02cleveland_files\datebg.gif --> ipnatlanta.net /camaga/vidyarthi/Archives/ChennaiOnline_files/02cleveland_files datebg.gif
2006.02.19 17:43 B c:\vidyarthi\Archives\ChennaiOnline_files\02cleveland_files\greenbg.gif --> ipnatlanta.net /camaga/vidyarthi/Archives/ChennaiOnline_files/02cleveland_files greenbg.gif
2006.02.19 17:43 B c:\vidyarthi\Archives\ChennaiOnline_files\02cleveland_files\greenleft.gif --> ipnatlanta.net /camaga/vidyarthi/Archives/ChennaiOnline_files/02cleveland_files greenleft.gif
2006.02.19 17:43 B c:\vidyarthi\Archives\ChennaiOnline_files\02cleveland_files\greenright.gif --> ipnatlanta.net /camaga/vidyarthi/Archives/ChennaiOnline_files/02cleveland_files greenright.gif
2006.02.19 17:43 B c:\vidyarthi\Archives\ChennaiOnline_files\02cleveland_files\i5116o26v0zKMSLQQMTKMLOTQORU.gif --> ipnatlanta.net /camaga/vidyarthi/Archives/ChennaiOnline_files/02cleveland_files i5116o26v0zKMSLQQMTKMLOTQORU.gif
2006.02.19 17:43 B c:\vidyarthi\Archives\ChennaiOnline_files\02cleveland_files\inmmt50x50.gif --> ipnatlanta.net /camaga/vidyarthi/Archives/ChennaiOnline_files/02cleveland_files inmmt50x50.gif
2006.02.19 17:43 B c:\vidyarthi\Archives\ChennaiOnline_files\02cleveland_files\Logo_25wht.gif --> ipnatlanta.net /camaga/vidyarthi/Archives/ChennaiOnline_files/02cleveland_files Logo_25wht.gif
2006.02.19 17:43 B c:\vidyarthi\Archives\ChennaiOnline_files\02cleveland_files\music.gif --> ipnatlanta.net /camaga/vidyarthi/Archives/ChennaiOnline_files/02cleveland_files music.gif
2006.02.19 17:43 B c:\vidyarthi\Archives\ChennaiOnline_files\02cleveland_files\postcomment.gif --> ipnatlanta.net /camaga/vidyarthi/Archives/ChennaiOnline_files/02cleveland_files postcomment.gif
2006.02.19 17:43 B c:\vidyarthi\Archives\ChennaiOnline_files\02cleveland_files\rd65qmqeki35B4995C3547B96B7.gif --> ipnatlanta.net /camaga/vidyarthi/Archives/ChennaiOnline_files/02cleveland_files rd65qmqeki35B4995C3547B96B7.gif
2006.02.19 17:43 B c:\vidyarthi\Archives\ChennaiOnline_files\02cleveland_files\shaadi-175x175.gif --> ipnatlanta.net /camaga/vidyarthi/Archives/ChennaiOnline_files/02cleveland_files shaadi-175x175.gif
2006.02.19 17:43 B c:\vidyarthi\Archives\ChennaiOnline_files\02cleveland_files\shaadi560x20.gif --> ipnatlanta.net /camaga/vidyarthi/Archives/ChennaiOnline_files/02cleveland_files shaadi560x20.gif
2006.02.19 17:43 B c:\vidyarthi\Archives\ChennaiOnline_files\02cleveland_files\show_ads.js --> ipnatlanta.net /camaga/vidyarthi/Archives/ChennaiOnline_files/02cleveland_files show_ads.js
2006.02.19 17:43 B c:\vidyarthi\Archives\ChennaiOnline_files\02cleveland_files\srikrishnasweets01.gif --> ipnatlanta.net /camaga/vidyarthi/Archives/ChennaiOnline_files/02cleveland_files srikrishnasweets01.gif
2006.02.19 17:43 B c:\vidyarthi\Archives\ChennaiOnline_files\02cleveland_files\urchin.js --> ipnatlanta.net /camaga/vidyarthi/Archives/ChennaiOnline_files/02cleveland_files urchin.js
2006.02.19 17:43 B c:\vidyarthi\Archives\ChennaiOnline_files\02cleveland_files\viewcomment.gif --> ipnatlanta.net /camaga/vidyarthi/Archives/ChennaiOnline_files/02cleveland_files viewcomment.gif
2007.01.18 19:56 B c:\vidyarthi\Archives\ChennaiOnline_files\02cleveland_files\10376969-5.gif --> ipnatlanta.net /camaga/vidyarthi/Archives/Archives/ChennaiOnline_files/02cleveland_files 10376969-5.gif
2007.01.18 19:56 B c:\vidyarthi\Archives\ChennaiOnline_files\02cleveland_files\110x120.gif --> ipnatlanta.net /camaga/vidyarthi/Archives/Archives/ChennaiOnline_files/02cleveland_files 110x120.gif
2007.01.18 19:56 B c:\vidyarthi\Archives\ChennaiOnline_files\02cleveland_files\135x200.gif --> ipnatlanta.net /camaga/vidyarthi/Archives/Archives/ChennaiOnline_files/02cleveland_files 135x200.gif
2007.01.18 19:56 B c:\vidyarthi\Archives\ChennaiOnline_files\02cleveland_files\8g104o26v0zKMSLQQMTKMLOSRUTT.gif --> ipnatlanta.net /camaga/vidyarthi/Archives/Archives/ChennaiOnline_files/02cleveland_files 8g104o26v0zKMSLQQMTKMLOSRUTT.gif
2007.01.18 19:56 B c:\vidyarthi\Archives\ChennaiOnline_files\02cleveland_files\@Right2 --> ipnatlanta.net /camaga/vidyarthi/Archives/Archives/ChennaiOnline_files/02cleveland_files @Right2
2007.01.18 19:56 B c:\vidyarthi\Archives\ChennaiOnline_files\02cleveland_files\@Right2.gif --> ipnatlanta.net /camaga/vidyarthi/Archives/Archives/ChennaiOnline_files/02cleveland_files @Right2.gif
2007.01.18 19:56 B c:\vidyarthi\Archives\ChennaiOnline_files\02cleveland_files\admentornet(1).htm --> ipnatlanta.net /camaga/vidyarthi/Archives/Archives/ChennaiOnline_files/02cleveland_files admentornet(1).htm
2007.01.18 19:56 B c:\vidyarthi\Archives\ChennaiOnline_files\02cleveland_files\admentornet(2).htm --> ipnatlanta.net /camaga/vidyarthi/Archives/Archives/ChennaiOnline_files/02cleveland_files admentornet(2).htm
2007.01.18 19:56 B c:\vidyarthi\Archives\ChennaiOnline_files\02cleveland_files\admentornet(3).htm --> ipnatlanta.net /camaga/vidyarthi/Archives/Archives/ChennaiOnline_files/02cleveland_files admentornet(3).htm
2007.01.18 19:56 B c:\vidyarthi\Archives\ChennaiOnline_files\02cleveland_files\admentornet(4).htm --> ipnatlanta.net /camaga/vidyarthi/Archives/Archives/ChennaiOnline_files/02cleveland_files admentornet(4).htm
2007.01.18 19:56 B c:\vidyarthi\Archives\ChennaiOnline_files\02cleveland_files\admentornet.htm --> ipnatlanta.net /camaga/vidyarthi/Archives/Archives/ChennaiOnline_files/02cleveland_files admentornet.htm
2007.01.18 19:56 B c:\vidyarthi\Archives\ChennaiOnline_files\02cleveland_files\adview.gif --> ipnatlanta.net /camaga/vidyarthi/Archives/Archives/ChennaiOnline_files/02cleveland_files adview.gif
2007.01.18 19:56 B c:\vidyarthi\Archives\ChennaiOnline_files\02cleveland_files\bltfeature.gif --> ipnatlanta.net /camaga/vidyarthi/Archives/Archives/ChennaiOnline_files/02cleveland_files bltfeature.gif
2007.01.18 19:56 B c:\vidyarthi\Archives\ChennaiOnline_files\02cleveland_files\call01.gif --> ipnatlanta.net /camaga/vidyarthi/Archives/Archives/ChennaiOnline_files/02cleveland_files call01.gif
2007.01.18 19:56 B c:\vidyarthi\Archives\ChennaiOnline_files\02cleveland_files\cologo.gif --> ipnatlanta.net /camaga/vidyarthi/Archives/Archives/ChennaiOnline_files/02cleveland_files cologo.gif
2007.01.18 19:56 B c:\vidyarthi\Archives\ChennaiOnline_files\02cleveland_files\confirmed700x90.gif --> ipnatlanta.net /camaga/vidyarthi/Archives/Archives/ChennaiOnline_files/02cleveland_files confirmed700x90.gif
2007.01.18 19:56 B c:\vidyarthi\Archives\ChennaiOnline_files\02cleveland_files\datebg.gif --> ipnatlanta.net /camaga/vidyarthi/Archives/Archives/ChennaiOnline_files/02cleveland_files datebg.gif
2007.01.18 19:56 B c:\vidyarthi\Archives\ChennaiOnline_files\02cleveland_files\greenbg.gif --> ipnatlanta.net /camaga/vidyarthi/Archives/Archives/ChennaiOnline_files/02cleveland_files greenbg.gif
2007.01.18 19:56 B c:\vidyarthi\Archives\ChennaiOnline_files\02cleveland_files\greenleft.gif --> ipnatlanta.net /camaga/vidyarthi/Archives/Archives/ChennaiOnline_files/02cleveland_files greenleft.gif
2007.01.18 19:56 B c:\vidyarthi\Archives\ChennaiOnline_files\02cleveland_files\greenright.gif --> ipnatlanta.net /camaga/vidyarthi/Archives/Archives/ChennaiOnline_files/02cleveland_files greenright.gif
2007.01.18 19:56 B c:\vidyarthi\Archives\ChennaiOnline_files\02cleveland_files\i5116o26v0zKMSLQQMTKMLOTQORU.gif --> ipnatlanta.net /camaga/vidyarthi/Archives/Archives/ChennaiOnline_files/02cleveland_files i5116o26v0zKMSLQQMTKMLOTQORU.gif
2007.01.18 19:56 B c:\vidyarthi\Archives\ChennaiOnline_files\02cleveland_files\inmmt50x50.gif --> ipnatlanta.net /camaga/vidyarthi/Archives/Archives/ChennaiOnline_files/02cleveland_files inmmt50x50.gif
2007.01.18 19:56 B c:\vidyarthi\Archives\ChennaiOnline_files\02cleveland_files\Logo_25wht.gif --> ipnatlanta.net /camaga/vidyarthi/Archives/Archives/ChennaiOnline_files/02cleveland_files Logo_25wht.gif
2007.01.18 19:56 B c:\vidyarthi\Archives\ChennaiOnline_files\02cleveland_files\music.gif --> ipnatlanta.net /camaga/vidyarthi/Archives/Archives/ChennaiOnline_files/02cleveland_files music.gif
2007.01.18 19:56 B c:\vidyarthi\Archives\ChennaiOnline_files\02cleveland_files\postcomment.gif --> ipnatlanta.net /camaga/vidyarthi/Archives/Archives/ChennaiOnline_files/02cleveland_files postcomment.gif
2007.01.18 19:56 B c:\vidyarthi\Archives\ChennaiOnline_files\02cleveland_files\rd65qmqeki35B4995C3547B96B7.gif --> ipnatlanta.net /camaga/vidyarthi/Archives/Archives/ChennaiOnline_files/02cleveland_files rd65qmqeki35B4995C3547B96B7.gif
2007.01.18 19:56 B c:\vidyarthi\Archives\ChennaiOnline_files\02cleveland_files\shaadi-175x175.gif --> ipnatlanta.net /camaga/vidyarthi/Archives/Archives/ChennaiOnline_files/02cleveland_files shaadi-175x175.gif
2007.01.18 19:56 B c:\vidyarthi\Archives\ChennaiOnline_files\02cleveland_files\shaadi560x20.gif --> ipnatlanta.net /camaga/vidyarthi/Archives/Archives/ChennaiOnline_files/02cleveland_files shaadi560x20.gif
2007.01.18 19:56 B c:\vidyarthi\Archives\ChennaiOnline_files\02cleveland_files\show_ads.js --> ipnatlanta.net /camaga/vidyarthi/Archives/Archives/ChennaiOnline_files/02cleveland_files show_ads.js
2007.01.18 19:56 B c:\vidyarthi\Archives\ChennaiOnline_files\02cleveland_files\srikrishnasweets01.gif --> ipnatlanta.net /camaga/vidyarthi/Archives/Archives/ChennaiOnline_files/02cleveland_files srikrishnasweets01.gif
2007.01.18 19:56 B c:\vidyarthi\Archives\ChennaiOnline_files\02cleveland_files\urchin.js --> ipnatlanta.net /camaga/vidyarthi/Archives/Archives/ChennaiOnline_files/02cleveland_files urchin.js
2007.01.18 19:56 B c:\vidyarthi\Archives\ChennaiOnline_files\02cleveland_files\viewcomment.gif --> ipnatlanta.net /camaga/vidyarthi/Archives/Archives/ChennaiOnline_files/02cleveland_files viewcomment.gif
2007.01.18 19:59 B c:\vidyarthi\Archives\ChennaiOnline_files\02cleveland_files\10376969-5.gif --> ipnatlanta.net /camaga/vidyarthi/Archives/ChennaiOnline_files/02cleveland_files 10376969-5.gif
2007.01.18 19:59 B c:\vidyarthi\Archives\ChennaiOnline_files\02cleveland_files\110x120.gif --> ipnatlanta.net /camaga/vidyarthi/Archives/ChennaiOnline_files/02cleveland_files 110x120.gif
2007.01.18 19:59 B c:\vidyarthi\Archives\ChennaiOnline_files\02cleveland_files\135x200.gif --> ipnatlanta.net /camaga/vidyarthi/Archives/ChennaiOnline_files/02cleveland_files 135x200.gif
2007.01.18 19:59 B c:\vidyarthi\Archives\ChennaiOnline_files\02cleveland_files\8g104o26v0zKMSLQQMTKMLOSRUTT.gif --> ipnatlanta.net /camaga/vidyarthi/Archives/ChennaiOnline_files/02cleveland_files 8g104o26v0zKMSLQQMTKMLOSRUTT.gif
2007.01.18 19:59 B c:\vidyarthi\Archives\ChennaiOnline_files\02cleveland_files\@Right2 --> ipnatlanta.net /camaga/vidyarthi/Archives/ChennaiOnline_files/02cleveland_files @Right2
2007.01.18 19:59 B c:\vidyarthi\Archives\ChennaiOnline_files\02cleveland_files\@Right2.gif --> ipnatlanta.net /camaga/vidyarthi/Archives/ChennaiOnline_files/02cleveland_files @Right2.gif
2007.01.18 19:59 B c:\vidyarthi\Archives\ChennaiOnline_files\02cleveland_files\admentornet(1).htm --> ipnatlanta.net /camaga/vidyarthi/Archives/ChennaiOnline_files/02cleveland_files admentornet(1).htm
2007.01.18 19:59 B c:\vidyarthi\Archives\ChennaiOnline_files\02cleveland_files\admentornet(2).htm --> ipnatlanta.net /camaga/vidyarthi/Archives/ChennaiOnline_files/02cleveland_files admentornet(2).htm
2007.01.18 19:59 B c:\vidyarthi\Archives\ChennaiOnline_files\02cleveland_files\admentornet(3).htm --> ipnatlanta.net /camaga/vidyarthi/Archives/ChennaiOnline_files/02cleveland_files admentornet(3).htm
2007.01.18 19:59 B c:\vidyarthi\Archives\ChennaiOnline_files\02cleveland_files\admentornet(4).htm --> ipnatlanta.net /camaga/vidyarthi/Archives/ChennaiOnline_files/02cleveland_files admentornet(4).htm
2007.01.18 19:59 B c:\vidyarthi\Archives\ChennaiOnline_files\02cleveland_files\admentornet.htm --> ipnatlanta.net /camaga/vidyarthi/Archives/ChennaiOnline_files/02cleveland_files admentornet.htm
2007.01.18 19:59 B c:\vidyarthi\Archives\ChennaiOnline_files\02cleveland_files\adview.gif --> ipnatlanta.net /camaga/vidyarthi/Archives/ChennaiOnline_files/02cleveland_files adview.gif
2007.01.18 19:59 B c:\vidyarthi\Archives\ChennaiOnline_files\02cleveland_files\bltfeature.gif --> ipnatlanta.net /camaga/vidyarthi/Archives/ChennaiOnline_files/02cleveland_files bltfeature.gif
2007.01.18 19:59 B c:\vidyarthi\Archives\ChennaiOnline_files\02cleveland_files\call01.gif --> ipnatlanta.net /camaga/vidyarthi/Archives/ChennaiOnline_files/02cleveland_files call01.gif
2007.01.18 19:59 B c:\vidyarthi\Archives\ChennaiOnline_files\02cleveland_files\cologo.gif --> ipnatlanta.net /camaga/vidyarthi/Archives/ChennaiOnline_files/02cleveland_files cologo.gif
2007.01.18 19:59 B c:\vidyarthi\Archives\ChennaiOnline_files\02cleveland_files\confirmed700x90.gif --> ipnatlanta.net /camaga/vidyarthi/Archives/ChennaiOnline_files/02cleveland_files confirmed700x90.gif
2007.01.18 19:59 B c:\vidyarthi\Archives\ChennaiOnline_files\02cleveland_files\datebg.gif --> ipnatlanta.net /camaga/vidyarthi/Archives/ChennaiOnline_files/02cleveland_files datebg.gif
2007.01.18 19:59 B c:\vidyarthi\Archives\ChennaiOnline_files\02cleveland_files\greenbg.gif --> ipnatlanta.net /camaga/vidyarthi/Archives/ChennaiOnline_files/02cleveland_files greenbg.gif
2007.01.18 19:59 B c:\vidyarthi\Archives\ChennaiOnline_files\02cleveland_files\greenleft.gif --> ipnatlanta.net /camaga/vidyarthi/Archives/ChennaiOnline_files/02cleveland_files greenleft.gif
2007.01.18 19:59 B c:\vidyarthi\Archives\ChennaiOnline_files\02cleveland_files\greenright.gif --> ipnatlanta.net /camaga/vidyarthi/Archives/ChennaiOnline_files/02cleveland_files greenright.gif
2007.01.18 19:59 B c:\vidyarthi\Archives\ChennaiOnline_files\02cleveland_files\i5116o26v0zKMSLQQMTKMLOTQORU.gif --> ipnatlanta.net /camaga/vidyarthi/Archives/ChennaiOnline_files/02cleveland_files i5116o26v0zKMSLQQMTKMLOTQORU.gif
2007.01.18 19:59 B c:\vidyarthi\Archives\ChennaiOnline_files\02cleveland_files\inmmt50x50.gif --> ipnatlanta.net /camaga/vidyarthi/Archives/ChennaiOnline_files/02cleveland_files inmmt50x50.gif
2007.01.18 19:59 B c:\vidyarthi\Archives\ChennaiOnline_files\02cleveland_files\Logo_25wht.gif --> ipnatlanta.net /camaga/vidyarthi/Archives/ChennaiOnline_files/02cleveland_files Logo_25wht.gif
2007.01.18 19:59 B c:\vidyarthi\Archives\ChennaiOnline_files\02cleveland_files\music.gif --> ipnatlanta.net /camaga/vidyarthi/Archives/ChennaiOnline_files/02cleveland_files music.gif
2007.01.18 19:59 B c:\vidyarthi\Archives\ChennaiOnline_files\02cleveland_files\postcomment.gif --> ipnatlanta.net /camaga/vidyarthi/Archives/ChennaiOnline_files/02cleveland_files postcomment.gif
2007.01.18 19:59 B c:\vidyarthi\Archives\ChennaiOnline_files\02cleveland_files\rd65qmqeki35B4995C3547B96B7.gif --> ipnatlanta.net /camaga/vidyarthi/Archives/ChennaiOnline_files/02cleveland_files rd65qmqeki35B4995C3547B96B7.gif
2007.01.18 19:59 B c:\vidyarthi\Archives\ChennaiOnline_files\02cleveland_files\shaadi-175x175.gif --> ipnatlanta.net /camaga/vidyarthi/Archives/ChennaiOnline_files/02cleveland_files shaadi-175x175.gif
2007.01.18 19:59 B c:\vidyarthi\Archives\ChennaiOnline_files\02cleveland_files\shaadi560x20.gif --> ipnatlanta.net /camaga/vidyarthi/Archives/ChennaiOnline_files/02cleveland_files shaadi560x20.gif
2007.01.18 19:59 B c:\vidyarthi\Archives\ChennaiOnline_files\02cleveland_files\show_ads.js --> ipnatlanta.net /camaga/vidyarthi/Archives/ChennaiOnline_files/02cleveland_files show_ads.js
2007.01.18 19:59 B c:\vidyarthi\Archives\ChennaiOnline_files\02cleveland_files\srikrishnasweets01.gif --> ipnatlanta.net /camaga/vidyarthi/Archives/ChennaiOnline_files/02cleveland_files srikrishnasweets01.gif
2007.01.18 19:59 B c:\vidyarthi\Archives\ChennaiOnline_files\02cleveland_files\urchin.js --> ipnatlanta.net /camaga/vidyarthi/Archives/ChennaiOnline_files/02cleveland_files urchin.js
2007.01.18 19:59 B c:\vidyarthi\Archives\ChennaiOnline_files\02cleveland_files\viewcomment.gif --> ipnatlanta.net /camaga/vidyarthi/Archives/ChennaiOnline_files/02cleveland_files viewcomment.gif
