2008.03.31 18:52 B c:\vidyarthi\Lighter_Vein\True_Karmayogi_files\03article08_files\viewcomment.gif --> ipnatlanta.net /vidyarthi/Lighter_Vein/True_Karmayogi_files/03article08_files viewcomment.gif
2008.03.31 18:52 B c:\vidyarthi\Lighter_Vein\True_Karmayogi_files\03article08_files\style.css --> ipnatlanta.net /vidyarthi/Lighter_Vein/True_Karmayogi_files/03article08_files style.css
2008.03.31 18:52 B c:\vidyarthi\Lighter_Vein\True_Karmayogi_files\03article08_files\style(1).css --> ipnatlanta.net /vidyarthi/Lighter_Vein/True_Karmayogi_files/03article08_files style(1).css
2008.03.31 18:52 B c:\vidyarthi\Lighter_Vein\True_Karmayogi_files\03article08_files\sms.gif --> ipnatlanta.net /vidyarthi/Lighter_Vein/True_Karmayogi_files/03article08_files sms.gif
2008.03.31 18:52 B c:\vidyarthi\Lighter_Vein\True_Karmayogi_files\03article08_files\raghurams02.gif --> ipnatlanta.net /vidyarthi/Lighter_Vein/True_Karmayogi_files/03article08_files raghurams02.gif
2008.03.31 18:52 B c:\vidyarthi\Lighter_Vein\True_Karmayogi_files\03article08_files\postcomment.gif --> ipnatlanta.net /vidyarthi/Lighter_Vein/True_Karmayogi_files/03article08_files postcomment.gif
2008.03.31 18:52 B c:\vidyarthi\Lighter_Vein\True_Karmayogi_files\03article08_files\hstyle.css --> ipnatlanta.net /vidyarthi/Lighter_Vein/True_Karmayogi_files/03article08_files hstyle.css
2008.03.31 18:52 B c:\vidyarthi\Lighter_Vein\True_Karmayogi_files\03article08_files\CAXLV4LY.htm --> ipnatlanta.net /vidyarthi/Lighter_Vein/True_Karmayogi_files/03article08_files CAXLV4LY.htm
2008.03.31 18:52 B c:\vidyarthi\Lighter_Vein\True_Karmayogi_files\03article08_files\aerrow.gif --> ipnatlanta.net /vidyarthi/Lighter_Vein/True_Karmayogi_files/03article08_files aerrow.gif
2008.03.31 18:52 B c:\vidyarthi\Lighter_Vein\True_Karmayogi_files\03article08_files\admentorserve.htm --> ipnatlanta.net /vidyarthi/Lighter_Vein/True_Karmayogi_files/03article08_files admentorserve.htm
2008.03.31 18:52 B c:\vidyarthi\Lighter_Vein\True_Karmayogi_files\03article08_files\admentorserve(5).htm --> ipnatlanta.net /vidyarthi/Lighter_Vein/True_Karmayogi_files/03article08_files admentorserve(5).htm
2008.03.31 18:52 B c:\vidyarthi\Lighter_Vein\True_Karmayogi_files\03article08_files\admentorserve(4).htm --> ipnatlanta.net /vidyarthi/Lighter_Vein/True_Karmayogi_files/03article08_files admentorserve(4).htm
2008.03.31 18:52 B c:\vidyarthi\Lighter_Vein\True_Karmayogi_files\03article08_files\admentorserve(3).htm --> ipnatlanta.net /vidyarthi/Lighter_Vein/True_Karmayogi_files/03article08_files admentorserve(3).htm
2008.03.31 18:52 B c:\vidyarthi\Lighter_Vein\True_Karmayogi_files\03article08_files\admentorserve(2).htm --> ipnatlanta.net /vidyarthi/Lighter_Vein/True_Karmayogi_files/03article08_files admentorserve(2).htm
2008.03.31 18:52 B c:\vidyarthi\Lighter_Vein\True_Karmayogi_files\03article08_files\admentorserve(1).htm --> ipnatlanta.net /vidyarthi/Lighter_Vein/True_Karmayogi_files/03article08_files admentorserve(1).htm
2008.03.31 18:52 B c:\vidyarthi\Lighter_Vein\True_Karmayogi_files\03article08_files\admentornet.htm --> ipnatlanta.net /vidyarthi/Lighter_Vein/True_Karmayogi_files/03article08_files admentornet.htm
2008.03.31 18:52 B c:\vidyarthi\Lighter_Vein\True_Karmayogi_files\03article08_files\admentornet(6).htm --> ipnatlanta.net /vidyarthi/Lighter_Vein/True_Karmayogi_files/03article08_files admentornet(6).htm
2008.03.31 18:52 B c:\vidyarthi\Lighter_Vein\True_Karmayogi_files\03article08_files\admentornet(5).htm --> ipnatlanta.net /vidyarthi/Lighter_Vein/True_Karmayogi_files/03article08_files admentornet(5).htm
2008.03.31 18:52 B c:\vidyarthi\Lighter_Vein\True_Karmayogi_files\03article08_files\admentornet(4).htm --> ipnatlanta.net /vidyarthi/Lighter_Vein/True_Karmayogi_files/03article08_files admentornet(4).htm
2008.03.31 18:52 B c:\vidyarthi\Lighter_Vein\True_Karmayogi_files\03article08_files\admentornet(3).htm --> ipnatlanta.net /vidyarthi/Lighter_Vein/True_Karmayogi_files/03article08_files admentornet(3).htm
2008.03.31 18:52 B c:\vidyarthi\Lighter_Vein\True_Karmayogi_files\03article08_files\admentornet(2).htm --> ipnatlanta.net /vidyarthi/Lighter_Vein/True_Karmayogi_files/03article08_files admentornet(2).htm
2008.03.31 18:52 B c:\vidyarthi\Lighter_Vein\True_Karmayogi_files\03article08_files\admentornet(1).htm --> ipnatlanta.net /vidyarthi/Lighter_Vein/True_Karmayogi_files/03article08_files admentornet(1).htm
2008.03.31 18:52 B c:\vidyarthi\Lighter_Vein\True_Karmayogi_files\03article08_files\234x60Marron.gif --> ipnatlanta.net /vidyarthi/Lighter_Vein/True_Karmayogi_files/03article08_files 234x60Marron.gif
2008.03.31 18:52 B c:\vidyarthi\Lighter_Vein\True_Karmayogi_files\03article08_files\show_ads.js --> ipnatlanta.net /vidyarthi/Lighter_Vein/True_Karmayogi_files/03article08_files show_ads.js
2008.03.31 18:52 B c:\vidyarthi\Lighter_Vein\True_Karmayogi_files\03article08_files\NanbaninKadhali01-90.jpg --> ipnatlanta.net /vidyarthi/Lighter_Vein/True_Karmayogi_files/03article08_files NanbaninKadhali01-90.jpg
2008.03.31 18:52 B c:\vidyarthi\Lighter_Vein\True_Karmayogi_files\03article08_files\livebanner.gif --> ipnatlanta.net /vidyarthi/Lighter_Vein/True_Karmayogi_files/03article08_files livebanner.gif
2008.03.31 18:52 B c:\vidyarthi\Lighter_Vein\True_Karmayogi_files\03article08_files\commonindia.gif --> ipnatlanta.net /vidyarthi/Lighter_Vein/True_Karmayogi_files/03article08_files commonindia.gif
2008.03.31 18:52 B c:\vidyarthi\Lighter_Vein\True_Karmayogi_files\03article08_files\6mstrip3.gif --> ipnatlanta.net /vidyarthi/Lighter_Vein/True_Karmayogi_files/03article08_files 6mstrip3.gif
2008.03.31 18:52 B c:\vidyarthi\Lighter_Vein\True_Karmayogi_files\03article08_files\6mstrip2.gif --> ipnatlanta.net /vidyarthi/Lighter_Vein/True_Karmayogi_files/03article08_files 6mstrip2.gif
2008.03.31 18:52 B c:\vidyarthi\Lighter_Vein\True_Karmayogi_files\03article08_files\6mstrip1.gif --> ipnatlanta.net /vidyarthi/Lighter_Vein/True_Karmayogi_files/03article08_files 6mstrip1.gif
2008.03.31 18:52 B c:\vidyarthi\Lighter_Vein\True_Karmayogi_files\03article08_files\adv110by300aCOL5.gif --> ipnatlanta.net /vidyarthi/Lighter_Vein/True_Karmayogi_files/03article08_files adv110by300aCOL5.gif
2008.03.31 18:52 B c:\vidyarthi\Lighter_Vein\True_Karmayogi_files\03article08_files\urchin.js --> ipnatlanta.net /vidyarthi/Lighter_Vein/True_Karmayogi_files/03article08_files urchin.js
2008.03.31 18:52 B c:\vidyarthi\Lighter_Vein\True_Karmayogi_files\03article08_files\tamilvu110.gif --> ipnatlanta.net /vidyarthi/Lighter_Vein/True_Karmayogi_files/03article08_files tamilvu110.gif
2008.03.31 18:52 B c:\vidyarthi\Lighter_Vein\True_Karmayogi_files\03article08_files\right.gif --> ipnatlanta.net /vidyarthi/Lighter_Vein/True_Karmayogi_files/03article08_files right.gif
2008.03.31 18:52 B c:\vidyarthi\Lighter_Vein\True_Karmayogi_files\03article08_files\panoramalogo.gif --> ipnatlanta.net /vidyarthi/Lighter_Vein/True_Karmayogi_files/03article08_files panoramalogo.gif
2008.03.31 18:52 B c:\vidyarthi\Lighter_Vein\True_Karmayogi_files\03article08_files\left01.gif --> ipnatlanta.net /vidyarthi/Lighter_Vein/True_Karmayogi_files/03article08_files left01.gif
2008.03.31 18:52 B c:\vidyarthi\Lighter_Vein\True_Karmayogi_files\03article08_files\hd-panorama.gif --> ipnatlanta.net /vidyarthi/Lighter_Vein/True_Karmayogi_files/03article08_files hd-panorama.gif
2008.03.31 18:52 B c:\vidyarthi\Lighter_Vein\True_Karmayogi_files\03article08_files\greenright.gif --> ipnatlanta.net /vidyarthi/Lighter_Vein/True_Karmayogi_files/03article08_files greenright.gif
2008.03.31 18:52 B c:\vidyarthi\Lighter_Vein\True_Karmayogi_files\03article08_files\greenleft.gif --> ipnatlanta.net /vidyarthi/Lighter_Vein/True_Karmayogi_files/03article08_files greenleft.gif
2008.03.31 18:53 B c:\vidyarthi\Lighter_Vein\True_Karmayogi_files\03article08_files\greenbg.gif --> ipnatlanta.net /vidyarthi/Lighter_Vein/True_Karmayogi_files/03article08_files greenbg.gif
2008.03.31 18:53 B c:\vidyarthi\Lighter_Vein\True_Karmayogi_files\03article08_files\datebg.gif --> ipnatlanta.net /vidyarthi/Lighter_Vein/True_Karmayogi_files/03article08_files datebg.gif
2008.03.31 18:53 B c:\vidyarthi\Lighter_Vein\True_Karmayogi_files\03article08_files\cricketcellbg.gif --> ipnatlanta.net /vidyarthi/Lighter_Vein/True_Karmayogi_files/03article08_files cricketcellbg.gif
2008.03.31 18:53 B c:\vidyarthi\Lighter_Vein\True_Karmayogi_files\03article08_files\cologo.gif --> ipnatlanta.net /vidyarthi/Lighter_Vein/True_Karmayogi_files/03article08_files cologo.gif
2008.03.31 18:53 B c:\vidyarthi\Lighter_Vein\True_Karmayogi_files\03article08_files\bltnews.gif --> ipnatlanta.net /vidyarthi/Lighter_Vein/True_Karmayogi_files/03article08_files bltnews.gif
2008.03.31 18:53 B c:\vidyarthi\Lighter_Vein\True_Karmayogi_files\03article08_files\468x60Green.gif --> ipnatlanta.net /vidyarthi/Lighter_Vein/True_Karmayogi_files/03article08_files 468x60Green.gif
2008.03.31 18:53 B c:\vidyarthi\Lighter_Vein\True_Karmayogi_files\03article08_files\110x300.gif --> ipnatlanta.net /vidyarthi/Lighter_Vein/True_Karmayogi_files/03article08_files 110x300.gif
2008.03.31 18:53 B c:\vidyarthi\Lighter_Vein\True_Karmayogi_files\03article08_files\Logo_25wht.gif --> ipnatlanta.net /vidyarthi/Lighter_Vein/True_Karmayogi_files/03article08_files Logo_25wht.gif
2008.03.31 18:57 B c:\vidyarthi\Lighter_Vein\True_Karmayogi_files\03article08_files\WS_FTP.LOG --> ipnatlanta.net /vidyarthi/Lighter_Vein/True_Karmayogi_files/03article08_files WS_FTP.LOG
2008.03.31 18:59 B c:\vidyarthi\Lighter_Vein\True_Karmayogi_files\03article08_files\WS_FTP.LOG --> ipnatlanta.net /vidyarthi/Lighter_Vein/True_Karmayogi_files/03article08_files WS_FTP.LOG
