2005.09.17 18:29 B c:\vidyarthi\Thyagaraja_Philosophy.htm <-- camaga /camaga/vidyarthi Thyagaraja_Philosophy.htm
2005.09.17 18:40 B c:\vidyarthi\Divyanama_Kirtanas.htm --> ipnatlanta.net / Divyanama_Kirtanas.htm
2005.09.17 18:40 B c:\vidyarthi\Divyanama_Kirtanas.htm --> ipnatlanta.net /camaga/vidyarthi Divyanama_Kirtanas.htm
2005.09.17 18:40 B c:\vidyarthi\Thyagaraja_ Musicologist.htm --> ipnatlanta.net /camaga/vidyarthi Thyagaraja_ Musicologist.htm
2005.09.17 18:40 B c:\vidyarthi\Thyagaraja_Philosophy.htm --> ipnatlanta.net /camaga/vidyarthi Thyagaraja_Philosophy.htm
2005.09.17 18:40 B c:\vidyarthi\Thyagaraja_The_Poet.htm --> ipnatlanta.net /camaga/vidyarthi Thyagaraja_The_Poet.htm
2005.09.17 18:40 B c:\vidyarthi\~$yagaraja_ Musicologist.htm --> ipnatlanta.net /camaga/vidyarthi ~$yagaraja_ Musicologist.htm
2005.09.17 18:45 B c:\vidyarthi\Thyagaraja_ Musicologist.htm --> ipnatlanta.net /camaga/vidyarthi Thyagaraja_ Musicologist.htm
2005.09.17 18:46 B c:\vidyarthi\Thyagaraja_The_Poet.htm --> ipnatlanta.net /camaga/vidyarthi Thyagaraja_The_Poet.htm
2005.09.17 18:48 B c:\vidyarthi\Divyanama_Kirtanas.htm --> ipnatlanta.net /camaga/vidyarthi Divyanama_Kirtanas.htm
2005.09.17 18:49 B c:\vidyarthi\Divyanama_Kirtanas.htm --> ipnatlanta.net /camaga/vidyarthi Divyanama_Kirtanas.htm
2005.09.18 17:09 B c:\vidyarthi\The_Musical_Plays.htm --> ipnatlanta.net /camaga The_Musical_Plays.htm
2005.09.18 17:13 B c:\vidyarthi\Thyagaraja_Philosophy.htm --> ipnatlanta.net /camaga/vidyarthi Thyagaraja_Philosophy.htm
2005.09.18 17:13 B c:\vidyarthi\The_Musical_Plays.htm --> ipnatlanta.net /camaga/vidyarthi The_Musical_Plays.htm
2005.09.20 07:52 A c:\vidyarthi\index.htm <-- camaga /camaga/vidyarthi index.htm
2005.09.20 08:21 B c:\vidyarthi\Link.htm --> ipnatlanta.net / Link.htm
2005.09.20 08:22 B c:\vidyarthi\Link.htm --> ipnatlanta.net /camaga/vidyarthi Link.htm
2005.09.20 08:23 B c:\vidyarthi\index.htm --> ipnatlanta.net /camaga/vidyarthi index.htm
2005.09.20 08:35 B c:\vidyarthi\Link.htm --> ipnatlanta.net /camaga/vidyarthi Link.htm
2005.09.20 18:56 B c:\vidyarthi\Thyagaraja_Philosophy.htm --> ipnatlanta.net /camaga/vidyarthi Thyagaraja_Philosophy.htm
2005.09.20 18:56 B c:\vidyarthi\Music_Salvation.htm --> ipnatlanta.net /camaga/vidyarthi Music_Salvation.htm
2005.09.20 18:56 B c:\vidyarthi\The_Musical_Plays.htm --> ipnatlanta.net /camaga/vidyarthi The_Musical_Plays.htm
2005.09.20 18:59 B c:\vidyarthi\Music_Salvation.htm --> ipnatlanta.net /camaga/vidyarthi Music_Salvation.htm
2005.10.10 09:03 B c:\vidyarthi\The_Musical_Plays.htm --> ipnatlanta.net /camaga/vidyarthi The_Musical_Plays.htm
2005.10.10 09:05 B c:\vidyarthi\The_Musical_Plays.htm --> ipnatlanta.net /camaga/vidyarthi The_Musical_Plays.htm
2005.10.10 10:27 B c:\vidyarthi\Forms_of_Music.htm --> ipnatlanta.net /camaga/vidyarthi Forms_of_Music.htm
2005.10.10 10:27 B c:\vidyarthi\Thyagaraja_Philosophy.htm --> ipnatlanta.net /camaga/vidyarthi Thyagaraja_Philosophy.htm
2005.10.10 10:29 B c:\vidyarthi\Forms_of_Music.htm --> ipnatlanta.net /camaga/vidyarthi Forms_of_Music.htm
2005.10.11 18:43 B c:\vidyarthi\Link.htm <-- camaga /camaga/vidyarthi Link.htm
2005.10.11 18:43 B c:\vidyarthi\Archives.htm <-- camaga /camaga/vidyarthi Archives.htm
2005.10.11 18:43 B c:\vidyarthi\Carnatic_Basics.htm <-- camaga /camaga/vidyarthi Carnatic_Basics.htm
2005.10.12 08:29 B c:\vidyarthi\index.htm --> ipnatlanta.net /camaga/vidyarthi index.htm
2005.10.12 08:31 B c:\vidyarthi\index.htm --> ipnatlanta.net /camaga/vidyarthi index.htm
2005.10.14 11:01 B c:\vidyarthi\Link_Vidyarthi.xls --> ipnatlanta.net /camaga/vidyarthi Link_Vidyarthi.xls
2005.10.14 11:02 B c:\vidyarthi\Link_Vidyarthi.xls --> ipnatlanta.net /camaga/vidyarthi Link_Vidyarthi.xls
2005.10.14 11:02 B c:\vidyarthi\Link.htm --> ipnatlanta.net /camaga/vidyarthi Link.htm
2005.10.14 11:05 B c:\vidyarthi\Link.htm --> ipnatlanta.net /camaga/vidyarthi Link.htm
2005.10.14 11:06 B c:\vidyarthi\Link.htm --> ipnatlanta.net /camaga/vidyarthi Link.htm
2005.10.14 11:08 B c:\vidyarthi\Link.htm --> ipnatlanta.net /camaga/vidyarthi Link.htm
2005.10.14 11:09 B c:\vidyarthi\Link.htm --> ipnatlanta.net /camaga/vidyarthi Link.htm
2005.10.14 11:22 B c:\vidyarthi\Link.htm --> ipnatlanta.net /camaga/vidyarthi Link.htm
2005.10.14 11:22 B c:\vidyarthi\Link.htm --> ipnatlanta.net /camaga/vidyarthi Link.htm
2005.10.14 11:23 B c:\vidyarthi\Link.htm --> ipnatlanta.net /camaga/vidyarthi Link.htm
2005.10.14 11:27 B c:\vidyarthi\Lamp.jpg --> ipnatlanta.net /camaga/vidyarthi Lamp.jpg
2005.10.14 11:27 B c:\vidyarthi\Link.htm --> ipnatlanta.net /camaga/vidyarthi Link.htm
2005.10.16 18:26 B c:\vidyarthi\Index.htm --> ipnatlanta.net /camaga/vidyarthi Index.htm
2005.10.16 18:27 B c:\vidyarthi\Index.htm --> ipnatlanta.net /camaga/vidyarthi Index.htm
2005.10.16 18:30 B c:\vidyarthi\index.htm --> ipnatlanta.net /camaga/vidyarthi index.htm
2005.10.16 18:43 B c:\vidyarthi\index.htm --> ipnatlanta.net / index.htm
2005.10.16 18:43 B c:\vidyarthi\index.htm --> ipnatlanta.net /camaga/vidyarthi index.htm
2005.10.16 18:45 B c:\vidyarthi\trinity.jpg --> ipnatlanta.net /camaga/vidyarthi trinity.jpg
2005.10.16 18:53 B c:\vidyarthi\index.htm --> ipnatlanta.net /camaga/vidyarthi index.htm
2005.10.16 18:54 B c:\vidyarthi\index.htm --> ipnatlanta.net /camaga/vidyarthi index.htm
2005.10.16 18:56 B c:\vidyarthi\index.htm --> ipnatlanta.net /camaga/vidyarthi index.htm
2005.10.16 19:03 B c:\vidyarthi\index.htm --> ipnatlanta.net /camaga/vidyarthi index.htm
2005.10.17 19:55 B c:\vidyarthi\Link.htm --> ipnatlanta.net /camaga/vidyarthi Link.htm
2005.10.17 19:57 B c:\vidyarthi\Aum.png --> ipnatlanta.net /camaga/vidyarthi Aum.png
2005.10.17 19:58 B c:\vidyarthi\Link.htm --> ipnatlanta.net /camaga/vidyarthi Link.htm
2005.10.18 08:41 B c:\vidyarthi\Link.htm --> ipnatlanta.net / Link.htm
2005.10.18 08:41 B c:\vidyarthi\Link.htm --> ipnatlanta.net /camaga/vidyarthi Link.htm
2005.10.19 19:01 B c:\vidyarthi\Music_Salvation.htm --> ipnatlanta.net /camaga/vidyarthi Music_Salvation.htm
2005.10.19 19:03 B c:\vidyarthi\Music_Salvation.htm --> ipnatlanta.net /camaga/vidyarthi Music_Salvation.htm
2005.10.19 19:04 B c:\vidyarthi\Music_Salvation.htm --> ipnatlanta.net /camaga/vidyarthi Music_Salvation.htm
2005.10.19 19:04 B c:\vidyarthi\Music_Salvation.htm --> ipnatlanta.net /camaga/vidyarthi Music_Salvation.htm
2005.10.20 08:05 B c:\vidyarthi\The Music of Hindostan.htm <-- camaga /camaga/vidyarthi The Music of Hindostan.htm
2005.10.20 08:19 A c:\vidyarthi\Pancharathna_TSP.htm <-- camaga /camaga/vidyarthi Pancharathna_TSP.htm
2005.10.20 08:52 B c:\vidyarthi\Musicology.htm --> ipnatlanta.net /camaga Musicology.htm
2005.10.20 08:54 B c:\vidyarthi\Thyagaraja_Philosophy.htm --> ipnatlanta.net /camaga Thyagaraja_Philosophy.htm
2005.10.20 08:56 B c:\vidyarthi\Thyagaraja_Philosophy.htm --> ipnatlanta.net /camaga/vidyarthi Thyagaraja_Philosophy.htm
2005.10.20 08:59 B c:\vidyarthi\Thyagaraja2.jpg --> ipnatlanta.net /camaga/vidyarthi Thyagaraja2.jpg
2005.10.20 09:01 B c:\vidyarthi\Thyagaraja_Philosophy.htm --> ipnatlanta.net /camaga/vidyarthi Thyagaraja_Philosophy.htm
2005.10.20 09:23 B c:\vidyarthi\Thyagaraja_Philosophy.htm --> ipnatlanta.net /camaga/vidyarthi Thyagaraja_Philosophy.htm
2005.10.20 09:25 B c:\vidyarthi\Thyagaraja_Philosophy.htm --> ipnatlanta.net /camaga/vidyarthi Thyagaraja_Philosophy.htm
2005.10.20 09:28 B c:\vidyarthi\Thyagaraja_Philosophy.htm --> ipnatlanta.net /camaga/vidyarthi Thyagaraja_Philosophy.htm
2005.10.20 09:32 B c:\vidyarthi\Thyagaraja_Philosophy.htm --> ipnatlanta.net /camaga/vidyarthi Thyagaraja_Philosophy.htm
2005.10.20 09:33 B c:\vidyarthi\Thyagaraja_Philosophy.htm --> ipnatlanta.net /camaga/vidyarthi Thyagaraja_Philosophy.htm
2005.10.20 09:36 B c:\vidyarthi\Thyagaraja_Philosophy.htm --> ipnatlanta.net /camaga/vidyarthi Thyagaraja_Philosophy.htm
2005.10.20 09:37 B c:\vidyarthi\Thyagaraja_Philosophy.htm --> ipnatlanta.net /camaga/vidyarthi Thyagaraja_Philosophy.htm
2005.10.21 15:47 B c:\vidyarthi\The Music of Hindostan.htm --> ipnatlanta.net /camaga/vidyarthi The Music of Hindostan.htm
2005.10.21 17:17 B c:\vidyarthi\Flute_2005.jpg <-- camaga /camaga Flute_2005.jpg
2005.10.21 17:39 B c:\vidyarthi\Amoeba_and_You.htm <-- camaga /camaga/vidyarthi Amoeba_and_You.htm
2005.10.21 17:52 B c:\vidyarthi\Archives.htm --> ipnatlanta.net /camaga/vidyarthi Archives.htm
2005.10.21 17:53 B c:\vidyarthi\vilakku2.jpg --> ipnatlanta.net /camaga/vidyarthi vilakku2.jpg
2005.10.21 17:53 B c:\vidyarthi\vilakku1.jpg --> ipnatlanta.net /camaga/vidyarthi vilakku1.jpg
2005.10.22 15:17 B c:\vidyarthi\index.htm --> ipnatlanta.net /camaga/vidyarthi index.htm
2005.10.22 15:29 B c:\vidyarthi\index.htm --> ipnatlanta.net /camaga/vidyarthi index.htm
2005.10.22 15:32 B c:\vidyarthi\index.htm --> ipnatlanta.net /camaga/vidyarthi index.htm
2005.10.22 15:40 B c:\vidyarthi\index.htm --> ipnatlanta.net /camaga/vidyarthi index.htm
2005.10.22 15:46 B c:\vidyarthi\index.htm --> ipnatlanta.net /camaga/vidyarthi index.htm
2005.10.22 15:49 B c:\vidyarthi\index.htm --> ipnatlanta.net /camaga/vidyarthi index.htm
2005.10.22 15:54 B c:\vidyarthi\index.htm --> ipnatlanta.net /camaga/vidyarthi index.htm
2005.10.22 15:56 B c:\vidyarthi\index.htm --> ipnatlanta.net /camaga/vidyarthi index.htm
2005.10.22 15:57 B c:\vidyarthi\index.htm --> ipnatlanta.net /camaga/vidyarthi index.htm
2005.10.22 16:00 B c:\vidyarthi\index.htm --> ipnatlanta.net /camaga/vidyarthi index.htm
2005.10.22 16:03 B c:\vidyarthi\index.htm --> ipnatlanta.net /camaga/vidyarthi index.htm
2005.10.22 16:11 B c:\vidyarthi\index.htm --> ipnatlanta.net /camaga/vidyarthi index.htm
2005.10.22 16:13 B c:\vidyarthi\index.htm --> ipnatlanta.net /camaga/vidyarthi index.htm
2005.10.22 16:48 B c:\vidyarthi\Divyanama_Kirtanas.htm --> ipnatlanta.net /camaga/vidyarthi Divyanama_Kirtanas.htm
2005.10.23 14:01 B c:\vidyarthi\MusicofHindostan.htm --> ipnatlanta.net /camaga/vidyarthi MusicofHindostan.htm
2005.10.23 14:03 B c:\vidyarthi\The Music of Hindostan.htm --> ipnatlanta.net /camaga/vidyarthi The Music of Hindostan.htm
2005.10.23 16:27 B C:\vidyarthi\The Music of Hindostan.htm --> ipnatlanta.net /camaga/vidyarthi The Music of Hindostan.htm
2005.10.23 20:56 A c:\vidyarthi\index3.htm --> ipnatlanta.net /camaga/vidyarthi index3.htm
2005.10.23 20:56 A c:\vidyarthi\Divyanama2.htm --> ipnatlanta.net /camaga/vidyarthi Divyanama2.htm
2005.10.23 20:57 A c:\vidyarthi\Link.htm --> ipnatlanta.net /camaga/vidyarthi Link.htm
2005.10.23 21:00 A c:\vidyarthi\index.htm --> ipnatlanta.net /camaga/vidyarthi index.htm
2005.10.23 21:00 A c:\vidyarthi\index.htm --> ipnatlanta.net /camaga/vidyarthi index.htm
2005.10.23 21:03 A c:\vidyarthi\index.htm --> ipnatlanta.net /camaga/vidyarthi index.htm
2005.10.23 21:03 A c:\vidyarthi\Link.htm --> ipnatlanta.net /camaga/vidyarthi Link.htm
2005.10.23 21:07 A c:\vidyarthi\index.htm --> ipnatlanta.net /camaga/vidyarthi index.htm
2005.10.24 07:10 B c:\vidyarthi\index.htm --> ipnatlanta.net /camaga/vidyarthi index.htm
2005.10.24 07:14 B c:\vidyarthi\index.htm --> ipnatlanta.net /camaga/vidyarthi index.htm
2005.10.24 07:15 B c:\vidyarthi\index.htm --> ipnatlanta.net /camaga/vidyarthi index.htm
2005.10.24 07:17 B c:\vidyarthi\Link.htm --> ipnatlanta.net /camaga/vidyarthi Link.htm
2005.10.24 09:39 B c:\vidyarthi\Divyanama_Kirtanas.htm --> ipnatlanta.net /camaga/vidyarthi Divyanama_Kirtanas.htm
2005.10.24 10:12 B c:\vidyarthi\Divyanama_Kirtanas.htm <-- camaga /camaga/vidyarthi Divyanama_Kirtanas.htm
2005.10.24 18:20 B c:\vidyarthi\Forms_of_Music_New.htm --> ipnatlanta.net /camaga/vidyarthi Forms_of_Music_New.htm
2005.10.24 18:24 B c:\vidyarthi\Forms_of_Music.htm --> ipnatlanta.net /camaga/vidyarthi Forms_of_Music.htm
2005.10.24 19:03 B c:\vidyarthi\Swaras.htm <-- camaga /camaga/vidyarthi Swaras.htm
2005.10.24 19:03 B c:\vidyarthi\Systems_of_Music.htm <-- camaga /camaga/vidyarthi Systems_of_Music.htm
2005.10.24 19:03 B c:\vidyarthi\Thala.htm <-- camaga /camaga/vidyarthi Thala.htm
2005.10.24 19:03 B c:\vidyarthi\Raga.htm <-- camaga /camaga/vidyarthi Raga.htm
2005.10.24 19:07 B c:\vidyarthi\Carnatic_Basics.htm --> ipnatlanta.net /camaga/vidyarthi Carnatic_Basics.htm
2005.10.24 19:59 B c:\vidyarthi\Archives.htm --> ipnatlanta.net /camaga/vidyarthi Archives.htm
2005.10.25 12:30 B c:\vidyarthi\Music_Salvation.htm --> ipnatlanta.net /camaga/vidyarthi Music_Salvation.htm
2005.10.25 12:33 B c:\vidyarthi\Music_Salvation.htm --> ipnatlanta.net /camaga/vidyarthi Music_Salvation.htm
2005.10.25 12:34 B c:\vidyarthi\Music_Salvation.htm --> ipnatlanta.net /camaga/vidyarthi Music_Salvation.htm
2005.10.25 12:35 B c:\vidyarthi\Music_Salvation.htm --> ipnatlanta.net /camaga/vidyarthi Music_Salvation.htm
2005.10.25 16:22 B c:\vidyarthi\Thyagaraja2.jpg --> ipnatlanta.net /camaga/vidyarthi Thyagaraja2.jpg
2005.10.26 10:29 B c:\vidyarthi\Pancharathna_TSP.htm --> ipnatlanta.net /camaga/vidyarthi Pancharathna_TSP.htm
2005.10.26 10:32 B c:\vidyarthi\Pancharathna_TSP.htm --> ipnatlanta.net /camaga/vidyarthi Pancharathna_TSP.htm
2005.10.26 10:33 B c:\vidyarthi\Pancharathna_TSP.htm --> ipnatlanta.net /camaga/vidyarthi Pancharathna_TSP.htm
2005.10.26 18:12 B c:\vidyarthi\Carnatic_Basics.htm --> ipnatlanta.net /camaga/vidyarthi Carnatic_Basics.htm
2005.10.26 18:12 B c:\vidyarthi\Link.htm --> ipnatlanta.net /camaga/vidyarthi Link.htm
2005.10.26 18:12 B c:\vidyarthi\Archives.htm --> ipnatlanta.net /camaga/vidyarthi Archives.htm
2005.10.26 18:20 B c:\vidyarthi\index.htm --> ipnatlanta.net /camaga/vidyarthi index.htm
2005.10.26 18:20 B c:\vidyarthi\Thyagaraja_Philosophy.htm --> ipnatlanta.net /camaga/vidyarthi Thyagaraja_Philosophy.htm
2005.10.26 18:24 B c:\vidyarthi\Thyagaraja_Philosophy.htm --> ipnatlanta.net /camaga/vidyarthi Thyagaraja_Philosophy.htm
2005.10.26 18:28 B c:\vidyarthi\Thyagaraja_Philosophy.htm --> ipnatlanta.net /camaga/vidyarthi Thyagaraja_Philosophy.htm
2005.10.27 09:43 B c:\vidyarthi\The_Musical_Plays.htm --> ipnatlanta.net /camaga/vidyarthi The_Musical_Plays.htm
2005.10.28 10:23 B c:\vidyarthi\Thyagaraja_Philosophy.htm --> ipnatlanta.net /camaga/vidyarthi Thyagaraja_Philosophy.htm
2005.10.28 10:27 B c:\vidyarthi\Archives.htm --> ipnatlanta.net /camaga/vidyarthi Archives.htm
2005.10.28 10:28 B c:\vidyarthi\Archives.htm --> ipnatlanta.net /camaga/vidyarthi Archives.htm
2005.10.28 10:30 B c:\vidyarthi\Archives.htm --> ipnatlanta.net /camaga/vidyarthi Archives.htm
2005.10.30 09:53 B c:\vidyarthi\Thyagaraja_ Musicologist.htm --> ipnatlanta.net /camaga/vidyarthi Thyagaraja_ Musicologist.htm
2005.10.30 10:51 B c:\vidyarthi\Thyagaraja_The_Poet.htm --> ipnatlanta.net /camaga/vidyarthi Thyagaraja_The_Poet.htm
2005.11.04 11:30 B c:\vidyarthi\Gurus_come_in_many_forms.htm --> ipnatlanta.net /camaga/vidyarthi Gurus_come_in_many_forms.htm
2005.11.04 11:30 B c:\vidyarthi\West_Is_East.htm --> ipnatlanta.net /camaga/vidyarthi West_Is_East.htm
2005.11.04 11:32 B c:\vidyarthi\Gurus_come_in_many_forms.htm --> ipnatlanta.net /camaga/vidyarthi Gurus_come_in_many_forms.htm
2005.11.04 11:32 B c:\vidyarthi\West_Is_East.htm --> ipnatlanta.net /camaga/vidyarthi West_Is_East.htm
2005.11.04 11:36 B c:\Vidyarthi\Gurus_come_in_many_forms.htm --> ipnatlanta.net /camaga/vidyarthi Gurus_come_in_many_forms.htm
2005.11.04 11:36 B c:\Vidyarthi\West_Is_East.htm --> ipnatlanta.net /camaga/vidyarthi West_Is_East.htm
2005.11.05 15:36 B c:\vidyarthi\Amoeba_and_You.htm --> ipnatlanta.net /camaga/vidyarthi Amoeba_and_You.htm
2005.11.05 15:52 B c:\vidyarthi\Be_the_Beautiful_Ganges.htm --> ipnatlanta.net /camaga/vidyarthi Be_the_Beautiful_Ganges.htm
2005.11.06 11:09 B c:\vidyarthi\Dancing Shiva.htm --> ipnatlanta.net /camaga/vidyarthi Dancing Shiva.htm
2005.11.06 11:09 B c:\vidyarthi\Dalailama_BMW_Nikeshoes.htm --> ipnatlanta.net /camaga/vidyarthi Dalailama_BMW_Nikeshoes.htm
2005.11.10 08:55 B c:\vidyarthi\Hinduism_Tracing_Roots.htm --> ipnatlanta.net /camaga/vidyarthi Hinduism_Tracing_Roots.htm
2005.11.10 08:59 B c:\vidyarthi\Archives.htm --> ipnatlanta.net /camaga/vidyarthi Archives.htm
2005.11.11 12:30 B c:\vidyarthi\Indian_Music_Religious_Music.htm --> ipnatlanta.net /camaga/vidyarthi Indian_Music_Religious_Music.htm
2005.11.11 18:36 B c:\vidyarthi\Music_Morality.htm --> ipnatlanta.net /camaga/vidyarthi Music_Morality.htm
2005.11.11 18:39 B c:\vidyarthi\Archives.htm --> ipnatlanta.net /camaga/vidyarthi Archives.htm
2005.11.11 18:42 B c:\vidyarthi\Archives.htm --> ipnatlanta.net /camaga/vidyarthi Archives.htm
2005.11.12 19:48 B C:\vidyarthi\Sivacharya_Samban_Dog.htm --> ipnatlanta.net /camaga/vidyarthi Sivacharya_Samban_Dog.htm
2005.11.12 19:49 B C:\vidyarthi\Archives.htm --> ipnatlanta.net /camaga/vidyarthi Archives.htm
2005.11.12 19:50 B C:\vidyarthi\Archives.htm --> ipnatlanta.net /camaga/vidyarthi Archives.htm
2005.11.12 19:51 B C:\vidyarthi\Archives.htm --> ipnatlanta.net /camaga/vidyarthi Archives.htm
2005.11.12 19:51 B C:\vidyarthi\Archives.htm --> ipnatlanta.net /camaga/vidyarthi Archives.htm
2005.11.12 19:54 B C:\vidyarthi\Sivacharya_Samban_Dog.htm --> ipnatlanta.net /camaga/vidyarthi Sivacharya_Samban_Dog.htm
2005.11.18 18:18 B c:\vidyarthi\Thyagaraja_Bharathiar.htm --> ipnatlanta.net /camaga/vidyarthi Thyagaraja_Bharathiar.htm
2005.11.27 18:30 B c:\vidyarthi\index.htm --> ipnatlanta.net /camaga/vidyarthi index.htm
2005.11.29 15:06 B c:\vidyarthi\index.htm --> ipnatlanta.net /camaga/vidyarthi index.htm
2005.11.29 15:08 B c:\vidyarthi\trinity.jpg --> ipnatlanta.net /camaga/vidyarthi trinity.jpg
2005.11.29 15:09 B c:\vidyarthi\index.htm --> ipnatlanta.net /camaga/vidyarthi index.htm
2005.11.29 15:09 B c:\vidyarthi\index.htm --> ipnatlanta.net /camaga/vidyarthi index.htm
2005.11.29 15:19 B c:\vidyarthi\index.htm --> ipnatlanta.net /camaga/vidyarthi index.htm
2005.11.29 15:23 B c:\vidyarthi\index.htm --> ipnatlanta.net /camaga/vidyarthi index.htm
2005.11.29 15:26 B c:\vidyarthi\index.htm --> ipnatlanta.net /camaga/vidyarthi index.htm
2005.12.04 09:36 B c:\vidyarthi\Link.htm --> ipnatlanta.net /camaga/vidyarthi Link.htm
2005.12.04 10:12 B c:\vidyarthi\Link.htm --> ipnatlanta.net /camaga/vidyarthi Link.htm
2005.12.04 16:47 B c:\vidyarthi\Grammar_Emotions_In_Thyagaraja_Compositions.htm --> ipnatlanta.net /camaga/vidyarthi Grammar_Emotions_In_Thyagaraja_Compositions.htm
2005.12.04 16:48 B c:\vidyarthi\Thyagaraja_Philosophy.htm --> ipnatlanta.net /camaga/vidyarthi Thyagaraja_Philosophy.htm
2005.12.04 16:49 B c:\vidyarthi\Thyagaraja_Philosophy.htm --> ipnatlanta.net /camaga/vidyarthi Thyagaraja_Philosophy.htm
2005.12.06 06:45 B c:\vidyarthi\Link.htm --> ipnatlanta.net /camaga/vidyarthi Link.htm
2005.12.08 10:14 B c:\vidyarthi\Thyagaraja_Philosophy.htm --> ipnatlanta.net /camaga Thyagaraja_Philosophy.htm
2005.12.08 10:15 B c:\vidyarthi\Thyagaraja_Philosophy.htm --> ipnatlanta.net /camaga/vidyarthi Thyagaraja_Philosophy.htm
2005.12.09 10:21 B c:\vidyarthi\index.htm --> ipnatlanta.net /camaga/vidyarthi index.htm
2005.12.09 10:22 B c:\vidyarthi\index.htm --> ipnatlanta.net /camaga/vidyarthi index.htm
2005.12.09 10:26 B c:\vidyarthi\index.htm --> ipnatlanta.net /camaga/vidyarthi index.htm
2005.12.22 10:18 B c:\vidyarthi\Carnatic_Basics.htm <-- camaga /camaga/vidyarthi Carnatic_Basics.htm
2005.12.22 10:20 B c:\vidyarthi\Carnatic_Basics.htm --> ipnatlanta.net /camaga/vidyarthi Carnatic_Basics.htm
2005.12.22 10:21 B c:\vidyarthi\Carnatic_Basics.htm --> ipnatlanta.net /camaga/vidyarthi Carnatic_Basics.htm
2005.12.22 10:21 B c:\vidyarthi\Great_Compsers_Carnatic_Music.htm --> ipnatlanta.net /camaga/vidyarthi Great_Compsers_Carnatic_Music.htm
2005.12.23 17:21 B c:\vidyarthi\Carnatic_Basics.htm --> ipnatlanta.net /camaga/vidyarthi Carnatic_Basics.htm
2005.12.23 17:28 B c:\vidyarthi\Carnatic_Basics.htm --> ipnatlanta.net /camaga/vidyarthi Carnatic_Basics.htm
2005.12.23 17:32 B c:\vidyarthi\index.htm --> ipnatlanta.net /camaga/vidyarthi index.htm
2005.12.23 17:35 B c:\vidyarthi\Carnatic_Basics.htm --> ipnatlanta.net /camaga/vidyarthi Carnatic_Basics.htm
2005.12.23 17:35 B c:\vidyarthi\index.htm --> ipnatlanta.net /camaga/vidyarthi index.htm
2005.12.23 17:36 B c:\vidyarthi\Carnatic_Basics.htm --> ipnatlanta.net /camaga/vidyarthi Carnatic_Basics.htm
2005.12.23 17:37 B c:\vidyarthi\Carnatic_Basics.htm --> ipnatlanta.net /camaga/vidyarthi Carnatic_Basics.htm
2005.12.23 17:38 B c:\vidyarthi\Carnatic_Basics.htm --> ipnatlanta.net /camaga/vidyarthi Carnatic_Basics.htm
2005.12.23 17:39 B c:\vidyarthi\Archives.htm --> ipnatlanta.net /camaga/vidyarthi Archives.htm
2005.12.25 18:01 B c:\vidyarthi\Melakarta_Scheme.htm --> ipnatlanta.net /camaga/vidyarthi Melakarta_Scheme.htm
2005.12.25 18:01 B c:\vidyarthi\Potpourri.htm --> ipnatlanta.net /camaga/vidyarthi Potpourri.htm
2005.12.25 18:39 B c:\vidyarthi\Carnatic_Basics.htm --> ipnatlanta.net /camaga/vidyarthi Carnatic_Basics.htm
2005.12.25 18:39 B c:\vidyarthi\Musical_Instruments.jpg --> ipnatlanta.net /camaga/vidyarthi Musical_Instruments.jpg
2006.01.08 10:52 B c:\vidyarthi\Link.htm --> ipnatlanta.net /camaga/vidyarthi Link.htm
2006.01.08 11:36 B c:\vidyarthi\Carnatic_Basics.htm --> ipnatlanta.net / Carnatic_Basics.htm
2006.01.08 11:36 B c:\vidyarthi\Carnatic_Basics.htm --> ipnatlanta.net / Carnatic_Basics.htm
2006.01.08 11:37 B c:\vidyarthi\Carnatic_Basics.htm --> ipnatlanta.net /camaga/vidyarthi Carnatic_Basics.htm
2006.01.08 11:37 B c:\vidyarthi\Triniti.htm --> ipnatlanta.net /camaga/vidyarthi Triniti.htm
2006.01.08 11:37 B c:\vidyarthi\Link.htm --> ipnatlanta.net /camaga/vidyarthi Link.htm
2006.01.08 11:37 B c:\vidyarthi\Quiz.htm --> ipnatlanta.net /camaga/vidyarthi Quiz.htm
2006.01.08 11:38 B c:\vidyarthi\Quiz.htm --> ipnatlanta.net /camaga/vidyarthi Quiz.htm
2006.01.08 11:41 B c:\vidyarthi\Quiz.htm --> ipnatlanta.net /camaga/vidyarthi Quiz.htm
2006.01.10 11:58 B c:\vidyarthi\index.htm --> ipnatlanta.net /camaga/vidyarthi index.htm
2006.01.10 12:01 B c:\vidyarthi\index.htm --> ipnatlanta.net /camaga/vidyarthi index.htm
2006.01.10 12:14 B c:\vidyarthi\index.htm --> ipnatlanta.net /camaga/vidyarthi index.htm
2006.01.10 12:16 B c:\vidyarthi\index.htm --> ipnatlanta.net /camaga/vidyarthi index.htm
2006.01.10 12:17 B c:\vidyarthi\index.htm --> ipnatlanta.net /camaga/vidyarthi index.htm
2006.01.10 12:18 B c:\vidyarthi\index.htm --> ipnatlanta.net /camaga/vidyarthi index.htm
2006.01.10 15:07 B c:\vidyarthi\Quiz.htm --> ipnatlanta.net /camaga/vidyarthi Quiz.htm
2006.01.12 09:57 B c:\vidyarthi\Quiz.htm --> ipnatlanta.net /camaga/vidyarthi Quiz.htm
2006.01.27 11:06 B c:\vidyarthi\Thyagaraja_Philosophy.htm --> ipnatlanta.net /camaga/vidyarthi Thyagaraja_Philosophy.htm
2006.01.27 11:10 B c:\vidyarthi\Thyagaraja_Philosophy.htm --> ipnatlanta.net /camaga/vidyarthi Thyagaraja_Philosophy.htm
2006.01.27 15:09 B c:\vidyarthi\Thyagaraja_Philosophy.htm --> ipnatlanta.net /camaga/vidyarthi Thyagaraja_Philosophy.htm
2006.01.29 18:03 B c:\vidyarthi\Thyagaraja_Philosophy.htm --> ipnatlanta.net /camaga/vidyarthi Thyagaraja_Philosophy.htm
2006.01.31 15:53 B c:\vidyarthi\Thyagaraja_Philosophy.htm --> ipnatlanta.net /camaga/vidyarthi Thyagaraja_Philosophy.htm
2006.02.01 12:53 B c:\vidyarthi\Thyagaraja_Philosophy.htm --> ipnatlanta.net /camaga/vidyarthi Thyagaraja_Philosophy.htm
2006.02.01 17:59 B c:\vidyarthi\Thyagaraja_Philosophy.htm --> ipnatlanta.net /camaga/vidyarthi Thyagaraja_Philosophy.htm
2006.02.03 15:15 B c:\vidyarthi\Thyagaraja_Philosophy.htm --> ipnatlanta.net /camaga/vidyarthi Thyagaraja_Philosophy.htm
2006.02.04 11:34 B c:\vidyarthi\Thyagaraja_Philosophy.htm --> ipnatlanta.net /camaga/vidyarthi Thyagaraja_Philosophy.htm
2006.06.15 17:19 B c:\vidyarthi\index.htm --> ipnatlanta.net /camaga/vidyarthi index.htm
2006.06.15 17:20 B c:\vidyarthi\index.htm --> ipnatlanta.net /camaga/vidyarthi index.htm
2006.06.15 18:06 B c:\vidyarthi\Lighter_Vein.htm --> ipnatlanta.net /camaga/vidyarthi Lighter_Vein.htm
2006.06.15 18:19 B c:\vidyarthi\Lighter_Vein.htm --> ipnatlanta.net /camaga/vidyarthi Lighter_Vein.htm
2006.06.15 18:22 B c:\vidyarthi\Lighter_Vein.htm --> ipnatlanta.net /camaga/vidyarthi Lighter_Vein.htm
2006.06.15 18:23 B c:\vidyarthi\Lighter_Vein.htm --> ipnatlanta.net /camaga/vidyarthi/Lighter_Vein Lighter_Vein.htm
2006.06.15 18:28 B c:\vidyarthi\Lighter_Vein.htm --> ipnatlanta.net /camaga/vidyarthi/Lighter_Vein Lighter_Vein.htm
2006.06.15 18:28 B c:\vidyarthi\Lighter_Vein.htm --> ipnatlanta.net /camaga/vidyarthi Lighter_Vein.htm
2006.06.17 19:15 B c:\vidyarthi\Lighter_Vein.htm --> ipnatlanta.net /camaga/vidyarthi Lighter_Vein.htm
2006.08.26 17:02 B c:\vidyarthi\Lighter_Vein.htm --> ipnatlanta.net /camaga/vidyarthi Lighter_Vein.htm
2006.08.26 17:03 B c:\vidyarthi\Lighter_Vein.htm --> ipnatlanta.net /camaga/vidyarthi Lighter_Vein.htm
2006.08.26 17:06 B c:\vidyarthi\Lighter_Vein.htm --> ipnatlanta.net /camaga/vidyarthi Lighter_Vein.htm
2006.08.26 17:07 B c:\vidyarthi\Lighter_Vein.htm --> ipnatlanta.net /camaga/vidyarthi Lighter_Vein.htm
2006.08.26 17:12 B c:\vidyarthi\Lighter_Vein.htm --> ipnatlanta.net /camaga/vidyarthi Lighter_Vein.htm
2006.08.26 17:13 B c:\vidyarthi\Lighter_Vein.htm <-- camaga /camaga/vidyarthi Lighter_Vein.htm
2006.08.26 17:14 B c:\vidyarthi\Lighter_Vein.htm <-- camaga /camaga/vidyarthi Lighter_Vein.htm
2006.08.26 17:16 B c:\vidyarthi\Lighter_Vein.htm <-- camaga /camaga/vidyarthi/Lighter_Vein Lighter_Vein.htm
2006.08.27 08:33 B c:\vidyarthi\Lighter_Vein.htm --> ipnatlanta.net /camaga/vidyarthi Lighter_Vein.htm
2007.01.18 17:40 B c:\vidyarthi\index.htm <-- camaga /camaga/vidyarthi index.htm
2007.01.18 18:33 B c:\vidyarthi\Philosophy.htm --> ipnatlanta.net /camaga/vidyarthi Philosophy.htm
2007.01.18 18:33 B c:\vidyarthi\Lighter_Vein.htm --> ipnatlanta.net /camaga/vidyarthi Lighter_Vein.htm
2007.01.18 18:33 B c:\vidyarthi\Carnatic_Basics.htm --> ipnatlanta.net /camaga/vidyarthi Carnatic_Basics.htm
2007.01.18 18:33 B c:\vidyarthi\index.htm --> ipnatlanta.net /camaga/vidyarthi index.htm
2007.01.18 18:34 B c:\vidyarthi\Heritage.htm --> ipnatlanta.net /camaga/vidyarthi Heritage.htm
2007.01.18 18:40 B c:\vidyarthi\index.htm --> ipnatlanta.net /camaga/vidyarthi index.htm
2007.01.18 18:40 B c:\vidyarthi\Heritage.htm --> ipnatlanta.net /camaga/vidyarthi Heritage.htm
2007.01.18 18:41 B c:\vidyarthi\Lighter_Vein.htm --> ipnatlanta.net /camaga/vidyarthi Lighter_Vein.htm
2007.01.18 18:41 B c:\vidyarthi\Carnatic_Basics.htm --> ipnatlanta.net /camaga/vidyarthi Carnatic_Basics.htm
2007.01.18 18:41 B c:\vidyarthi\Philosophy.htm --> ipnatlanta.net /camaga/vidyarthi Philosophy.htm
2007.01.18 18:57 B c:\vidyarthi\Heritage.htm --> ipnatlanta.net /camaga/vidyarthi Heritage.htm
2007.01.18 18:57 B c:\vidyarthi\index.htm --> ipnatlanta.net /camaga/vidyarthi index.htm
2007.01.18 18:59 B c:\vidyarthi\Heritage.htm --> ipnatlanta.net /camaga/vidyarthi Heritage.htm
2007.01.18 19:01 B c:\vidyarthi\Heritage.htm --> ipnatlanta.net /camaga/vidyarthi Heritage.htm
2007.01.18 19:04 B c:\vidyarthi\Heritage.htm --> ipnatlanta.net /camaga/vidyarthi Heritage.htm
2007.01.18 19:04 B c:\vidyarthi\Heritage.htm --> ipnatlanta.net /camaga/vidyarthi Heritage.htm
2007.01.18 19:05 B c:\vidyarthi\Heritage.htm --> ipnatlanta.net /camaga/vidyarthi Heritage.htm
2007.01.18 20:04 B c:\vidyarthi\Heritage.htm --> ipnatlanta.net /camaga/vidyarthi Heritage.htm
2007.01.18 20:05 B c:\vidyarthi\Heritage.htm --> ipnatlanta.net /camaga/vidyarthi Heritage.htm
2007.01.19 11:51 B c:\vidyarthi\Heritage.htm --> ipnatlanta.net /camaga/vidyarthi Heritage.htm
2007.01.19 11:53 B c:\vidyarthi\Heritage.htm --> ipnatlanta.net /camaga/vidyarthi Heritage.htm
2007.01.19 12:00 B c:\vidyarthi\Lighter_Vein.htm --> ipnatlanta.net /camaga/vidyarthi Lighter_Vein.htm
2007.01.19 12:00 B c:\vidyarthi\Lighter_Vein.htm --> ipnatlanta.net /camaga/vidyarthi Lighter_Vein.htm
2007.01.19 12:12 B c:\vidyarthi\Carnatic_Basics.htm --> ipnatlanta.net /camaga/vidyarthi Carnatic_Basics.htm
2007.01.19 12:15 B c:\vidyarthi\Carnatic_Basics.htm --> ipnatlanta.net /camaga/vidyarthi Carnatic_Basics.htm
2007.01.19 13:39 B c:\vidyarthi\Carnatic_Basics.htm --> ipnatlanta.net /camaga/vidyarthi Carnatic_Basics.htm
2007.01.19 13:49 B c:\vidyarthi\Carnatic_Basics.htm --> ipnatlanta.net /camaga/vidyarthi Carnatic_Basics.htm
2007.01.19 13:54 B c:\vidyarthi\Carnatic_Basics.htm --> ipnatlanta.net /camaga/vidyarthi Carnatic_Basics.htm
2007.01.19 14:05 B c:\vidyarthi\Philosophy.htm --> ipnatlanta.net /camaga/vidyarthi Philosophy.htm
2007.01.20 08:05 B c:\vidyarthi\index.htm --> ipnatlanta.net /camaga/vidyarthi index.htm
2007.01.20 08:07 B c:\vidyarthi\index.htm --> ipnatlanta.net /camaga/vidyarthi index.htm
2007.01.20 08:15 B c:\vidyarthi\index.htm --> ipnatlanta.net /camaga/vidyarthi index.htm
2007.01.21 10:54 B C:\vidyarthi\index.htm --> ipnatlanta.net /camaga/vidyarthi index.htm
2007.01.21 11:00 B C:\vidyarthi\index.htm --> ipnatlanta.net /camaga/vidyarthi index.htm
2007.01.21 17:18 B c:\vidyarthi\index.htm --> ipnatlanta.net /camaga/vidyarthi index.htm
2007.01.21 19:45 B c:\vidyarthi\Lighter_Vein.htm --> ipnatlanta.net /camaga/vidyarthi Lighter_Vein.htm
2007.01.21 20:02 B c:\vidyarthi\Lighter_Vein.htm --> ipnatlanta.net /camaga/vidyarthi Lighter_Vein.htm
2007.01.21 20:03 B c:\vidyarthi\Lighter_Vein.htm --> ipnatlanta.net /camaga/vidyarthi Lighter_Vein.htm
2007.01.30 19:05 B c:\vidyarthi\Carnatic_Basics.htm --> ipnatlanta.net /camaga/vidyarthi Carnatic_Basics.htm
2007.02.14 17:39 B c:\vidyarthi\index.htm --> ipnatlanta.net /vidyarthi index.htm
2007.02.14 17:39 B c:\vidyarthi\Carnatic_Basics.htm --> ipnatlanta.net /vidyarthi Carnatic_Basics.htm
2007.02.14 17:40 B c:\vidyarthi\Link.htm --> ipnatlanta.net /vidyarthi Link.htm
2007.02.14 17:41 B c:\vidyarthi\index.htm --> ipnatlanta.net /vidyarthi index.htm
2007.02.14 17:42 B c:\vidyarthi\index.htm --> ipnatlanta.net /vidyarthi index.htm
2007.02.14 17:44 B c:\vidyarthi\index.htm --> ipnatlanta.net /vidyarthi index.htm
2007.02.14 17:45 B c:\vidyarthi\index.htm --> ipnatlanta.net /vidyarthi index.htm
2007.02.14 19:17 B c:\vidyarthi\index.htm --> ipnatlanta.net /vidyarthi index.htm
2007.02.14 19:17 B c:\vidyarthi\Carnatic_Basics.htm --> ipnatlanta.net /vidyarthi Carnatic_Basics.htm
2007.02.14 19:17 B c:\vidyarthi\Lighter_Vein.htm --> ipnatlanta.net /vidyarthi Lighter_Vein.htm
2007.02.14 19:18 B c:\vidyarthi\Heritage.htm --> ipnatlanta.net /vidyarthi Heritage.htm
2007.02.23 18:49 B c:\vidyarthi\Link.htm --> ipnatlanta.net /vidyarthi Link.htm
2008.03.29 17:55 B c:\vidyarthi\index.htm <-- camaga /vidyarthi index.htm
2008.03.29 18:03 B c:\vidyarthi\index.htm --> ipnatlanta.net /vidyarthi index.htm
2008.03.29 18:05 B c:\vidyarthi\index.htm --> ipnatlanta.net /vidyarthi index.htm
2008.03.30 11:19 B c:\vidyarthi\index.htm --> ipnatlanta.net /vidyarthi index.htm
2008.03.30 11:21 B c:\vidyarthi\index.htm --> ipnatlanta.net /vidyarthi index.htm
2008.03.30 11:21 B c:\vidyarthi\Thyagaraja.jpg --> ipnatlanta.net /vidyarthi Thyagaraja.jpg
2008.03.31 17:40 B c:\vidyarthi\index.htm --> ipnatlanta.net /vidyarthi index.htm
2008.03.31 17:42 B c:\vidyarthi\index.htm --> ipnatlanta.net /vidyarthi index.htm
2008.03.31 17:46 B c:\vidyarthi\Lighter_Vein.htm --> ipnatlanta.net /vidyarthi Lighter_Vein.htm
2008.03.31 17:50 B c:\vidyarthi\index.htm --> ipnatlanta.net /vidyarthi index.htm
2008.03.31 17:51 B c:\vidyarthi\Thyagaraja.jpg --> ipnatlanta.net /vidyarthi Thyagaraja.jpg
2008.03.31 18:41 B c:\vidyarthi\Thyagaraja.jpg --> ipnatlanta.net / Thyagaraja.jpg
2008.03.31 18:43 B c:\vidyarthi\index.htm --> ipnatlanta.net / index.htm
2008.03.31 18:44 B c:\vidyarthi\index.htm --> ipnatlanta.net / index.htm
2008.03.31 18:45 B c:\vidyarthi\index.htm --> ipnatlanta.net / index.htm
2008.03.31 18:46 B c:\vidyarthi\index.htm --> ipnatlanta.net /vidyarthi index.htm
2008.03.31 18:48 B c:\vidyarthi\index.htm --> ipnatlanta.net /vidyarthi index.htm
2008.03.31 18:48 B c:\vidyarthi\index.htm --> ipnatlanta.net /vidyarthi index.htm
2008.03.31 18:50 B c:\vidyarthi\index.htm --> ipnatlanta.net /vidyarthi index.htm
2008.03.31 19:06 B c:\vidyarthi\Lighter_Vein.htm --> ipnatlanta.net /vidyarthi Lighter_Vein.htm
2008.04.04 07:17 B c:\vidyarthi\membership_form.htm <-- camaga / membership_form.htm
2008.07.17 17:40 B c:\vidyarthi\Link.htm --> ipnatlanta.net /vidyarthi Link.htm
2008.07.17 17:40 B c:\vidyarthi\Carnatic_Basics.htm --> ipnatlanta.net /vidyarthi Carnatic_Basics.htm
2008.07.17 17:40 B c:\vidyarthi\Philosophy.htm --> ipnatlanta.net /vidyarthi Philosophy.htm
2008.07.17 17:41 B c:\vidyarthi\Heritage.htm --> ipnatlanta.net /vidyarthi Heritage.htm
2008.07.17 17:42 B c:\vidyarthi\index.htm --> ipnatlanta.net /vidyarthi index.htm
2008.07.17 17:42 B c:\vidyarthi\Thinkingman2.jpg --> ipnatlanta.net /vidyarthi Thinkingman2.jpg
2008.07.17 17:42 B c:\vidyarthi\ThinkingMan.jpg --> ipnatlanta.net /vidyarthi ThinkingMan.jpg
2008.07.17 17:42 B c:\vidyarthi\thampura3.jpg --> ipnatlanta.net /vidyarthi thampura3.jpg
2008.07.17 17:42 B c:\vidyarthi\Threemurthy.jpg --> ipnatlanta.net /vidyarthi Threemurthy.jpg
2008.07.17 17:47 B c:\vidyarthi\Heritage.htm --> ipnatlanta.net /vidyarthi Heritage.htm
2008.07.17 17:49 B c:\vidyarthi\Heritage.htm --> ipnatlanta.net /vidyarthi Heritage.htm
2008.07.17 17:50 B c:\vidyarthi\Thampura.jpg --> ipnatlanta.net /vidyarthi Thampura.jpg
2008.07.17 17:51 B c:\vidyarthi\Carnatic_Basics.htm --> ipnatlanta.net /vidyarthi Carnatic_Basics.htm
2008.07.17 17:58 B c:\vidyarthi\Philosophy.htm --> ipnatlanta.net /vidyarthi Philosophy.htm
2008.07.17 18:01 B c:\vidyarthi\Philosophy.htm --> ipnatlanta.net /vidyarthi Philosophy.htm
2008.07.17 18:04 B c:\vidyarthi\Heritage.htm --> ipnatlanta.net /vidyarthi Heritage.htm
2008.07.17 18:05 B c:\vidyarthi\Heritage.htm --> ipnatlanta.net /vidyarthi Heritage.htm
2008.07.17 18:05 B c:\vidyarthi\Link.htm --> ipnatlanta.net /vidyarthi Link.htm
2008.07.18 09:58 B c:\vidyarthi\Philosophy.htm --> ipnatlanta.net /vidyarthi Philosophy.htm
2008.07.18 09:58 B c:\vidyarthi\Rama_Anjaneya.jpg --> ipnatlanta.net /vidyarthi Rama_Anjaneya.jpg
2008.07.18 09:58 B c:\vidyarthi\Carnatic_Basics.htm --> ipnatlanta.net /vidyarthi Carnatic_Basics.htm
2008.07.18 09:58 B c:\vidyarthi\Heritage.htm --> ipnatlanta.net /vidyarthi Heritage.htm
2008.07.18 09:58 B c:\vidyarthi\index.htm --> ipnatlanta.net /vidyarthi index.htm
2008.07.18 09:59 B c:\vidyarthi\Lighter_Vein.htm --> ipnatlanta.net /vidyarthi Lighter_Vein.htm
2008.07.18 10:09 B c:\vidyarthi\Lighter_Vein.htm --> ipnatlanta.net /vidyarthi Lighter_Vein.htm
2008.07.18 18:17 B c:\vidyarthi\Philosophy.htm --> ipnatlanta.net /vidyarthi Philosophy.htm
2008.07.18 18:17 B c:\vidyarthi\Heritage.htm --> ipnatlanta.net /vidyarthi Heritage.htm
2008.07.18 18:17 B c:\vidyarthi\Carnatic_Basics.htm --> ipnatlanta.net /vidyarthi Carnatic_Basics.htm
2008.07.18 18:17 B c:\vidyarthi\Lighter_Vein.htm --> ipnatlanta.net /vidyarthi Lighter_Vein.htm
2008.07.18 18:17 B c:\vidyarthi\Rama_Anjaneya.jpg --> ipnatlanta.net /vidyarthi Rama_Anjaneya.jpg
2008.07.18 18:24 B c:\vidyarthi\Carnatic_Basics.htm --> ipnatlanta.net /vidyarthi Carnatic_Basics.htm
2008.07.18 18:24 B c:\vidyarthi\Philosophy.htm --> ipnatlanta.net /vidyarthi Philosophy.htm
2008.07.18 18:24 B c:\vidyarthi\Heritage.htm --> ipnatlanta.net /vidyarthi Heritage.htm
2008.07.18 18:26 B c:\vidyarthi\Lighter_Vein.htm --> ipnatlanta.net /vidyarthi Lighter_Vein.htm
2008.07.24 18:09 B c:\vidyarthi\Heritage.htm --> ipnatlanta.net /vidyarthi Heritage.htm
2008.07.24 18:09 B c:\vidyarthi\Carnatic_Basics.htm --> ipnatlanta.net /vidyarthi Carnatic_Basics.htm
2008.07.24 18:09 B c:\vidyarthi\Philosophy.htm --> ipnatlanta.net /vidyarthi Philosophy.htm
