2010.07.24 11:50 B c:\vidyarthi\Lighter_Vein\Whatreligionisallabout_files\white-strip.jpg --> ipnatlanta.net /vidyarthi/Indogram/Whatreligionisallabout_files white-strip.jpg
2010.07.24 11:50 B c:\vidyarthi\Lighter_Vein\Whatreligionisallabout_files\topmenu.css --> ipnatlanta.net /vidyarthi/Indogram/Whatreligionisallabout_files topmenu.css
2010.07.24 11:50 B c:\vidyarthi\Lighter_Vein\Whatreligionisallabout_files\top_bg.gif --> ipnatlanta.net /vidyarthi/Indogram/Whatreligionisallabout_files top_bg.gif
2010.07.24 11:50 B c:\vidyarthi\Lighter_Vein\Whatreligionisallabout_files\t.gif --> ipnatlanta.net /vidyarthi/Indogram/Whatreligionisallabout_files t.gif
2010.07.24 11:50 B c:\vidyarthi\Lighter_Vein\Whatreligionisallabout_files\SpryTabbedPanels.js --> ipnatlanta.net /vidyarthi/Indogram/Whatreligionisallabout_files SpryTabbedPanels.js
2010.07.24 11:50 B c:\vidyarthi\Lighter_Vein\Whatreligionisallabout_files\SpryTabbedPanels.css --> ipnatlanta.net /vidyarthi/Indogram/Whatreligionisallabout_files SpryTabbedPanels.css
2010.07.24 11:50 B c:\vidyarthi\Lighter_Vein\Whatreligionisallabout_files\show_ads.js --> ipnatlanta.net /vidyarthi/Indogram/Whatreligionisallabout_files show_ads.js
2010.07.24 11:50 B c:\vidyarthi\Lighter_Vein\Whatreligionisallabout_files\search-topcellbe.gif --> ipnatlanta.net /vidyarthi/Indogram/Whatreligionisallabout_files search-topcellbe.gif
2010.07.24 11:50 B c:\vidyarthi\Lighter_Vein\Whatreligionisallabout_files\search-bg.gif --> ipnatlanta.net /vidyarthi/Indogram/Whatreligionisallabout_files search-bg.gif
2010.07.24 11:50 B c:\vidyarthi\Lighter_Vein\Whatreligionisallabout_files\search-battcellbe.gif --> ipnatlanta.net /vidyarthi/Indogram/Whatreligionisallabout_files search-battcellbe.gif
2010.07.24 11:50 B c:\vidyarthi\Lighter_Vein\Whatreligionisallabout_files\rightcellbg.gif --> ipnatlanta.net /vidyarthi/Indogram/Whatreligionisallabout_files rightcellbg.gif
2010.07.24 11:50 B c:\vidyarthi\Lighter_Vein\Whatreligionisallabout_files\rightbg.gif --> ipnatlanta.net /vidyarthi/Indogram/Whatreligionisallabout_files rightbg.gif
2010.07.24 11:50 B c:\vidyarthi\Lighter_Vein\Whatreligionisallabout_files\r.gif --> ipnatlanta.net /vidyarthi/Indogram/Whatreligionisallabout_files r.gif
2010.07.24 11:50 B c:\vidyarthi\Lighter_Vein\Whatreligionisallabout_files\mhtFF.tmp --> ipnatlanta.net /vidyarthi/Indogram/Whatreligionisallabout_files mhtFF.tmp
2010.07.24 11:50 B c:\vidyarthi\Lighter_Vein\Whatreligionisallabout_files\mhtFF(1).tmp --> ipnatlanta.net /vidyarthi/Indogram/Whatreligionisallabout_files mhtFF(1).tmp
2010.07.24 11:50 B c:\vidyarthi\Lighter_Vein\Whatreligionisallabout_files\mhtFC.tmp --> ipnatlanta.net /vidyarthi/Indogram/Whatreligionisallabout_files mhtFC.tmp
2010.07.24 11:50 B c:\vidyarthi\Lighter_Vein\Whatreligionisallabout_files\mhtFC(1).tmp --> ipnatlanta.net /vidyarthi/Indogram/Whatreligionisallabout_files mhtFC(1).tmp
2010.07.24 11:50 B c:\vidyarthi\Lighter_Vein\Whatreligionisallabout_files\mhtF9.tmp --> ipnatlanta.net /vidyarthi/Indogram/Whatreligionisallabout_files mhtF9.tmp
2010.07.24 11:50 B c:\vidyarthi\Lighter_Vein\Whatreligionisallabout_files\mhtF9(1).tmp --> ipnatlanta.net /vidyarthi/Indogram/Whatreligionisallabout_files mhtF9(1).tmp
2010.07.24 11:50 B c:\vidyarthi\Lighter_Vein\Whatreligionisallabout_files\mhtF6.tmp --> ipnatlanta.net /vidyarthi/Indogram/Whatreligionisallabout_files mhtF6.tmp
2010.07.24 11:50 B c:\vidyarthi\Lighter_Vein\Whatreligionisallabout_files\mhtF6(1).tmp --> ipnatlanta.net /vidyarthi/Indogram/Whatreligionisallabout_files mhtF6(1).tmp
2010.07.24 11:50 B c:\vidyarthi\Lighter_Vein\Whatreligionisallabout_files\mhtF3.tmp --> ipnatlanta.net /vidyarthi/Indogram/Whatreligionisallabout_files mhtF3.tmp
2010.07.24 11:50 B c:\vidyarthi\Lighter_Vein\Whatreligionisallabout_files\mhtF3(1).tmp --> ipnatlanta.net /vidyarthi/Indogram/Whatreligionisallabout_files mhtF3(1).tmp
2010.07.24 11:50 B c:\vidyarthi\Lighter_Vein\Whatreligionisallabout_files\mhtF0.tmp --> ipnatlanta.net /vidyarthi/Indogram/Whatreligionisallabout_files mhtF0.tmp
2010.07.24 11:50 B c:\vidyarthi\Lighter_Vein\Whatreligionisallabout_files\mhtF0(1).tmp --> ipnatlanta.net /vidyarthi/Indogram/Whatreligionisallabout_files mhtF0(1).tmp
2010.07.24 11:50 B c:\vidyarthi\Lighter_Vein\Whatreligionisallabout_files\mhtED.tmp --> ipnatlanta.net /vidyarthi/Indogram/Whatreligionisallabout_files mhtED.tmp
2010.07.24 11:50 B c:\vidyarthi\Lighter_Vein\Whatreligionisallabout_files\mhtED(1).tmp --> ipnatlanta.net /vidyarthi/Indogram/Whatreligionisallabout_files mhtED(1).tmp
2010.07.24 11:50 B c:\vidyarthi\Lighter_Vein\Whatreligionisallabout_files\mht14D.tmp --> ipnatlanta.net /vidyarthi/Indogram/Whatreligionisallabout_files mht14D.tmp
2010.07.24 11:50 B c:\vidyarthi\Lighter_Vein\Whatreligionisallabout_files\mht14D(1).tmp --> ipnatlanta.net /vidyarthi/Indogram/Whatreligionisallabout_files mht14D(1).tmp
2010.07.24 11:50 B c:\vidyarthi\Lighter_Vein\Whatreligionisallabout_files\mht14A.tmp --> ipnatlanta.net /vidyarthi/Indogram/Whatreligionisallabout_files mht14A.tmp
2010.07.24 11:50 B c:\vidyarthi\Lighter_Vein\Whatreligionisallabout_files\mht14A(1).tmp --> ipnatlanta.net /vidyarthi/Indogram/Whatreligionisallabout_files mht14A(1).tmp
2010.07.24 11:50 B c:\vidyarthi\Lighter_Vein\Whatreligionisallabout_files\mht147.tmp --> ipnatlanta.net /vidyarthi/Indogram/Whatreligionisallabout_files mht147.tmp
2010.07.24 11:50 B c:\vidyarthi\Lighter_Vein\Whatreligionisallabout_files\mht147(1).tmp --> ipnatlanta.net /vidyarthi/Indogram/Whatreligionisallabout_files mht147(1).tmp
2010.07.24 11:50 B c:\vidyarthi\Lighter_Vein\Whatreligionisallabout_files\mht144.tmp --> ipnatlanta.net /vidyarthi/Indogram/Whatreligionisallabout_files mht144.tmp
2010.07.24 11:50 B c:\vidyarthi\Lighter_Vein\Whatreligionisallabout_files\mht144(1).tmp --> ipnatlanta.net /vidyarthi/Indogram/Whatreligionisallabout_files mht144(1).tmp
2010.07.24 11:50 B c:\vidyarthi\Lighter_Vein\Whatreligionisallabout_files\mht141.tmp --> ipnatlanta.net /vidyarthi/Indogram/Whatreligionisallabout_files mht141.tmp
2010.07.24 11:50 B c:\vidyarthi\Lighter_Vein\Whatreligionisallabout_files\mht141(1).tmp --> ipnatlanta.net /vidyarthi/Indogram/Whatreligionisallabout_files mht141(1).tmp
2010.07.24 11:50 B c:\vidyarthi\Lighter_Vein\Whatreligionisallabout_files\mht13E.tmp --> ipnatlanta.net /vidyarthi/Indogram/Whatreligionisallabout_files mht13E.tmp
2010.07.24 11:50 B c:\vidyarthi\Lighter_Vein\Whatreligionisallabout_files\mht13E(1).tmp --> ipnatlanta.net /vidyarthi/Indogram/Whatreligionisallabout_files mht13E(1).tmp
2010.07.24 11:50 B c:\vidyarthi\Lighter_Vein\Whatreligionisallabout_files\mht13B.tmp --> ipnatlanta.net /vidyarthi/Indogram/Whatreligionisallabout_files mht13B.tmp
2010.07.24 11:50 B c:\vidyarthi\Lighter_Vein\Whatreligionisallabout_files\mht13B(1).tmp --> ipnatlanta.net /vidyarthi/Indogram/Whatreligionisallabout_files mht13B(1).tmp
2010.07.24 11:50 B c:\vidyarthi\Lighter_Vein\Whatreligionisallabout_files\mht138.tmp --> ipnatlanta.net /vidyarthi/Indogram/Whatreligionisallabout_files mht138.tmp
2010.07.24 11:50 B c:\vidyarthi\Lighter_Vein\Whatreligionisallabout_files\mht138(1).tmp --> ipnatlanta.net /vidyarthi/Indogram/Whatreligionisallabout_files mht138(1).tmp
2010.07.24 11:50 B c:\vidyarthi\Lighter_Vein\Whatreligionisallabout_files\mht135.tmp --> ipnatlanta.net /vidyarthi/Indogram/Whatreligionisallabout_files mht135.tmp
2010.07.24 11:50 B c:\vidyarthi\Lighter_Vein\Whatreligionisallabout_files\mht135(1).tmp --> ipnatlanta.net /vidyarthi/Indogram/Whatreligionisallabout_files mht135(1).tmp
2010.07.24 11:50 B c:\vidyarthi\Lighter_Vein\Whatreligionisallabout_files\mht132.tmp --> ipnatlanta.net /vidyarthi/Indogram/Whatreligionisallabout_files mht132.tmp
2010.07.24 11:50 B c:\vidyarthi\Lighter_Vein\Whatreligionisallabout_files\mht132(1).tmp --> ipnatlanta.net /vidyarthi/Indogram/Whatreligionisallabout_files mht132(1).tmp
2010.07.24 11:50 B c:\vidyarthi\Lighter_Vein\Whatreligionisallabout_files\mht12F.tmp --> ipnatlanta.net /vidyarthi/Indogram/Whatreligionisallabout_files mht12F.tmp
2010.07.24 11:50 B c:\vidyarthi\Lighter_Vein\Whatreligionisallabout_files\mht12F(1).tmp --> ipnatlanta.net /vidyarthi/Indogram/Whatreligionisallabout_files mht12F(1).tmp
2010.07.24 11:50 B c:\vidyarthi\Lighter_Vein\Whatreligionisallabout_files\mht12C.tmp --> ipnatlanta.net /vidyarthi/Indogram/Whatreligionisallabout_files mht12C.tmp
2010.07.24 11:50 B c:\vidyarthi\Lighter_Vein\Whatreligionisallabout_files\mht12C(1).tmp --> ipnatlanta.net /vidyarthi/Indogram/Whatreligionisallabout_files mht12C(1).tmp
2010.07.24 11:50 B c:\vidyarthi\Lighter_Vein\Whatreligionisallabout_files\mht129.tmp --> ipnatlanta.net /vidyarthi/Indogram/Whatreligionisallabout_files mht129.tmp
2010.07.24 11:50 B c:\vidyarthi\Lighter_Vein\Whatreligionisallabout_files\mht129(1).tmp --> ipnatlanta.net /vidyarthi/Indogram/Whatreligionisallabout_files mht129(1).tmp
2010.07.24 11:50 B c:\vidyarthi\Lighter_Vein\Whatreligionisallabout_files\mht126.tmp --> ipnatlanta.net /vidyarthi/Indogram/Whatreligionisallabout_files mht126.tmp
2010.07.24 11:50 B c:\vidyarthi\Lighter_Vein\Whatreligionisallabout_files\mht126(1).tmp --> ipnatlanta.net /vidyarthi/Indogram/Whatreligionisallabout_files mht126(1).tmp
2010.07.24 11:50 B c:\vidyarthi\Lighter_Vein\Whatreligionisallabout_files\mht123.tmp --> ipnatlanta.net /vidyarthi/Indogram/Whatreligionisallabout_files mht123.tmp
2010.07.24 11:50 B c:\vidyarthi\Lighter_Vein\Whatreligionisallabout_files\mht123(1).tmp --> ipnatlanta.net /vidyarthi/Indogram/Whatreligionisallabout_files mht123(1).tmp
2010.07.24 11:50 B c:\vidyarthi\Lighter_Vein\Whatreligionisallabout_files\mht120.tmp --> ipnatlanta.net /vidyarthi/Indogram/Whatreligionisallabout_files mht120.tmp
2010.07.24 11:50 B c:\vidyarthi\Lighter_Vein\Whatreligionisallabout_files\mht120(1).tmp --> ipnatlanta.net /vidyarthi/Indogram/Whatreligionisallabout_files mht120(1).tmp
2010.07.24 11:50 B c:\vidyarthi\Lighter_Vein\Whatreligionisallabout_files\mht11D.tmp --> ipnatlanta.net /vidyarthi/Indogram/Whatreligionisallabout_files mht11D.tmp
2010.07.24 11:50 B c:\vidyarthi\Lighter_Vein\Whatreligionisallabout_files\mht11D(1).tmp --> ipnatlanta.net /vidyarthi/Indogram/Whatreligionisallabout_files mht11D(1).tmp
2010.07.24 11:50 B c:\vidyarthi\Lighter_Vein\Whatreligionisallabout_files\mht11A.tmp --> ipnatlanta.net /vidyarthi/Indogram/Whatreligionisallabout_files mht11A.tmp
2010.07.24 11:50 B c:\vidyarthi\Lighter_Vein\Whatreligionisallabout_files\mht11A(1).tmp --> ipnatlanta.net /vidyarthi/Indogram/Whatreligionisallabout_files mht11A(1).tmp
2010.07.24 11:50 B c:\vidyarthi\Lighter_Vein\Whatreligionisallabout_files\mht117.tmp --> ipnatlanta.net /vidyarthi/Indogram/Whatreligionisallabout_files mht117.tmp
2010.07.24 11:50 B c:\vidyarthi\Lighter_Vein\Whatreligionisallabout_files\mht117(1).tmp --> ipnatlanta.net /vidyarthi/Indogram/Whatreligionisallabout_files mht117(1).tmp
2010.07.24 11:50 B c:\vidyarthi\Lighter_Vein\Whatreligionisallabout_files\mht114.tmp --> ipnatlanta.net /vidyarthi/Indogram/Whatreligionisallabout_files mht114.tmp
2010.07.24 11:50 B c:\vidyarthi\Lighter_Vein\Whatreligionisallabout_files\mht114(1).tmp --> ipnatlanta.net /vidyarthi/Indogram/Whatreligionisallabout_files mht114(1).tmp
2010.07.24 11:50 B c:\vidyarthi\Lighter_Vein\Whatreligionisallabout_files\mht111.tmp --> ipnatlanta.net /vidyarthi/Indogram/Whatreligionisallabout_files mht111.tmp
2010.07.24 11:50 B c:\vidyarthi\Lighter_Vein\Whatreligionisallabout_files\mht111(1).tmp --> ipnatlanta.net /vidyarthi/Indogram/Whatreligionisallabout_files mht111(1).tmp
2010.07.24 11:50 B c:\vidyarthi\Lighter_Vein\Whatreligionisallabout_files\mht10E.tmp --> ipnatlanta.net /vidyarthi/Indogram/Whatreligionisallabout_files mht10E.tmp
2010.07.24 11:50 B c:\vidyarthi\Lighter_Vein\Whatreligionisallabout_files\mht10E(1).tmp --> ipnatlanta.net /vidyarthi/Indogram/Whatreligionisallabout_files mht10E(1).tmp
2010.07.24 11:50 B c:\vidyarthi\Lighter_Vein\Whatreligionisallabout_files\mht10B.tmp --> ipnatlanta.net /vidyarthi/Indogram/Whatreligionisallabout_files mht10B.tmp
2010.07.24 11:50 B c:\vidyarthi\Lighter_Vein\Whatreligionisallabout_files\mht10B(1).tmp --> ipnatlanta.net /vidyarthi/Indogram/Whatreligionisallabout_files mht10B(1).tmp
2010.07.24 11:50 B c:\vidyarthi\Lighter_Vein\Whatreligionisallabout_files\mht108.tmp --> ipnatlanta.net /vidyarthi/Indogram/Whatreligionisallabout_files mht108.tmp
2010.07.24 11:50 B c:\vidyarthi\Lighter_Vein\Whatreligionisallabout_files\mht108(1).tmp --> ipnatlanta.net /vidyarthi/Indogram/Whatreligionisallabout_files mht108(1).tmp
2010.07.24 11:50 B c:\vidyarthi\Lighter_Vein\Whatreligionisallabout_files\mht105.tmp --> ipnatlanta.net /vidyarthi/Indogram/Whatreligionisallabout_files mht105.tmp
2010.07.24 11:50 B c:\vidyarthi\Lighter_Vein\Whatreligionisallabout_files\mht105(1).tmp --> ipnatlanta.net /vidyarthi/Indogram/Whatreligionisallabout_files mht105(1).tmp
2010.07.24 11:50 B c:\vidyarthi\Lighter_Vein\Whatreligionisallabout_files\mht102.tmp --> ipnatlanta.net /vidyarthi/Indogram/Whatreligionisallabout_files mht102.tmp
2010.07.24 11:50 B c:\vidyarthi\Lighter_Vein\Whatreligionisallabout_files\mht102(1).tmp --> ipnatlanta.net /vidyarthi/Indogram/Whatreligionisallabout_files mht102(1).tmp
2010.07.24 12:02 B c:\vidyarthi\Indogram\Whatreligionisallabout_files\b.gif --> ipnatlanta.net /vidyarthi/Indogram/Whatreligionisallabout_files b.gif
2010.07.24 12:02 B c:\vidyarthi\Indogram\Whatreligionisallabout_files\batt_bg.gif --> ipnatlanta.net /vidyarthi/Indogram/Whatreligionisallabout_files batt_bg.gif
2010.07.24 12:02 B c:\vidyarthi\Indogram\Whatreligionisallabout_files\bg1.gif --> ipnatlanta.net /vidyarthi/Indogram/Whatreligionisallabout_files bg1.gif
2010.07.24 12:02 B c:\vidyarthi\Indogram\Whatreligionisallabout_files\CAJLAKTG.htm --> ipnatlanta.net /vidyarthi/Indogram/Whatreligionisallabout_files CAJLAKTG.htm
2010.07.24 12:02 B c:\vidyarthi\Indogram\Whatreligionisallabout_files\cellbg.gif --> ipnatlanta.net /vidyarthi/Indogram/Whatreligionisallabout_files cellbg.gif
2010.07.24 12:02 B c:\vidyarthi\Indogram\Whatreligionisallabout_files\grey-bg.gif --> ipnatlanta.net /vidyarthi/Indogram/Whatreligionisallabout_files grey-bg.gif
2010.07.24 12:02 B c:\vidyarthi\Indogram\Whatreligionisallabout_files\inr.css --> ipnatlanta.net /vidyarthi/Indogram/Whatreligionisallabout_files inr.css
2010.07.24 12:02 B c:\vidyarthi\Indogram\Whatreligionisallabout_files\l.gif --> ipnatlanta.net /vidyarthi/Indogram/Whatreligionisallabout_files l.gif
2010.07.24 12:02 B c:\vidyarthi\Indogram\Whatreligionisallabout_files\lefbg.gif --> ipnatlanta.net /vidyarthi/Indogram/Whatreligionisallabout_files lefbg.gif
2010.07.24 12:02 B c:\vidyarthi\Indogram\Whatreligionisallabout_files\WS_FTP.LOG --> ipnatlanta.net /vidyarthi/Indogram/Whatreligionisallabout_files WS_FTP.LOG
2010.07.24 12:07 B c:\vidyarthi\Indogram\Whatreligionisallabout_files\b.gif --> ipnatlanta.net /vidyarthi/Indogram/Whatreligionisallabout_files b.gif
2010.07.24 12:08 B c:\vidyarthi\Indogram\Whatreligionisallabout_files\batt_bg.gif --> ipnatlanta.net /vidyarthi/Indogram/Whatreligionisallabout_files batt_bg.gif
2010.07.24 12:08 B c:\vidyarthi\Indogram\Whatreligionisallabout_files\bg1.gif --> ipnatlanta.net /vidyarthi/Indogram/Whatreligionisallabout_files bg1.gif
2010.07.24 12:08 B c:\vidyarthi\Indogram\Whatreligionisallabout_files\CAJLAKTG.htm --> ipnatlanta.net /vidyarthi/Indogram/Whatreligionisallabout_files CAJLAKTG.htm
2010.07.24 12:08 B c:\vidyarthi\Indogram\Whatreligionisallabout_files\cellbg.gif --> ipnatlanta.net /vidyarthi/Indogram/Whatreligionisallabout_files cellbg.gif
2010.07.24 12:08 B c:\vidyarthi\Indogram\Whatreligionisallabout_files\grey-bg.gif --> ipnatlanta.net /vidyarthi/Indogram/Whatreligionisallabout_files grey-bg.gif
2010.07.24 12:08 B c:\vidyarthi\Indogram\Whatreligionisallabout_files\inr.css --> ipnatlanta.net /vidyarthi/Indogram/Whatreligionisallabout_files inr.css
2010.07.24 12:08 B c:\vidyarthi\Indogram\Whatreligionisallabout_files\l.gif --> ipnatlanta.net /vidyarthi/Indogram/Whatreligionisallabout_files l.gif
2010.07.24 12:08 B c:\vidyarthi\Indogram\Whatreligionisallabout_files\lefbg.gif --> ipnatlanta.net /vidyarthi/Indogram/Whatreligionisallabout_files lefbg.gif
2010.07.24 12:08 B c:\vidyarthi\Indogram\Whatreligionisallabout_files\leftcellbg.gif --> ipnatlanta.net /vidyarthi/Indogram/Whatreligionisallabout_files leftcellbg.gif
2010.07.24 12:08 B c:\vidyarthi\Indogram\Whatreligionisallabout_files\mht102(1).tmp --> ipnatlanta.net /vidyarthi/Indogram/Whatreligionisallabout_files mht102(1).tmp
2010.07.24 12:08 B c:\vidyarthi\Indogram\Whatreligionisallabout_files\mht102.tmp --> ipnatlanta.net /vidyarthi/Indogram/Whatreligionisallabout_files mht102.tmp
2010.07.24 12:09 B c:\vidyarthi\Indogram\Whatreligionisallabout_files\mht105(1).tmp --> ipnatlanta.net /vidyarthi/Indogram/Whatreligionisallabout_files mht105(1).tmp
2010.07.24 12:09 B c:\vidyarthi\Indogram\Whatreligionisallabout_files\mht105.tmp --> ipnatlanta.net /vidyarthi/Indogram/Whatreligionisallabout_files mht105.tmp
2010.07.24 12:09 B c:\vidyarthi\Indogram\Whatreligionisallabout_files\mht108(1).tmp --> ipnatlanta.net /vidyarthi/Indogram/Whatreligionisallabout_files mht108(1).tmp
2010.07.24 12:09 B c:\vidyarthi\Indogram\Whatreligionisallabout_files\mht108.tmp --> ipnatlanta.net /vidyarthi/Indogram/Whatreligionisallabout_files mht108.tmp
2010.07.24 12:09 B c:\vidyarthi\Indogram\Whatreligionisallabout_files\mht10B(1).tmp --> ipnatlanta.net /vidyarthi/Indogram/Whatreligionisallabout_files mht10B(1).tmp
2010.07.24 12:09 B c:\vidyarthi\Indogram\Whatreligionisallabout_files\mht10B.tmp --> ipnatlanta.net /vidyarthi/Indogram/Whatreligionisallabout_files mht10B.tmp
2010.07.24 12:09 B c:\vidyarthi\Indogram\Whatreligionisallabout_files\mht10E(1).tmp --> ipnatlanta.net /vidyarthi/Indogram/Whatreligionisallabout_files mht10E(1).tmp
2010.07.24 12:09 B c:\vidyarthi\Indogram\Whatreligionisallabout_files\mht10E.tmp --> ipnatlanta.net /vidyarthi/Indogram/Whatreligionisallabout_files mht10E.tmp
2010.07.24 12:09 B c:\vidyarthi\Indogram\Whatreligionisallabout_files\mht111(1).tmp --> ipnatlanta.net /vidyarthi/Indogram/Whatreligionisallabout_files mht111(1).tmp
2010.07.24 12:09 B c:\vidyarthi\Indogram\Whatreligionisallabout_files\mht111.tmp --> ipnatlanta.net /vidyarthi/Indogram/Whatreligionisallabout_files mht111.tmp
2010.07.24 12:09 B c:\vidyarthi\Indogram\Whatreligionisallabout_files\mht114(1).tmp --> ipnatlanta.net /vidyarthi/Indogram/Whatreligionisallabout_files mht114(1).tmp
2010.07.24 12:09 B c:\vidyarthi\Indogram\Whatreligionisallabout_files\mht114.tmp --> ipnatlanta.net /vidyarthi/Indogram/Whatreligionisallabout_files mht114.tmp
2010.07.24 12:09 B c:\vidyarthi\Indogram\Whatreligionisallabout_files\mht117(1).tmp --> ipnatlanta.net /vidyarthi/Indogram/Whatreligionisallabout_files mht117(1).tmp
2010.07.24 12:09 B c:\vidyarthi\Indogram\Whatreligionisallabout_files\mht117.tmp --> ipnatlanta.net /vidyarthi/Indogram/Whatreligionisallabout_files mht117.tmp
2010.07.24 12:09 B c:\vidyarthi\Indogram\Whatreligionisallabout_files\mht11A(1).tmp --> ipnatlanta.net /vidyarthi/Indogram/Whatreligionisallabout_files mht11A(1).tmp
2010.07.24 12:09 B c:\vidyarthi\Indogram\Whatreligionisallabout_files\mht11A.tmp --> ipnatlanta.net /vidyarthi/Indogram/Whatreligionisallabout_files mht11A.tmp
2010.07.24 12:09 B c:\vidyarthi\Indogram\Whatreligionisallabout_files\mht11D(1).tmp --> ipnatlanta.net /vidyarthi/Indogram/Whatreligionisallabout_files mht11D(1).tmp
2010.07.24 12:09 B c:\vidyarthi\Indogram\Whatreligionisallabout_files\mht11D.tmp --> ipnatlanta.net /vidyarthi/Indogram/Whatreligionisallabout_files mht11D.tmp
2010.07.24 12:10 B c:\vidyarthi\Indogram\Whatreligionisallabout_files\mht120(1).tmp --> ipnatlanta.net /vidyarthi/Indogram/Whatreligionisallabout_files mht120(1).tmp
2010.07.24 12:10 B c:\vidyarthi\Indogram\Whatreligionisallabout_files\mht120.tmp --> ipnatlanta.net /vidyarthi/Indogram/Whatreligionisallabout_files mht120.tmp
2010.07.24 12:10 B c:\vidyarthi\Indogram\Whatreligionisallabout_files\mht123(1).tmp --> ipnatlanta.net /vidyarthi/Indogram/Whatreligionisallabout_files mht123(1).tmp
2010.07.24 12:10 B c:\vidyarthi\Indogram\Whatreligionisallabout_files\mht123.tmp --> ipnatlanta.net /vidyarthi/Indogram/Whatreligionisallabout_files mht123.tmp
2010.07.24 12:10 B c:\vidyarthi\Indogram\Whatreligionisallabout_files\mht126(1).tmp --> ipnatlanta.net /vidyarthi/Indogram/Whatreligionisallabout_files mht126(1).tmp
2010.07.24 12:10 B c:\vidyarthi\Indogram\Whatreligionisallabout_files\mht126.tmp --> ipnatlanta.net /vidyarthi/Indogram/Whatreligionisallabout_files mht126.tmp
2010.07.24 12:10 B c:\vidyarthi\Indogram\Whatreligionisallabout_files\mht129(1).tmp --> ipnatlanta.net /vidyarthi/Indogram/Whatreligionisallabout_files mht129(1).tmp
2010.07.24 12:10 B c:\vidyarthi\Indogram\Whatreligionisallabout_files\mht129.tmp --> ipnatlanta.net /vidyarthi/Indogram/Whatreligionisallabout_files mht129.tmp
2010.07.24 12:10 B c:\vidyarthi\Indogram\Whatreligionisallabout_files\mht12C(1).tmp --> ipnatlanta.net /vidyarthi/Indogram/Whatreligionisallabout_files mht12C(1).tmp
2010.07.24 12:10 B c:\vidyarthi\Indogram\Whatreligionisallabout_files\mht12C.tmp --> ipnatlanta.net /vidyarthi/Indogram/Whatreligionisallabout_files mht12C.tmp
2010.07.24 12:10 B c:\vidyarthi\Indogram\Whatreligionisallabout_files\mht12F(1).tmp --> ipnatlanta.net /vidyarthi/Indogram/Whatreligionisallabout_files mht12F(1).tmp
2010.07.24 12:10 B c:\vidyarthi\Indogram\Whatreligionisallabout_files\mht12F.tmp --> ipnatlanta.net /vidyarthi/Indogram/Whatreligionisallabout_files mht12F.tmp
2010.07.24 12:10 B c:\vidyarthi\Indogram\Whatreligionisallabout_files\mht132(1).tmp --> ipnatlanta.net /vidyarthi/Indogram/Whatreligionisallabout_files mht132(1).tmp
2010.07.24 12:10 B c:\vidyarthi\Indogram\Whatreligionisallabout_files\mht132.tmp --> ipnatlanta.net /vidyarthi/Indogram/Whatreligionisallabout_files mht132.tmp
2010.07.24 12:10 B c:\vidyarthi\Indogram\Whatreligionisallabout_files\mht135(1).tmp --> ipnatlanta.net /vidyarthi/Indogram/Whatreligionisallabout_files mht135(1).tmp
2010.07.24 12:10 B c:\vidyarthi\Indogram\Whatreligionisallabout_files\mht135.tmp --> ipnatlanta.net /vidyarthi/Indogram/Whatreligionisallabout_files mht135.tmp
2010.07.24 12:10 B c:\vidyarthi\Indogram\Whatreligionisallabout_files\mht138(1).tmp --> ipnatlanta.net /vidyarthi/Indogram/Whatreligionisallabout_files mht138(1).tmp
2010.07.24 12:10 B c:\vidyarthi\Indogram\Whatreligionisallabout_files\mht138.tmp --> ipnatlanta.net /vidyarthi/Indogram/Whatreligionisallabout_files mht138.tmp
2010.07.24 12:10 B c:\vidyarthi\Indogram\Whatreligionisallabout_files\mht13B(1).tmp --> ipnatlanta.net /vidyarthi/Indogram/Whatreligionisallabout_files mht13B(1).tmp
2010.07.24 12:10 B c:\vidyarthi\Indogram\Whatreligionisallabout_files\mht13B.tmp --> ipnatlanta.net /vidyarthi/Indogram/Whatreligionisallabout_files mht13B.tmp
2010.07.24 12:10 B c:\vidyarthi\Indogram\Whatreligionisallabout_files\mht13E(1).tmp --> ipnatlanta.net /vidyarthi/Indogram/Whatreligionisallabout_files mht13E(1).tmp
2010.07.24 12:10 B c:\vidyarthi\Indogram\Whatreligionisallabout_files\mht13E.tmp --> ipnatlanta.net /vidyarthi/Indogram/Whatreligionisallabout_files mht13E.tmp
2010.07.24 12:10 B c:\vidyarthi\Indogram\Whatreligionisallabout_files\mht141(1).tmp --> ipnatlanta.net /vidyarthi/Indogram/Whatreligionisallabout_files mht141(1).tmp
2010.07.24 12:10 B c:\vidyarthi\Indogram\Whatreligionisallabout_files\mht141.tmp --> ipnatlanta.net /vidyarthi/Indogram/Whatreligionisallabout_files mht141.tmp
2010.07.24 12:10 B c:\vidyarthi\Indogram\Whatreligionisallabout_files\mht144(1).tmp --> ipnatlanta.net /vidyarthi/Indogram/Whatreligionisallabout_files mht144(1).tmp
2010.07.24 12:10 B c:\vidyarthi\Indogram\Whatreligionisallabout_files\mht144.tmp --> ipnatlanta.net /vidyarthi/Indogram/Whatreligionisallabout_files mht144.tmp
2010.07.24 12:10 B c:\vidyarthi\Indogram\Whatreligionisallabout_files\mht147(1).tmp --> ipnatlanta.net /vidyarthi/Indogram/Whatreligionisallabout_files mht147(1).tmp
2010.07.24 12:10 B c:\vidyarthi\Indogram\Whatreligionisallabout_files\mht147.tmp --> ipnatlanta.net /vidyarthi/Indogram/Whatreligionisallabout_files mht147.tmp
2010.07.24 12:10 B c:\vidyarthi\Indogram\Whatreligionisallabout_files\mht14A(1).tmp --> ipnatlanta.net /vidyarthi/Indogram/Whatreligionisallabout_files mht14A(1).tmp
2010.07.24 12:10 B c:\vidyarthi\Indogram\Whatreligionisallabout_files\mht14A.tmp --> ipnatlanta.net /vidyarthi/Indogram/Whatreligionisallabout_files mht14A.tmp
2010.07.24 12:10 B c:\vidyarthi\Indogram\Whatreligionisallabout_files\mht14D(1).tmp --> ipnatlanta.net /vidyarthi/Indogram/Whatreligionisallabout_files mht14D(1).tmp
2010.07.24 12:10 B c:\vidyarthi\Indogram\Whatreligionisallabout_files\mht14D.tmp --> ipnatlanta.net /vidyarthi/Indogram/Whatreligionisallabout_files mht14D.tmp
2010.07.24 12:10 B c:\vidyarthi\Indogram\Whatreligionisallabout_files\mhtED(1).tmp --> ipnatlanta.net /vidyarthi/Indogram/Whatreligionisallabout_files mhtED(1).tmp
2010.07.24 12:10 B c:\vidyarthi\Indogram\Whatreligionisallabout_files\mhtED.tmp --> ipnatlanta.net /vidyarthi/Indogram/Whatreligionisallabout_files mhtED.tmp
2010.07.24 12:10 B c:\vidyarthi\Indogram\Whatreligionisallabout_files\mhtF0(1).tmp --> ipnatlanta.net /vidyarthi/Indogram/Whatreligionisallabout_files mhtF0(1).tmp
2010.07.24 12:10 B c:\vidyarthi\Indogram\Whatreligionisallabout_files\mhtF0.tmp --> ipnatlanta.net /vidyarthi/Indogram/Whatreligionisallabout_files mhtF0.tmp
2010.07.24 12:10 B c:\vidyarthi\Indogram\Whatreligionisallabout_files\mhtF3(1).tmp --> ipnatlanta.net /vidyarthi/Indogram/Whatreligionisallabout_files mhtF3(1).tmp
2010.07.24 12:10 B c:\vidyarthi\Indogram\Whatreligionisallabout_files\mhtF3.tmp --> ipnatlanta.net /vidyarthi/Indogram/Whatreligionisallabout_files mhtF3.tmp
2010.07.24 12:10 B c:\vidyarthi\Indogram\Whatreligionisallabout_files\mhtF6(1).tmp --> ipnatlanta.net /vidyarthi/Indogram/Whatreligionisallabout_files mhtF6(1).tmp
2010.07.24 12:10 B c:\vidyarthi\Indogram\Whatreligionisallabout_files\mhtF6.tmp --> ipnatlanta.net /vidyarthi/Indogram/Whatreligionisallabout_files mhtF6.tmp
2010.07.24 12:10 B c:\vidyarthi\Indogram\Whatreligionisallabout_files\mhtF9(1).tmp --> ipnatlanta.net /vidyarthi/Indogram/Whatreligionisallabout_files mhtF9(1).tmp
2010.07.24 12:10 B c:\vidyarthi\Indogram\Whatreligionisallabout_files\mhtF9.tmp --> ipnatlanta.net /vidyarthi/Indogram/Whatreligionisallabout_files mhtF9.tmp
2010.07.24 12:10 B c:\vidyarthi\Indogram\Whatreligionisallabout_files\mhtFC(1).tmp --> ipnatlanta.net /vidyarthi/Indogram/Whatreligionisallabout_files mhtFC(1).tmp
2010.07.24 12:10 B c:\vidyarthi\Indogram\Whatreligionisallabout_files\mhtFC.tmp --> ipnatlanta.net /vidyarthi/Indogram/Whatreligionisallabout_files mhtFC.tmp
2010.07.24 12:10 B c:\vidyarthi\Indogram\Whatreligionisallabout_files\mhtFF(1).tmp --> ipnatlanta.net /vidyarthi/Indogram/Whatreligionisallabout_files mhtFF(1).tmp
2010.07.24 12:10 B c:\vidyarthi\Indogram\Whatreligionisallabout_files\mhtFF.tmp --> ipnatlanta.net /vidyarthi/Indogram/Whatreligionisallabout_files mhtFF.tmp
2010.07.24 12:10 B c:\vidyarthi\Indogram\Whatreligionisallabout_files\r.gif --> ipnatlanta.net /vidyarthi/Indogram/Whatreligionisallabout_files r.gif
2010.07.24 12:10 B c:\vidyarthi\Indogram\Whatreligionisallabout_files\rightbg.gif --> ipnatlanta.net /vidyarthi/Indogram/Whatreligionisallabout_files rightbg.gif
2010.07.24 12:10 B c:\vidyarthi\Indogram\Whatreligionisallabout_files\rightcellbg.gif --> ipnatlanta.net /vidyarthi/Indogram/Whatreligionisallabout_files rightcellbg.gif
2010.07.24 12:10 B c:\vidyarthi\Indogram\Whatreligionisallabout_files\search-battcellbe.gif --> ipnatlanta.net /vidyarthi/Indogram/Whatreligionisallabout_files search-battcellbe.gif
2010.07.24 12:10 B c:\vidyarthi\Indogram\Whatreligionisallabout_files\search-bg.gif --> ipnatlanta.net /vidyarthi/Indogram/Whatreligionisallabout_files search-bg.gif
2010.07.24 12:10 B c:\vidyarthi\Indogram\Whatreligionisallabout_files\search-topcellbe.gif --> ipnatlanta.net /vidyarthi/Indogram/Whatreligionisallabout_files search-topcellbe.gif
2010.07.24 12:10 B c:\vidyarthi\Indogram\Whatreligionisallabout_files\show_ads.js --> ipnatlanta.net /vidyarthi/Indogram/Whatreligionisallabout_files show_ads.js
2010.07.24 12:10 B c:\vidyarthi\Indogram\Whatreligionisallabout_files\SpryTabbedPanels.css --> ipnatlanta.net /vidyarthi/Indogram/Whatreligionisallabout_files SpryTabbedPanels.css
2010.07.24 12:10 B c:\vidyarthi\Indogram\Whatreligionisallabout_files\SpryTabbedPanels.js --> ipnatlanta.net /vidyarthi/Indogram/Whatreligionisallabout_files SpryTabbedPanels.js
2010.07.24 12:10 B c:\vidyarthi\Indogram\Whatreligionisallabout_files\t.gif --> ipnatlanta.net /vidyarthi/Indogram/Whatreligionisallabout_files t.gif
2010.07.24 12:10 B c:\vidyarthi\Indogram\Whatreligionisallabout_files\top_bg.gif --> ipnatlanta.net /vidyarthi/Indogram/Whatreligionisallabout_files top_bg.gif
2010.07.24 12:10 B c:\vidyarthi\Indogram\Whatreligionisallabout_files\topmenu.css --> ipnatlanta.net /vidyarthi/Indogram/Whatreligionisallabout_files topmenu.css
2010.07.24 12:10 B c:\vidyarthi\Indogram\Whatreligionisallabout_files\white-strip.jpg --> ipnatlanta.net /vidyarthi/Indogram/Whatreligionisallabout_files white-strip.jpg
2010.07.24 12:10 B c:\vidyarthi\Indogram\Whatreligionisallabout_files\WS_FTP.LOG --> ipnatlanta.net /vidyarthi/Indogram/Whatreligionisallabout_files WS_FTP.LOG
2010.08.07 10:05 B c:\vidyarthi\Indogram\Whatreligionisallabout_files\colorschememapping.xml --> ipnatlanta.net /vidyarthi/Indogram/Whatreligionisallabout_files colorschememapping.xml
2010.08.07 10:05 B c:\vidyarthi\Indogram\Whatreligionisallabout_files\editdata.mso --> ipnatlanta.net /vidyarthi/Indogram/Whatreligionisallabout_files editdata.mso
2010.08.07 10:05 B c:\vidyarthi\Indogram\Whatreligionisallabout_files\filelist.xml --> ipnatlanta.net /vidyarthi/Indogram/Whatreligionisallabout_files filelist.xml
2010.08.07 10:05 B c:\vidyarthi\Indogram\Whatreligionisallabout_files\image001.gif --> ipnatlanta.net /vidyarthi/Indogram/Whatreligionisallabout_files image001.gif
2010.08.07 10:05 B c:\vidyarthi\Indogram\Whatreligionisallabout_files\image002.jpg --> ipnatlanta.net /vidyarthi/Indogram/Whatreligionisallabout_files image002.jpg
2010.08.07 10:05 B c:\vidyarthi\Indogram\Whatreligionisallabout_files\image003.jpg --> ipnatlanta.net /vidyarthi/Indogram/Whatreligionisallabout_files image003.jpg
2010.08.07 10:05 B c:\vidyarthi\Indogram\Whatreligionisallabout_files\image004.gif --> ipnatlanta.net /vidyarthi/Indogram/Whatreligionisallabout_files image004.gif
2010.08.07 10:05 B c:\vidyarthi\Indogram\Whatreligionisallabout_files\image005.gif --> ipnatlanta.net /vidyarthi/Indogram/Whatreligionisallabout_files image005.gif
2010.08.07 10:05 B c:\vidyarthi\Indogram\Whatreligionisallabout_files\image006.gif --> ipnatlanta.net /vidyarthi/Indogram/Whatreligionisallabout_files image006.gif
2010.08.07 10:05 B c:\vidyarthi\Indogram\Whatreligionisallabout_files\image007.jpg --> ipnatlanta.net /vidyarthi/Indogram/Whatreligionisallabout_files image007.jpg
2010.08.07 10:05 B c:\vidyarthi\Indogram\Whatreligionisallabout_files\image008.gif --> ipnatlanta.net /vidyarthi/Indogram/Whatreligionisallabout_files image008.gif
2010.08.07 10:05 B c:\vidyarthi\Indogram\Whatreligionisallabout_files\image009.gif --> ipnatlanta.net /vidyarthi/Indogram/Whatreligionisallabout_files image009.gif
2010.08.07 10:05 B c:\vidyarthi\Indogram\Whatreligionisallabout_files\image010.gif --> ipnatlanta.net /vidyarthi/Indogram/Whatreligionisallabout_files image010.gif
2010.08.07 10:05 B c:\vidyarthi\Indogram\Whatreligionisallabout_files\image011.gif --> ipnatlanta.net /vidyarthi/Indogram/Whatreligionisallabout_files image011.gif
2010.08.07 10:05 B c:\vidyarthi\Indogram\Whatreligionisallabout_files\image012.gif --> ipnatlanta.net /vidyarthi/Indogram/Whatreligionisallabout_files image012.gif
2010.08.07 10:05 B c:\vidyarthi\Indogram\Whatreligionisallabout_files\image013.gif --> ipnatlanta.net /vidyarthi/Indogram/Whatreligionisallabout_files image013.gif
2010.08.07 10:05 B c:\vidyarthi\Indogram\Whatreligionisallabout_files\image014.gif --> ipnatlanta.net /vidyarthi/Indogram/Whatreligionisallabout_files image014.gif
2010.08.07 10:05 B c:\vidyarthi\Indogram\Whatreligionisallabout_files\image015.gif --> ipnatlanta.net /vidyarthi/Indogram/Whatreligionisallabout_files image015.gif
2010.08.07 10:05 B c:\vidyarthi\Indogram\Whatreligionisallabout_files\image016.gif --> ipnatlanta.net /vidyarthi/Indogram/Whatreligionisallabout_files image016.gif
2010.08.07 10:05 B c:\vidyarthi\Indogram\Whatreligionisallabout_files\image017.gif --> ipnatlanta.net /vidyarthi/Indogram/Whatreligionisallabout_files image017.gif
2010.08.07 10:05 B c:\vidyarthi\Indogram\Whatreligionisallabout_files\image018.jpg --> ipnatlanta.net /vidyarthi/Indogram/Whatreligionisallabout_files image018.jpg
2010.08.07 10:05 B c:\vidyarthi\Indogram\Whatreligionisallabout_files\image019.jpg --> ipnatlanta.net /vidyarthi/Indogram/Whatreligionisallabout_files image019.jpg
2010.08.07 10:05 B c:\vidyarthi\Indogram\Whatreligionisallabout_files\image020.jpg --> ipnatlanta.net /vidyarthi/Indogram/Whatreligionisallabout_files image020.jpg
2010.08.07 10:05 B c:\vidyarthi\Indogram\Whatreligionisallabout_files\image021.jpg --> ipnatlanta.net /vidyarthi/Indogram/Whatreligionisallabout_files image021.jpg
2010.08.07 10:05 B c:\vidyarthi\Indogram\Whatreligionisallabout_files\image022.gif --> ipnatlanta.net /vidyarthi/Indogram/Whatreligionisallabout_files image022.gif
2010.08.07 10:05 B c:\vidyarthi\Indogram\Whatreligionisallabout_files\image001.gif --> ipnatlanta.net /vidyarthi/Indogram/Whatreligionisallabout_files image001.gif
2010.08.07 10:05 B c:\vidyarthi\Indogram\Whatreligionisallabout_files\colorschememapping.xml --> ipnatlanta.net /vidyarthi/Indogram/Whatreligionisallabout_files colorschememapping.xml
