2006.02.19 17:46 B c:\vidyarthi\Archives\ChennaiOnline.htm --> ipnatlanta.net /camaga/vidyarthi/Archives ChennaiOnline.htm
2007.01.18 19:07 B c:\vidyarthi\Archives\Be_the_Beautiful_Ganges.htm --> ipnatlanta.net /camaga/vidyarthi Be_the_Beautiful_Ganges.htm
2007.01.18 20:02 B c:\vidyarthi\Archives\Amoeba_and_You.htm --> ipnatlanta.net /camaga/vidyarthi/Archives Amoeba_and_You.htm
2007.01.18 20:02 B c:\vidyarthi\Archives\Be_the_Beautiful_Ganges.htm --> ipnatlanta.net /camaga/vidyarthi/Archives Be_the_Beautiful_Ganges.htm
2007.01.18 20:02 B c:\vidyarthi\Archives\ChennaiOnline.htm --> ipnatlanta.net /camaga/vidyarthi/Archives ChennaiOnline.htm
2007.01.18 20:02 B c:\vidyarthi\Archives\Dalailama_BMW_Nikeshoes.htm --> ipnatlanta.net /camaga/vidyarthi/Archives Dalailama_BMW_Nikeshoes.htm
2007.01.18 20:02 B c:\vidyarthi\Archives\Dancing Shiva.htm --> ipnatlanta.net /camaga/vidyarthi/Archives Dancing Shiva.htm
2007.01.18 20:02 B c:\vidyarthi\Archives\Gurus_come_in_many_forms.htm --> ipnatlanta.net /camaga/vidyarthi/Archives Gurus_come_in_many_forms.htm
2007.01.18 20:02 B c:\vidyarthi\Archives\Hinduism_Tracing_Roots.htm --> ipnatlanta.net /camaga/vidyarthi/Archives Hinduism_Tracing_Roots.htm
2007.01.18 20:02 B c:\vidyarthi\Archives\Indian_Music_Religious_Music.htm --> ipnatlanta.net /camaga/vidyarthi/Archives Indian_Music_Religious_Music.htm
2007.01.18 20:02 B c:\vidyarthi\Archives\Man_in_a_hurry.htm --> ipnatlanta.net /camaga/vidyarthi/Archives Man_in_a_hurry.htm
2007.01.18 20:02 B c:\vidyarthi\Archives\Music_Morality.htm --> ipnatlanta.net /camaga/vidyarthi/Archives Music_Morality.htm
2007.01.18 20:02 B c:\vidyarthi\Archives\Music_Salvation.htm --> ipnatlanta.net /camaga/vidyarthi/Archives Music_Salvation.htm
2007.01.18 20:02 B c:\vidyarthi\Archives\Rituals_Religion.doc --> ipnatlanta.net /camaga/vidyarthi/Archives Rituals_Religion.doc
2007.01.18 20:02 B c:\vidyarthi\Archives\Sivacharya_Samban_Dog.htm --> ipnatlanta.net /camaga/vidyarthi/Archives Sivacharya_Samban_Dog.htm
2007.01.18 20:02 B c:\vidyarthi\Archives\Thyagaraja_Bharathiar.htm --> ipnatlanta.net /camaga/vidyarthi/Archives Thyagaraja_Bharathiar.htm
2007.01.18 20:02 B c:\vidyarthi\Archives\Tyagaraja_Revenge.htm --> ipnatlanta.net /camaga/vidyarthi/Archives Tyagaraja_Revenge.htm
2007.01.18 20:02 B c:\vidyarthi\Archives\Tyagaraja_Revenge_Comments.htm --> ipnatlanta.net /camaga/vidyarthi/Archives Tyagaraja_Revenge_Comments.htm
2007.01.18 20:02 B c:\vidyarthi\Archives\We_are_related.htm --> ipnatlanta.net /camaga/vidyarthi/Archives We_are_related.htm
2007.01.18 20:13 B c:\vidyarthi\Archives\Amoeba_and_You.htm <-- camaga /camaga/vidyarthi/Archives Amoeba_and_You.htm
2007.01.18 20:29 B c:\vidyarthi\archives\Amoeba_and_You.htm --> ipnatlanta.net /camaga/vidyarthi/Archives Amoeba_and_You.htm
2007.01.18 20:29 B c:\vidyarthi\archives\Be_the_Beautiful_Ganges.htm --> ipnatlanta.net /camaga/vidyarthi/Archives Be_the_Beautiful_Ganges.htm
2007.01.18 20:29 B c:\vidyarthi\archives\ChennaiOnline.htm --> ipnatlanta.net /camaga/vidyarthi/Archives ChennaiOnline.htm
2007.01.18 20:29 B c:\vidyarthi\archives\Dalailama_BMW_Nikeshoes.htm --> ipnatlanta.net /camaga/vidyarthi/Archives Dalailama_BMW_Nikeshoes.htm
2007.01.18 20:29 B c:\vidyarthi\archives\Dancing Shiva.htm --> ipnatlanta.net /camaga/vidyarthi/Archives Dancing Shiva.htm
2007.01.18 20:29 B c:\vidyarthi\archives\Gurus_come_in_many_forms.htm --> ipnatlanta.net /camaga/vidyarthi/Archives Gurus_come_in_many_forms.htm
2007.01.18 20:29 B c:\vidyarthi\archives\Hinduism_Tracing_Roots.htm --> ipnatlanta.net /camaga/vidyarthi/Archives Hinduism_Tracing_Roots.htm
2007.01.18 20:29 B c:\vidyarthi\archives\Indian_Music_Religious_Music.htm --> ipnatlanta.net /camaga/vidyarthi/Archives Indian_Music_Religious_Music.htm
2007.01.18 20:29 B c:\vidyarthi\archives\Man_in_a_hurry.htm --> ipnatlanta.net /camaga/vidyarthi/Archives Man_in_a_hurry.htm
2007.01.18 20:29 B c:\vidyarthi\archives\Music_Morality.htm --> ipnatlanta.net /camaga/vidyarthi/Archives Music_Morality.htm
2007.01.18 20:29 B c:\vidyarthi\archives\Music_Salvation.htm --> ipnatlanta.net /camaga/vidyarthi/Archives Music_Salvation.htm
2007.01.18 20:29 B c:\vidyarthi\archives\Rituals_Religion.doc --> ipnatlanta.net /camaga/vidyarthi/Archives Rituals_Religion.doc
2007.01.18 20:29 B c:\vidyarthi\archives\Sivacharya_Samban_Dog.htm --> ipnatlanta.net /camaga/vidyarthi/Archives Sivacharya_Samban_Dog.htm
2007.01.18 20:29 B c:\vidyarthi\archives\Thyagaraja_Bharathiar.htm --> ipnatlanta.net /camaga/vidyarthi/Archives Thyagaraja_Bharathiar.htm
2007.01.18 20:29 B c:\vidyarthi\archives\Tyagaraja_Revenge.htm --> ipnatlanta.net /camaga/vidyarthi/Archives Tyagaraja_Revenge.htm
2007.01.18 20:30 B c:\vidyarthi\archives\Tyagaraja_Revenge_Comments.htm --> ipnatlanta.net /camaga/vidyarthi/Archives Tyagaraja_Revenge_Comments.htm
2007.01.18 20:30 B c:\vidyarthi\archives\We_are_related.htm --> ipnatlanta.net /camaga/vidyarthi/Archives We_are_related.htm
2007.01.18 20:33 B c:\vidyarthi\archives\Gurus_come_in_many_forms.htm --> ipnatlanta.net /camaga/vidyarthi Gurus_come_in_many_forms.htm
2007.01.19 11:28 B c:\vidyarthi\Archives\Amoeba_and_You.htm --> ipnatlanta.net /camaga/vidyarthi/Archives Amoeba_and_You.htm
2007.01.19 11:29 B c:\vidyarthi\Archives\Dalailama_BMW_Nikeshoes.htm --> ipnatlanta.net /camaga/vidyarthi/Archives Dalailama_BMW_Nikeshoes.htm
2007.01.19 11:30 B c:\vidyarthi\Archives\Dalailama_BMW_Nikeshoes.htm --> ipnatlanta.net /camaga/vidyarthi/Archives Dalailama_BMW_Nikeshoes.htm
2007.01.19 11:31 B c:\vidyarthi\Archives\Dalailama_BMW_Nikeshoes.htm --> ipnatlanta.net /camaga/vidyarthi/Archives Dalailama_BMW_Nikeshoes.htm
2007.01.19 11:33 B c:\vidyarthi\Archives\Dalailama_BMW_Nikeshoes.htm --> ipnatlanta.net /camaga/vidyarthi/Archives Dalailama_BMW_Nikeshoes.htm
2007.01.19 11:35 B c:\vidyarthi\Archives\Dalailama_BMW_Nikeshoes.htm --> ipnatlanta.net /camaga/vidyarthi/Archives Dalailama_BMW_Nikeshoes.htm
2007.01.19 11:35 B c:\vidyarthi\Archives\Dalailama_BMW_Nikeshoes.htm --> ipnatlanta.net /camaga/vidyarthi Dalailama_BMW_Nikeshoes.htm
2007.01.19 11:46 B c:\vidyarthi\Archives\Thyagaraja_Bharathiar.htm --> ipnatlanta.net /camaga/vidyarthi Thyagaraja_Bharathiar.htm
2007.01.19 11:46 B c:\vidyarthi\Archives\Sivacharya_Samban_Dog.htm --> ipnatlanta.net /camaga/vidyarthi Sivacharya_Samban_Dog.htm
2007.01.19 11:46 B c:\vidyarthi\Archives\Music_Morality.htm --> ipnatlanta.net /camaga/vidyarthi Music_Morality.htm
2007.01.19 11:46 B c:\vidyarthi\Archives\TMP48aiqc4jn9.htm --> ipnatlanta.net /camaga/vidyarthi TMP48aiqc4jn9.htm
2007.01.19 11:46 B c:\vidyarthi\Archives\Indian_Music_Religious_Music.htm --> ipnatlanta.net /camaga/vidyarthi Indian_Music_Religious_Music.htm
2007.01.19 11:46 B c:\vidyarthi\Archives\Gurus_come_in_many_forms.htm --> ipnatlanta.net /camaga/vidyarthi Gurus_come_in_many_forms.htm
2007.01.19 11:46 B c:\vidyarthi\Archives\Dalailama_BMW_Nikeshoes.htm --> ipnatlanta.net /camaga/vidyarthi Dalailama_BMW_Nikeshoes.htm
2007.01.19 11:46 B c:\vidyarthi\Archives\Amoeba_and_You.htm --> ipnatlanta.net /camaga/vidyarthi Amoeba_and_You.htm
2007.01.19 11:46 B c:\vidyarthi\Archives\Be_the_Beautiful_Ganges.htm --> ipnatlanta.net /camaga/vidyarthi Be_the_Beautiful_Ganges.htm
2007.01.19 11:46 B c:\vidyarthi\Archives\Dancing Shiva.htm --> ipnatlanta.net /camaga/vidyarthi Dancing Shiva.htm
2007.01.19 11:46 B c:\vidyarthi\Archives\We_are_related.htm --> ipnatlanta.net /camaga/vidyarthi We_are_related.htm
2007.01.19 11:46 B c:\vidyarthi\Archives\Rituals_Religion.doc --> ipnatlanta.net /camaga/vidyarthi Rituals_Religion.doc
2007.01.19 11:47 B c:\vidyarthi\Archives\Dalailama_BMW_Nikeshoes.htm --> ipnatlanta.net /camaga/vidyarthi Dalailama_BMW_Nikeshoes.htm
2007.01.19 11:48 B c:\vidyarthi\Archives\Thyagaraja_Bharathiar.htm --> ipnatlanta.net /camaga/vidyarthi/Archives Thyagaraja_Bharathiar.htm
2007.01.19 11:48 B c:\vidyarthi\Archives\Sivacharya_Samban_Dog.htm --> ipnatlanta.net /camaga/vidyarthi/Archives Sivacharya_Samban_Dog.htm
2007.01.19 11:48 B c:\vidyarthi\Archives\Music_Morality.htm --> ipnatlanta.net /camaga/vidyarthi/Archives Music_Morality.htm
2007.01.19 11:48 B c:\vidyarthi\Archives\TMP48aiqc4jn9.htm --> ipnatlanta.net /camaga/vidyarthi/Archives TMP48aiqc4jn9.htm
2007.01.19 11:48 B c:\vidyarthi\Archives\Indian_Music_Religious_Music.htm --> ipnatlanta.net /camaga/vidyarthi/Archives Indian_Music_Religious_Music.htm
2007.01.19 11:48 B c:\vidyarthi\Archives\Gurus_come_in_many_forms.htm --> ipnatlanta.net /camaga/vidyarthi/Archives Gurus_come_in_many_forms.htm
2007.01.19 11:48 B c:\vidyarthi\Archives\Dalailama_BMW_Nikeshoes.htm --> ipnatlanta.net /camaga/vidyarthi/Archives Dalailama_BMW_Nikeshoes.htm
