2006.06.15 17:15 B c:\vidyarthi\Lighter_Vein\Mantra for a successful marriage_files\10376969-5.gif --> ipnatlanta.net /camaga/vidyarthi/Lighter_Vein/Mantra for a successful marriage_files 10376969-5.gif
2006.06.15 17:15 B c:\vidyarthi\Lighter_Vein\Mantra for a successful marriage_files\110_600.gif --> ipnatlanta.net /camaga/vidyarthi/Lighter_Vein/Mantra for a successful marriage_files 110_600.gif
2006.06.15 17:15 B c:\vidyarthi\Lighter_Vein\Mantra for a successful marriage_files\110x120.gif --> ipnatlanta.net /camaga/vidyarthi/Lighter_Vein/Mantra for a successful marriage_files 110x120.gif
2006.06.15 17:15 B c:\vidyarthi\Lighter_Vein\Mantra for a successful marriage_files\110x300Airfareimpossible.gif --> ipnatlanta.net /camaga/vidyarthi/Lighter_Vein/Mantra for a successful marriage_files 110x300Airfareimpossible.gif
2006.06.15 17:15 B c:\vidyarthi\Lighter_Vein\Mantra for a successful marriage_files\135x200.gif --> ipnatlanta.net /camaga/vidyarthi/Lighter_Vein/Mantra for a successful marriage_files 135x200.gif
2006.06.15 17:15 B c:\vidyarthi\Lighter_Vein\Mantra for a successful marriage_files\234x60-sept14.gif --> ipnatlanta.net /camaga/vidyarthi/Lighter_Vein/Mantra for a successful marriage_files 234x60-sept14.gif
2006.06.15 17:15 B c:\vidyarthi\Lighter_Vein\Mantra for a successful marriage_files\468X60_Chat.gif --> ipnatlanta.net /camaga/vidyarthi/Lighter_Vein/Mantra for a successful marriage_files 468X60_Chat.gif
2006.06.15 17:15 B c:\vidyarthi\Lighter_Vein\Mantra for a successful marriage_files\560x30-feb09.gif --> ipnatlanta.net /camaga/vidyarthi/Lighter_Vein/Mantra for a successful marriage_files 560x30-feb09.gif
2006.06.15 17:15 B c:\vidyarthi\Lighter_Vein\Mantra for a successful marriage_files\700x90Airfareimpossible.gif --> ipnatlanta.net /camaga/vidyarthi/Lighter_Vein/Mantra for a successful marriage_files 700x90Airfareimpossible.gif
2006.06.15 17:15 B c:\vidyarthi\Lighter_Vein\Mantra for a successful marriage_files\8g104o26v0zKMSLQQMTKMLOSRUTT.gif --> ipnatlanta.net /camaga/vidyarthi/Lighter_Vein/Mantra for a successful marriage_files 8g104o26v0zKMSLQQMTKMLOSRUTT.gif
2006.06.15 17:15 B c:\vidyarthi\Lighter_Vein\Mantra for a successful marriage_files\admentornet(1).htm --> ipnatlanta.net /camaga/vidyarthi/Lighter_Vein/Mantra for a successful marriage_files admentornet(1).htm
2006.06.15 17:15 B c:\vidyarthi\Lighter_Vein\Mantra for a successful marriage_files\admentornet(2).htm --> ipnatlanta.net /camaga/vidyarthi/Lighter_Vein/Mantra for a successful marriage_files admentornet(2).htm
2006.06.15 17:15 B c:\vidyarthi\Lighter_Vein\Mantra for a successful marriage_files\admentornet.htm --> ipnatlanta.net /camaga/vidyarthi/Lighter_Vein/Mantra for a successful marriage_files admentornet.htm
2006.06.15 17:15 B c:\vidyarthi\Lighter_Vein\Mantra for a successful marriage_files\admentorserve(1).htm --> ipnatlanta.net /camaga/vidyarthi/Lighter_Vein/Mantra for a successful marriage_files admentorserve(1).htm
2006.06.15 17:15 B c:\vidyarthi\Lighter_Vein\Mantra for a successful marriage_files\admentorserve.htm --> ipnatlanta.net /camaga/vidyarthi/Lighter_Vein/Mantra for a successful marriage_files admentorserve.htm
2006.06.15 17:15 B c:\vidyarthi\Lighter_Vein\Mantra for a successful marriage_files\ballbyball01.gif --> ipnatlanta.net /camaga/vidyarthi/Lighter_Vein/Mantra for a successful marriage_files ballbyball01.gif
2006.06.15 17:15 B c:\vidyarthi\Lighter_Vein\Mantra for a successful marriage_files\bltfeature.gif --> ipnatlanta.net /camaga/vidyarthi/Lighter_Vein/Mantra for a successful marriage_files bltfeature.gif
2006.06.15 17:15 B c:\vidyarthi\Lighter_Vein\Mantra for a successful marriage_files\call01.gif --> ipnatlanta.net /camaga/vidyarthi/Lighter_Vein/Mantra for a successful marriage_files call01.gif
2006.06.15 17:15 B c:\vidyarthi\Lighter_Vein\Mantra for a successful marriage_files\CAUVKXMJ.htm --> ipnatlanta.net /camaga/vidyarthi/Lighter_Vein/Mantra for a successful marriage_files CAUVKXMJ.htm
2006.06.15 17:15 B c:\vidyarthi\Lighter_Vein\Mantra for a successful marriage_files\cologo.gif --> ipnatlanta.net /camaga/vidyarthi/Lighter_Vein/Mantra for a successful marriage_files cologo.gif
2006.06.15 17:15 B c:\vidyarthi\Lighter_Vein\Mantra for a successful marriage_files\company.gif --> ipnatlanta.net /camaga/vidyarthi/Lighter_Vein/Mantra for a successful marriage_files company.gif
2006.06.15 17:15 B c:\vidyarthi\Lighter_Vein\Mantra for a successful marriage_files\datebg.gif --> ipnatlanta.net /camaga/vidyarthi/Lighter_Vein/Mantra for a successful marriage_files datebg.gif
2006.06.15 17:15 B c:\vidyarthi\Lighter_Vein\Mantra for a successful marriage_files\desktop01.gif --> ipnatlanta.net /camaga/vidyarthi/Lighter_Vein/Mantra for a successful marriage_files desktop01.gif
2006.06.15 17:15 B c:\vidyarthi\Lighter_Vein\Mantra for a successful marriage_files\election2006.gif --> ipnatlanta.net /camaga/vidyarthi/Lighter_Vein/Mantra for a successful marriage_files election2006.gif
2006.06.15 17:15 B c:\vidyarthi\Lighter_Vein\Mantra for a successful marriage_files\greenbg.gif --> ipnatlanta.net /camaga/vidyarthi/Lighter_Vein/Mantra for a successful marriage_files greenbg.gif
2006.06.15 17:15 B c:\vidyarthi\Lighter_Vein\Mantra for a successful marriage_files\greenleft.gif --> ipnatlanta.net /camaga/vidyarthi/Lighter_Vein/Mantra for a successful marriage_files greenleft.gif
2006.06.15 17:15 B c:\vidyarthi\Lighter_Vein\Mantra for a successful marriage_files\greenright.gif --> ipnatlanta.net /camaga/vidyarthi/Lighter_Vein/Mantra for a successful marriage_files greenright.gif
2006.06.15 17:15 B c:\vidyarthi\Lighter_Vein\Mantra for a successful marriage_files\head01.gif --> ipnatlanta.net /camaga/vidyarthi/Lighter_Vein/Mantra for a successful marriage_files head01.gif
2006.06.15 17:15 B c:\vidyarthi\Lighter_Vein\Mantra for a successful marriage_files\i5116o26v0zKMSLQQMTKMLOTQORU.gif --> ipnatlanta.net /camaga/vidyarthi/Lighter_Vein/Mantra for a successful marriage_files i5116o26v0zKMSLQQMTKMLOTQORU.gif
2006.06.15 17:15 B c:\vidyarthi\Lighter_Vein\Mantra for a successful marriage_files\inmmt50x50.gif --> ipnatlanta.net /camaga/vidyarthi/Lighter_Vein/Mantra for a successful marriage_files inmmt50x50.gif
2006.06.15 17:15 B c:\vidyarthi\Lighter_Vein\Mantra for a successful marriage_files\kalyanam-tnmb.gif --> ipnatlanta.net /camaga/vidyarthi/Lighter_Vein/Mantra for a successful marriage_files kalyanam-tnmb.gif
2006.06.15 17:15 B c:\vidyarthi\Lighter_Vein\Mantra for a successful marriage_files\lite.gif --> ipnatlanta.net /camaga/vidyarthi/Lighter_Vein/Mantra for a successful marriage_files lite.gif
2006.06.15 17:15 B c:\vidyarthi\Lighter_Vein\Mantra for a successful marriage_files\Logo_25wht.gif --> ipnatlanta.net /camaga/vidyarthi/Lighter_Vein/Mantra for a successful marriage_files Logo_25wht.gif
2006.06.15 17:15 B c:\vidyarthi\Lighter_Vein\Mantra for a successful marriage_files\p0117qmqeki35B4995C3547BADD6.gif --> ipnatlanta.net /camaga/vidyarthi/Lighter_Vein/Mantra for a successful marriage_files p0117qmqeki35B4995C3547BADD6.gif
2006.06.15 17:15 B c:\vidyarthi\Lighter_Vein\Mantra for a successful marriage_files\panoramalogo.gif --> ipnatlanta.net /camaga/vidyarthi/Lighter_Vein/Mantra for a successful marriage_files panoramalogo.gif
2006.06.15 17:15 B c:\vidyarthi\Lighter_Vein\Mantra for a successful marriage_files\postcomment.gif --> ipnatlanta.net /camaga/vidyarthi/Lighter_Vein/Mantra for a successful marriage_files postcomment.gif
2006.06.15 17:15 B c:\vidyarthi\Lighter_Vein\Mantra for a successful marriage_files\show_ads.js --> ipnatlanta.net /camaga/vidyarthi/Lighter_Vein/Mantra for a successful marriage_files show_ads.js
2006.06.15 17:15 B c:\vidyarthi\Lighter_Vein\Mantra for a successful marriage_files\Tirupatitimes.gif --> ipnatlanta.net /camaga/vidyarthi/Lighter_Vein/Mantra for a successful marriage_files Tirupatitimes.gif
2006.06.15 17:15 B c:\vidyarthi\Lighter_Vein\Mantra for a successful marriage_files\urchin.js --> ipnatlanta.net /camaga/vidyarthi/Lighter_Vein/Mantra for a successful marriage_files urchin.js
2006.06.15 17:15 B c:\vidyarthi\Lighter_Vein\Mantra for a successful marriage_files\video.gif --> ipnatlanta.net /camaga/vidyarthi/Lighter_Vein/Mantra for a successful marriage_files video.gif
2006.06.15 17:15 B c:\vidyarthi\Lighter_Vein\Mantra for a successful marriage_files\viewcomment.gif --> ipnatlanta.net /camaga/vidyarthi/Lighter_Vein/Mantra for a successful marriage_files viewcomment.gif
2007.01.19 19:16 B c:\vidyarthi\Lighter_Vein\Mantra for a successful marriage_files\10376969-5.gif --> ipnatlanta.net /camaga/vidyarthi/Lighter_Vein/Lighter_Vein/Mantra for a successful marriage_files 10376969-5.gif
2007.01.19 19:16 B c:\vidyarthi\Lighter_Vein\Mantra for a successful marriage_files\110_600.gif --> ipnatlanta.net /camaga/vidyarthi/Lighter_Vein/Lighter_Vein/Mantra for a successful marriage_files 110_600.gif
2007.01.19 19:16 B c:\vidyarthi\Lighter_Vein\Mantra for a successful marriage_files\110x120.gif --> ipnatlanta.net /camaga/vidyarthi/Lighter_Vein/Lighter_Vein/Mantra for a successful marriage_files 110x120.gif
2007.01.19 19:16 B c:\vidyarthi\Lighter_Vein\Mantra for a successful marriage_files\110x300Airfareimpossible.gif --> ipnatlanta.net /camaga/vidyarthi/Lighter_Vein/Lighter_Vein/Mantra for a successful marriage_files 110x300Airfareimpossible.gif
2007.01.19 19:16 B c:\vidyarthi\Lighter_Vein\Mantra for a successful marriage_files\135x200.gif --> ipnatlanta.net /camaga/vidyarthi/Lighter_Vein/Lighter_Vein/Mantra for a successful marriage_files 135x200.gif
2007.01.19 19:16 B c:\vidyarthi\Lighter_Vein\Mantra for a successful marriage_files\234x60-sept14.gif --> ipnatlanta.net /camaga/vidyarthi/Lighter_Vein/Lighter_Vein/Mantra for a successful marriage_files 234x60-sept14.gif
2007.01.19 19:16 B c:\vidyarthi\Lighter_Vein\Mantra for a successful marriage_files\468X60_Chat.gif --> ipnatlanta.net /camaga/vidyarthi/Lighter_Vein/Lighter_Vein/Mantra for a successful marriage_files 468X60_Chat.gif
2007.01.19 19:16 B c:\vidyarthi\Lighter_Vein\Mantra for a successful marriage_files\560x30-feb09.gif --> ipnatlanta.net /camaga/vidyarthi/Lighter_Vein/Lighter_Vein/Mantra for a successful marriage_files 560x30-feb09.gif
2007.01.19 19:16 B c:\vidyarthi\Lighter_Vein\Mantra for a successful marriage_files\700x90Airfareimpossible.gif --> ipnatlanta.net /camaga/vidyarthi/Lighter_Vein/Lighter_Vein/Mantra for a successful marriage_files 700x90Airfareimpossible.gif
2007.01.19 19:16 B c:\vidyarthi\Lighter_Vein\Mantra for a successful marriage_files\8g104o26v0zKMSLQQMTKMLOSRUTT.gif --> ipnatlanta.net /camaga/vidyarthi/Lighter_Vein/Lighter_Vein/Mantra for a successful marriage_files 8g104o26v0zKMSLQQMTKMLOSRUTT.gif
2007.01.19 19:16 B c:\vidyarthi\Lighter_Vein\Mantra for a successful marriage_files\admentornet(1).htm --> ipnatlanta.net /camaga/vidyarthi/Lighter_Vein/Lighter_Vein/Mantra for a successful marriage_files admentornet(1).htm
2007.01.19 19:16 B c:\vidyarthi\Lighter_Vein\Mantra for a successful marriage_files\admentornet(2).htm --> ipnatlanta.net /camaga/vidyarthi/Lighter_Vein/Lighter_Vein/Mantra for a successful marriage_files admentornet(2).htm
2007.01.19 19:16 B c:\vidyarthi\Lighter_Vein\Mantra for a successful marriage_files\admentornet.htm --> ipnatlanta.net /camaga/vidyarthi/Lighter_Vein/Lighter_Vein/Mantra for a successful marriage_files admentornet.htm
2007.01.19 19:16 B c:\vidyarthi\Lighter_Vein\Mantra for a successful marriage_files\admentorserve(1).htm --> ipnatlanta.net /camaga/vidyarthi/Lighter_Vein/Lighter_Vein/Mantra for a successful marriage_files admentorserve(1).htm
2007.01.19 19:16 B c:\vidyarthi\Lighter_Vein\Mantra for a successful marriage_files\admentorserve.htm --> ipnatlanta.net /camaga/vidyarthi/Lighter_Vein/Lighter_Vein/Mantra for a successful marriage_files admentorserve.htm
2007.01.19 19:16 B c:\vidyarthi\Lighter_Vein\Mantra for a successful marriage_files\ballbyball01.gif --> ipnatlanta.net /camaga/vidyarthi/Lighter_Vein/Lighter_Vein/Mantra for a successful marriage_files ballbyball01.gif
2007.01.19 19:16 B c:\vidyarthi\Lighter_Vein\Mantra for a successful marriage_files\bltfeature.gif --> ipnatlanta.net /camaga/vidyarthi/Lighter_Vein/Lighter_Vein/Mantra for a successful marriage_files bltfeature.gif
2007.01.19 19:16 B c:\vidyarthi\Lighter_Vein\Mantra for a successful marriage_files\call01.gif --> ipnatlanta.net /camaga/vidyarthi/Lighter_Vein/Lighter_Vein/Mantra for a successful marriage_files call01.gif
2007.01.19 19:16 B c:\vidyarthi\Lighter_Vein\Mantra for a successful marriage_files\CAUVKXMJ.htm --> ipnatlanta.net /camaga/vidyarthi/Lighter_Vein/Lighter_Vein/Mantra for a successful marriage_files CAUVKXMJ.htm
2007.01.19 19:16 B c:\vidyarthi\Lighter_Vein\Mantra for a successful marriage_files\cologo.gif --> ipnatlanta.net /camaga/vidyarthi/Lighter_Vein/Lighter_Vein/Mantra for a successful marriage_files cologo.gif
2007.01.19 19:16 B c:\vidyarthi\Lighter_Vein\Mantra for a successful marriage_files\company.gif --> ipnatlanta.net /camaga/vidyarthi/Lighter_Vein/Lighter_Vein/Mantra for a successful marriage_files company.gif
2007.01.19 19:16 B c:\vidyarthi\Lighter_Vein\Mantra for a successful marriage_files\datebg.gif --> ipnatlanta.net /camaga/vidyarthi/Lighter_Vein/Lighter_Vein/Mantra for a successful marriage_files datebg.gif
2007.01.19 19:16 B c:\vidyarthi\Lighter_Vein\Mantra for a successful marriage_files\desktop01.gif --> ipnatlanta.net /camaga/vidyarthi/Lighter_Vein/Lighter_Vein/Mantra for a successful marriage_files desktop01.gif
2007.01.19 19:16 B c:\vidyarthi\Lighter_Vein\Mantra for a successful marriage_files\election2006.gif --> ipnatlanta.net /camaga/vidyarthi/Lighter_Vein/Lighter_Vein/Mantra for a successful marriage_files election2006.gif
2007.01.19 19:16 B c:\vidyarthi\Lighter_Vein\Mantra for a successful marriage_files\greenbg.gif --> ipnatlanta.net /camaga/vidyarthi/Lighter_Vein/Lighter_Vein/Mantra for a successful marriage_files greenbg.gif
2007.01.19 19:16 B c:\vidyarthi\Lighter_Vein\Mantra for a successful marriage_files\greenleft.gif --> ipnatlanta.net /camaga/vidyarthi/Lighter_Vein/Lighter_Vein/Mantra for a successful marriage_files greenleft.gif
2007.01.19 19:16 B c:\vidyarthi\Lighter_Vein\Mantra for a successful marriage_files\greenright.gif --> ipnatlanta.net /camaga/vidyarthi/Lighter_Vein/Lighter_Vein/Mantra for a successful marriage_files greenright.gif
2007.01.19 19:16 B c:\vidyarthi\Lighter_Vein\Mantra for a successful marriage_files\head01.gif --> ipnatlanta.net /camaga/vidyarthi/Lighter_Vein/Lighter_Vein/Mantra for a successful marriage_files head01.gif
2007.01.19 19:16 B c:\vidyarthi\Lighter_Vein\Mantra for a successful marriage_files\i5116o26v0zKMSLQQMTKMLOTQORU.gif --> ipnatlanta.net /camaga/vidyarthi/Lighter_Vein/Lighter_Vein/Mantra for a successful marriage_files i5116o26v0zKMSLQQMTKMLOTQORU.gif
2007.01.19 19:16 B c:\vidyarthi\Lighter_Vein\Mantra for a successful marriage_files\inmmt50x50.gif --> ipnatlanta.net /camaga/vidyarthi/Lighter_Vein/Lighter_Vein/Mantra for a successful marriage_files inmmt50x50.gif
2007.01.19 19:16 B c:\vidyarthi\Lighter_Vein\Mantra for a successful marriage_files\kalyanam-tnmb.gif --> ipnatlanta.net /camaga/vidyarthi/Lighter_Vein/Lighter_Vein/Mantra for a successful marriage_files kalyanam-tnmb.gif
2007.01.19 19:16 B c:\vidyarthi\Lighter_Vein\Mantra for a successful marriage_files\lite.gif --> ipnatlanta.net /camaga/vidyarthi/Lighter_Vein/Lighter_Vein/Mantra for a successful marriage_files lite.gif
2007.01.19 19:16 B c:\vidyarthi\Lighter_Vein\Mantra for a successful marriage_files\Logo_25wht.gif --> ipnatlanta.net /camaga/vidyarthi/Lighter_Vein/Lighter_Vein/Mantra for a successful marriage_files Logo_25wht.gif
2007.01.19 19:16 B c:\vidyarthi\Lighter_Vein\Mantra for a successful marriage_files\p0117qmqeki35B4995C3547BADD6.gif --> ipnatlanta.net /camaga/vidyarthi/Lighter_Vein/Lighter_Vein/Mantra for a successful marriage_files p0117qmqeki35B4995C3547BADD6.gif
2007.01.19 19:16 B c:\vidyarthi\Lighter_Vein\Mantra for a successful marriage_files\panoramalogo.gif --> ipnatlanta.net /camaga/vidyarthi/Lighter_Vein/Lighter_Vein/Mantra for a successful marriage_files panoramalogo.gif
2007.01.19 19:16 B c:\vidyarthi\Lighter_Vein\Mantra for a successful marriage_files\postcomment.gif --> ipnatlanta.net /camaga/vidyarthi/Lighter_Vein/Lighter_Vein/Mantra for a successful marriage_files postcomment.gif
2007.01.19 19:16 B c:\vidyarthi\Lighter_Vein\Mantra for a successful marriage_files\show_ads.js --> ipnatlanta.net /camaga/vidyarthi/Lighter_Vein/Lighter_Vein/Mantra for a successful marriage_files show_ads.js
2007.01.19 19:16 B c:\vidyarthi\Lighter_Vein\Mantra for a successful marriage_files\Thumbs.db --> ipnatlanta.net /camaga/vidyarthi/Lighter_Vein/Lighter_Vein/Mantra for a successful marriage_files Thumbs.db
2007.01.19 19:16 B c:\vidyarthi\Lighter_Vein\Mantra for a successful marriage_files\Tirupatitimes.gif --> ipnatlanta.net /camaga/vidyarthi/Lighter_Vein/Lighter_Vein/Mantra for a successful marriage_files Tirupatitimes.gif
2007.01.19 19:16 B c:\vidyarthi\Lighter_Vein\Mantra for a successful marriage_files\urchin.js --> ipnatlanta.net /camaga/vidyarthi/Lighter_Vein/Lighter_Vein/Mantra for a successful marriage_files urchin.js
2007.01.19 19:16 B c:\vidyarthi\Lighter_Vein\Mantra for a successful marriage_files\video.gif --> ipnatlanta.net /camaga/vidyarthi/Lighter_Vein/Lighter_Vein/Mantra for a successful marriage_files video.gif
2007.01.19 19:16 B c:\vidyarthi\Lighter_Vein\Mantra for a successful marriage_files\viewcomment.gif --> ipnatlanta.net /camaga/vidyarthi/Lighter_Vein/Lighter_Vein/Mantra for a successful marriage_files viewcomment.gif
2007.01.19 19:16 B c:\vidyarthi\Lighter_Vein\Mantra for a successful marriage_files\WS_FTP.LOG --> ipnatlanta.net /camaga/vidyarthi/Lighter_Vein/Lighter_Vein/Mantra for a successful marriage_files WS_FTP.LOG
