2006.09.03 07:51 B c:\vidyarthi\Lighter_Vein\Sabarimalai_WomensRight_files\07rights_files\110x120.gif --> ipnatlanta.net /camaga/vidyarthi/Lighter_Vein/Sabarimalai_WomensRight_files/07rights_files 110x120.gif
2006.09.03 07:51 B c:\vidyarthi\Lighter_Vein\Sabarimalai_WomensRight_files\07rights_files\135x200.gif --> ipnatlanta.net /camaga/vidyarthi/Lighter_Vein/Sabarimalai_WomensRight_files/07rights_files 135x200.gif
2006.09.03 07:51 B c:\vidyarthi\Lighter_Vein\Sabarimalai_WomensRight_files\07rights_files\234x60.gif --> ipnatlanta.net /camaga/vidyarthi/Lighter_Vein/Sabarimalai_WomensRight_files/07rights_files 234x60.gif
2006.09.03 07:51 B c:\vidyarthi\Lighter_Vein\Sabarimalai_WomensRight_files\07rights_files\560x20.gif --> ipnatlanta.net /camaga/vidyarthi/Lighter_Vein/Sabarimalai_WomensRight_files/07rights_files 560x20.gif
2006.09.03 07:51 B c:\vidyarthi\Lighter_Vein\Sabarimalai_WomensRight_files\07rights_files\admentornet(1).htm --> ipnatlanta.net /camaga/vidyarthi/Lighter_Vein/Sabarimalai_WomensRight_files/07rights_files admentornet(1).htm
2006.09.03 07:51 B c:\vidyarthi\Lighter_Vein\Sabarimalai_WomensRight_files\07rights_files\admentornet(2).htm --> ipnatlanta.net /camaga/vidyarthi/Lighter_Vein/Sabarimalai_WomensRight_files/07rights_files admentornet(2).htm
2006.09.03 07:51 B c:\vidyarthi\Lighter_Vein\Sabarimalai_WomensRight_files\07rights_files\admentornet(3).htm --> ipnatlanta.net /camaga/vidyarthi/Lighter_Vein/Sabarimalai_WomensRight_files/07rights_files admentornet(3).htm
2006.09.03 07:51 B c:\vidyarthi\Lighter_Vein\Sabarimalai_WomensRight_files\07rights_files\admentornet.htm --> ipnatlanta.net /camaga/vidyarthi/Lighter_Vein/Sabarimalai_WomensRight_files/07rights_files admentornet.htm
2006.09.03 07:51 B c:\vidyarthi\Lighter_Vein\Sabarimalai_WomensRight_files\07rights_files\admentorserve(1).htm --> ipnatlanta.net /camaga/vidyarthi/Lighter_Vein/Sabarimalai_WomensRight_files/07rights_files admentorserve(1).htm
2006.09.03 07:51 B c:\vidyarthi\Lighter_Vein\Sabarimalai_WomensRight_files\07rights_files\admentorserve(2).htm --> ipnatlanta.net /camaga/vidyarthi/Lighter_Vein/Sabarimalai_WomensRight_files/07rights_files admentorserve(2).htm
2006.09.03 07:51 B c:\vidyarthi\Lighter_Vein\Sabarimalai_WomensRight_files\07rights_files\admentorserve(3).htm --> ipnatlanta.net /camaga/vidyarthi/Lighter_Vein/Sabarimalai_WomensRight_files/07rights_files admentorserve(3).htm
2006.09.03 07:51 B c:\vidyarthi\Lighter_Vein\Sabarimalai_WomensRight_files\07rights_files\admentorserve(4).htm --> ipnatlanta.net /camaga/vidyarthi/Lighter_Vein/Sabarimalai_WomensRight_files/07rights_files admentorserve(4).htm
2006.09.03 07:51 B c:\vidyarthi\Lighter_Vein\Sabarimalai_WomensRight_files\07rights_files\admentorserve.htm --> ipnatlanta.net /camaga/vidyarthi/Lighter_Vein/Sabarimalai_WomensRight_files/07rights_files admentorserve.htm
2006.09.03 07:51 B c:\vidyarthi\Lighter_Vein\Sabarimalai_WomensRight_files\07rights_files\aerrow.gif --> ipnatlanta.net /camaga/vidyarthi/Lighter_Vein/Sabarimalai_WomensRight_files/07rights_files aerrow.gif
2006.09.03 07:51 B c:\vidyarthi\Lighter_Vein\Sabarimalai_WomensRight_files\07rights_files\bltfeature.gif --> ipnatlanta.net /camaga/vidyarthi/Lighter_Vein/Sabarimalai_WomensRight_files/07rights_files bltfeature.gif
2006.09.03 07:51 B c:\vidyarthi\Lighter_Vein\Sabarimalai_WomensRight_files\07rights_files\cologo.gif --> ipnatlanta.net /camaga/vidyarthi/Lighter_Vein/Sabarimalai_WomensRight_files/07rights_files cologo.gif
2006.09.03 07:51 B c:\vidyarthi\Lighter_Vein\Sabarimalai_WomensRight_files\07rights_files\datebg.gif --> ipnatlanta.net /camaga/vidyarthi/Lighter_Vein/Sabarimalai_WomensRight_files/07rights_files datebg.gif
2006.09.03 07:51 B c:\vidyarthi\Lighter_Vein\Sabarimalai_WomensRight_files\07rights_files\greenbg.gif --> ipnatlanta.net /camaga/vidyarthi/Lighter_Vein/Sabarimalai_WomensRight_files/07rights_files greenbg.gif
2006.09.03 07:51 B c:\vidyarthi\Lighter_Vein\Sabarimalai_WomensRight_files\07rights_files\greenleft.gif --> ipnatlanta.net /camaga/vidyarthi/Lighter_Vein/Sabarimalai_WomensRight_files/07rights_files greenleft.gif
2006.09.03 07:51 B c:\vidyarthi\Lighter_Vein\Sabarimalai_WomensRight_files\07rights_files\greenright.gif --> ipnatlanta.net /camaga/vidyarthi/Lighter_Vein/Sabarimalai_WomensRight_files/07rights_files greenright.gif
2006.09.03 07:51 B c:\vidyarthi\Lighter_Vein\Sabarimalai_WomensRight_files\07rights_files\inmmt50x50.gif --> ipnatlanta.net /camaga/vidyarthi/Lighter_Vein/Sabarimalai_WomensRight_files/07rights_files inmmt50x50.gif
2006.09.03 07:51 B c:\vidyarthi\Lighter_Vein\Sabarimalai_WomensRight_files\07rights_files\kspl01.gif --> ipnatlanta.net /camaga/vidyarthi/Lighter_Vein/Sabarimalai_WomensRight_files/07rights_files kspl01.gif
2006.09.03 07:51 B c:\vidyarthi\Lighter_Vein\Sabarimalai_WomensRight_files\07rights_files\Logo_25wht.gif --> ipnatlanta.net /camaga/vidyarthi/Lighter_Vein/Sabarimalai_WomensRight_files/07rights_files Logo_25wht.gif
2006.09.03 07:51 B c:\vidyarthi\Lighter_Vein\Sabarimalai_WomensRight_files\07rights_files\mailbox700x90.gif --> ipnatlanta.net /camaga/vidyarthi/Lighter_Vein/Sabarimalai_WomensRight_files/07rights_files mailbox700x90.gif
2006.09.03 07:51 B c:\vidyarthi\Lighter_Vein\Sabarimalai_WomensRight_files\07rights_files\panoramalogo.gif --> ipnatlanta.net /camaga/vidyarthi/Lighter_Vein/Sabarimalai_WomensRight_files/07rights_files panoramalogo.gif
2006.09.03 07:51 B c:\vidyarthi\Lighter_Vein\Sabarimalai_WomensRight_files\07rights_files\postbox_110x300.gif --> ipnatlanta.net /camaga/vidyarthi/Lighter_Vein/Sabarimalai_WomensRight_files/07rights_files postbox_110x300.gif
2006.09.03 07:51 B c:\vidyarthi\Lighter_Vein\Sabarimalai_WomensRight_files\07rights_files\postcomment.gif --> ipnatlanta.net /camaga/vidyarthi/Lighter_Vein/Sabarimalai_WomensRight_files/07rights_files postcomment.gif
2006.09.03 07:51 B c:\vidyarthi\Lighter_Vein\Sabarimalai_WomensRight_files\07rights_files\raghurams02.gif --> ipnatlanta.net /camaga/vidyarthi/Lighter_Vein/Sabarimalai_WomensRight_files/07rights_files raghurams02.gif
2006.09.03 07:51 B c:\vidyarthi\Lighter_Vein\Sabarimalai_WomensRight_files\07rights_files\show_ads.js --> ipnatlanta.net /camaga/vidyarthi/Lighter_Vein/Sabarimalai_WomensRight_files/07rights_files show_ads.js
2006.09.03 07:51 B c:\vidyarthi\Lighter_Vein\Sabarimalai_WomensRight_files\07rights_files\tamilvu110.gif --> ipnatlanta.net /camaga/vidyarthi/Lighter_Vein/Sabarimalai_WomensRight_files/07rights_files tamilvu110.gif
2006.09.03 07:51 B c:\vidyarthi\Lighter_Vein\Sabarimalai_WomensRight_files\07rights_files\Tyrooads.js --> ipnatlanta.net /camaga/vidyarthi/Lighter_Vein/Sabarimalai_WomensRight_files/07rights_files Tyrooads.js
2006.09.03 07:51 B c:\vidyarthi\Lighter_Vein\Sabarimalai_WomensRight_files\07rights_files\urchin.js --> ipnatlanta.net /camaga/vidyarthi/Lighter_Vein/Sabarimalai_WomensRight_files/07rights_files urchin.js
2006.09.03 07:51 B c:\vidyarthi\Lighter_Vein\Sabarimalai_WomensRight_files\07rights_files\vandni1.gif --> ipnatlanta.net /camaga/vidyarthi/Lighter_Vein/Sabarimalai_WomensRight_files/07rights_files vandni1.gif
2006.09.03 07:51 B c:\vidyarthi\Lighter_Vein\Sabarimalai_WomensRight_files\07rights_files\viewcomment.gif --> ipnatlanta.net /camaga/vidyarthi/Lighter_Vein/Sabarimalai_WomensRight_files/07rights_files viewcomment.gif
2007.01.19 19:16 B c:\vidyarthi\Lighter_Vein\Sabarimalai_WomensRight_files\07rights_files\110x120.gif --> ipnatlanta.net /camaga/vidyarthi/Lighter_Vein/Lighter_Vein/Sabarimalai_WomensRight_files/07rights_files 110x120.gif
2007.01.19 19:16 B c:\vidyarthi\Lighter_Vein\Sabarimalai_WomensRight_files\07rights_files\135x200.gif --> ipnatlanta.net /camaga/vidyarthi/Lighter_Vein/Lighter_Vein/Sabarimalai_WomensRight_files/07rights_files 135x200.gif
2007.01.19 19:16 B c:\vidyarthi\Lighter_Vein\Sabarimalai_WomensRight_files\07rights_files\234x60.gif --> ipnatlanta.net /camaga/vidyarthi/Lighter_Vein/Lighter_Vein/Sabarimalai_WomensRight_files/07rights_files 234x60.gif
2007.01.19 19:16 B c:\vidyarthi\Lighter_Vein\Sabarimalai_WomensRight_files\07rights_files\560x20.gif --> ipnatlanta.net /camaga/vidyarthi/Lighter_Vein/Lighter_Vein/Sabarimalai_WomensRight_files/07rights_files 560x20.gif
2007.01.19 19:16 B c:\vidyarthi\Lighter_Vein\Sabarimalai_WomensRight_files\07rights_files\admentornet(1).htm --> ipnatlanta.net /camaga/vidyarthi/Lighter_Vein/Lighter_Vein/Sabarimalai_WomensRight_files/07rights_files admentornet(1).htm
2007.01.19 19:16 B c:\vidyarthi\Lighter_Vein\Sabarimalai_WomensRight_files\07rights_files\admentornet(2).htm --> ipnatlanta.net /camaga/vidyarthi/Lighter_Vein/Lighter_Vein/Sabarimalai_WomensRight_files/07rights_files admentornet(2).htm
2007.01.19 19:16 B c:\vidyarthi\Lighter_Vein\Sabarimalai_WomensRight_files\07rights_files\admentornet(3).htm --> ipnatlanta.net /camaga/vidyarthi/Lighter_Vein/Lighter_Vein/Sabarimalai_WomensRight_files/07rights_files admentornet(3).htm
2007.01.19 19:16 B c:\vidyarthi\Lighter_Vein\Sabarimalai_WomensRight_files\07rights_files\admentornet.htm --> ipnatlanta.net /camaga/vidyarthi/Lighter_Vein/Lighter_Vein/Sabarimalai_WomensRight_files/07rights_files admentornet.htm
2007.01.19 19:16 B c:\vidyarthi\Lighter_Vein\Sabarimalai_WomensRight_files\07rights_files\admentorserve(1).htm --> ipnatlanta.net /camaga/vidyarthi/Lighter_Vein/Lighter_Vein/Sabarimalai_WomensRight_files/07rights_files admentorserve(1).htm
2007.01.19 19:16 B c:\vidyarthi\Lighter_Vein\Sabarimalai_WomensRight_files\07rights_files\admentorserve(2).htm --> ipnatlanta.net /camaga/vidyarthi/Lighter_Vein/Lighter_Vein/Sabarimalai_WomensRight_files/07rights_files admentorserve(2).htm
2007.01.19 19:16 B c:\vidyarthi\Lighter_Vein\Sabarimalai_WomensRight_files\07rights_files\admentorserve(3).htm --> ipnatlanta.net /camaga/vidyarthi/Lighter_Vein/Lighter_Vein/Sabarimalai_WomensRight_files/07rights_files admentorserve(3).htm
2007.01.19 19:16 B c:\vidyarthi\Lighter_Vein\Sabarimalai_WomensRight_files\07rights_files\admentorserve(4).htm --> ipnatlanta.net /camaga/vidyarthi/Lighter_Vein/Lighter_Vein/Sabarimalai_WomensRight_files/07rights_files admentorserve(4).htm
2007.01.19 19:16 B c:\vidyarthi\Lighter_Vein\Sabarimalai_WomensRight_files\07rights_files\admentorserve.htm --> ipnatlanta.net /camaga/vidyarthi/Lighter_Vein/Lighter_Vein/Sabarimalai_WomensRight_files/07rights_files admentorserve.htm
2007.01.19 19:16 B c:\vidyarthi\Lighter_Vein\Sabarimalai_WomensRight_files\07rights_files\aerrow.gif --> ipnatlanta.net /camaga/vidyarthi/Lighter_Vein/Lighter_Vein/Sabarimalai_WomensRight_files/07rights_files aerrow.gif
2007.01.19 19:16 B c:\vidyarthi\Lighter_Vein\Sabarimalai_WomensRight_files\07rights_files\bltfeature.gif --> ipnatlanta.net /camaga/vidyarthi/Lighter_Vein/Lighter_Vein/Sabarimalai_WomensRight_files/07rights_files bltfeature.gif
2007.01.19 19:16 B c:\vidyarthi\Lighter_Vein\Sabarimalai_WomensRight_files\07rights_files\cologo.gif --> ipnatlanta.net /camaga/vidyarthi/Lighter_Vein/Lighter_Vein/Sabarimalai_WomensRight_files/07rights_files cologo.gif
2007.01.19 19:16 B c:\vidyarthi\Lighter_Vein\Sabarimalai_WomensRight_files\07rights_files\datebg.gif --> ipnatlanta.net /camaga/vidyarthi/Lighter_Vein/Lighter_Vein/Sabarimalai_WomensRight_files/07rights_files datebg.gif
2007.01.19 19:17 B c:\vidyarthi\Lighter_Vein\Sabarimalai_WomensRight_files\07rights_files\greenbg.gif --> ipnatlanta.net /camaga/vidyarthi/Lighter_Vein/Lighter_Vein/Sabarimalai_WomensRight_files/07rights_files greenbg.gif
2007.01.19 19:17 B c:\vidyarthi\Lighter_Vein\Sabarimalai_WomensRight_files\07rights_files\greenleft.gif --> ipnatlanta.net /camaga/vidyarthi/Lighter_Vein/Lighter_Vein/Sabarimalai_WomensRight_files/07rights_files greenleft.gif
2007.01.19 19:17 B c:\vidyarthi\Lighter_Vein\Sabarimalai_WomensRight_files\07rights_files\greenright.gif --> ipnatlanta.net /camaga/vidyarthi/Lighter_Vein/Lighter_Vein/Sabarimalai_WomensRight_files/07rights_files greenright.gif
2007.01.19 19:17 B c:\vidyarthi\Lighter_Vein\Sabarimalai_WomensRight_files\07rights_files\inmmt50x50.gif --> ipnatlanta.net /camaga/vidyarthi/Lighter_Vein/Lighter_Vein/Sabarimalai_WomensRight_files/07rights_files inmmt50x50.gif
2007.01.19 19:17 B c:\vidyarthi\Lighter_Vein\Sabarimalai_WomensRight_files\07rights_files\kspl01.gif --> ipnatlanta.net /camaga/vidyarthi/Lighter_Vein/Lighter_Vein/Sabarimalai_WomensRight_files/07rights_files kspl01.gif
2007.01.19 19:17 B c:\vidyarthi\Lighter_Vein\Sabarimalai_WomensRight_files\07rights_files\Logo_25wht.gif --> ipnatlanta.net /camaga/vidyarthi/Lighter_Vein/Lighter_Vein/Sabarimalai_WomensRight_files/07rights_files Logo_25wht.gif
2007.01.19 19:17 B c:\vidyarthi\Lighter_Vein\Sabarimalai_WomensRight_files\07rights_files\mailbox700x90.gif --> ipnatlanta.net /camaga/vidyarthi/Lighter_Vein/Lighter_Vein/Sabarimalai_WomensRight_files/07rights_files mailbox700x90.gif
2007.01.19 19:17 B c:\vidyarthi\Lighter_Vein\Sabarimalai_WomensRight_files\07rights_files\panoramalogo.gif --> ipnatlanta.net /camaga/vidyarthi/Lighter_Vein/Lighter_Vein/Sabarimalai_WomensRight_files/07rights_files panoramalogo.gif
2007.01.19 19:17 B c:\vidyarthi\Lighter_Vein\Sabarimalai_WomensRight_files\07rights_files\postbox_110x300.gif --> ipnatlanta.net /camaga/vidyarthi/Lighter_Vein/Lighter_Vein/Sabarimalai_WomensRight_files/07rights_files postbox_110x300.gif
2007.01.19 19:17 B c:\vidyarthi\Lighter_Vein\Sabarimalai_WomensRight_files\07rights_files\postcomment.gif --> ipnatlanta.net /camaga/vidyarthi/Lighter_Vein/Lighter_Vein/Sabarimalai_WomensRight_files/07rights_files postcomment.gif
2007.01.19 19:17 B c:\vidyarthi\Lighter_Vein\Sabarimalai_WomensRight_files\07rights_files\raghurams02.gif --> ipnatlanta.net /camaga/vidyarthi/Lighter_Vein/Lighter_Vein/Sabarimalai_WomensRight_files/07rights_files raghurams02.gif
2007.01.19 19:17 B c:\vidyarthi\Lighter_Vein\Sabarimalai_WomensRight_files\07rights_files\show_ads.js --> ipnatlanta.net /camaga/vidyarthi/Lighter_Vein/Lighter_Vein/Sabarimalai_WomensRight_files/07rights_files show_ads.js
2007.01.19 19:17 B c:\vidyarthi\Lighter_Vein\Sabarimalai_WomensRight_files\07rights_files\tamilvu110.gif --> ipnatlanta.net /camaga/vidyarthi/Lighter_Vein/Lighter_Vein/Sabarimalai_WomensRight_files/07rights_files tamilvu110.gif
2007.01.19 19:17 B c:\vidyarthi\Lighter_Vein\Sabarimalai_WomensRight_files\07rights_files\Tyrooads.js --> ipnatlanta.net /camaga/vidyarthi/Lighter_Vein/Lighter_Vein/Sabarimalai_WomensRight_files/07rights_files Tyrooads.js
2007.01.19 19:17 B c:\vidyarthi\Lighter_Vein\Sabarimalai_WomensRight_files\07rights_files\urchin.js --> ipnatlanta.net /camaga/vidyarthi/Lighter_Vein/Lighter_Vein/Sabarimalai_WomensRight_files/07rights_files urchin.js
2007.01.19 19:17 B c:\vidyarthi\Lighter_Vein\Sabarimalai_WomensRight_files\07rights_files\vandni1.gif --> ipnatlanta.net /camaga/vidyarthi/Lighter_Vein/Lighter_Vein/Sabarimalai_WomensRight_files/07rights_files vandni1.gif
2007.01.19 19:17 B c:\vidyarthi\Lighter_Vein\Sabarimalai_WomensRight_files\07rights_files\viewcomment.gif --> ipnatlanta.net /camaga/vidyarthi/Lighter_Vein/Lighter_Vein/Sabarimalai_WomensRight_files/07rights_files viewcomment.gif
2007.01.19 19:17 B c:\vidyarthi\Lighter_Vein\Sabarimalai_WomensRight_files\07rights_files\WS_FTP.LOG --> ipnatlanta.net /camaga/vidyarthi/Lighter_Vein/Lighter_Vein/Sabarimalai_WomensRight_files/07rights_files WS_FTP.LOG
