2006.06.15 17:17 B c:\vidyarthi\Lighter_Vein\Connoisseurs of Indian music.htm --> ipnatlanta.net /camaga/vidyarthi/Lighter_Vein Connoisseurs of Indian music.htm
2006.06.15 17:17 B c:\vidyarthi\Lighter_Vein\DeccanHerald_Proudto beIndian.htm --> ipnatlanta.net /camaga/vidyarthi/Lighter_Vein DeccanHerald_Proudto beIndian.htm
2006.06.15 17:17 B c:\vidyarthi\Lighter_Vein\Explaining Cricket to Americans.htm --> ipnatlanta.net /camaga/vidyarthi/Lighter_Vein Explaining Cricket to Americans.htm
2006.06.15 17:17 B c:\vidyarthi\Lighter_Vein\Lighter_Vein.htm --> ipnatlanta.net /camaga/vidyarthi/Lighter_Vein Lighter_Vein.htm
2006.06.15 17:17 B c:\vidyarthi\Lighter_Vein\Mantra for a successful marriage.htm --> ipnatlanta.net /camaga/vidyarthi/Lighter_Vein Mantra for a successful marriage.htm
2006.06.15 17:17 B c:\vidyarthi\Lighter_Vein\Saint Tyagaraja’s revenge.htm --> ipnatlanta.net /camaga/vidyarthi/Lighter_Vein Saint Tyagaraja’s revenge.htm
2006.06.15 17:17 B c:\vidyarthi\Lighter_Vein\TMPko4x6x6fq.htm --> ipnatlanta.net /camaga/vidyarthi/Lighter_Vein TMPko4x6x6fq.htm
2006.06.15 17:17 B c:\vidyarthi\Lighter_Vein\We are related.htm --> ipnatlanta.net /camaga/vidyarthi/Lighter_Vein We are related.htm
2006.06.15 18:07 B c:\vidyarthi\Lighter_Vein\Groucho_Marx.jpg --> ipnatlanta.net /camaga/vidyarthi/Lighter_Vein Groucho_Marx.jpg
2006.06.15 18:18 B c:\vidyarthi\Lighter_Vein\Lighter_Vein.htm --> ipnatlanta.net /camaga/vidyarthi Lighter_Vein.htm
2006.06.15 18:19 B c:\vidyarthi\Lighter_Vein\Groucho_Marx.jpg --> ipnatlanta.net /camaga/vidyarthi/Lighter_Vein Groucho_Marx.jpg
2006.06.15 18:20 B c:\vidyarthi\Lighter_Vein\Groucho_Marx.jpg --> ipnatlanta.net /camaga/vidyarthi/Lighter_Vein Groucho_Marx.jpg
2006.06.15 18:34 B c:\vidyarthi\Lighter_Vein\Groucho_Marx.jpg --> ipnatlanta.net /camaga/vidyarthi Groucho_Marx.jpg
2006.06.15 18:35 B c:\vidyarthi\Lighter_Vein\Lighter_Vein.htm --> ipnatlanta.net /camaga/vidyarthi Lighter_Vein.htm
2006.06.15 18:36 B c:\vidyarthi\Lighter_Vein\Lighter_Vein.htm --> ipnatlanta.net /camaga/vidyarthi/Lighter_Vein Lighter_Vein.htm
2006.08.26 16:59 B c:\vidyarthi\Lighter_Vein\Gita_Management.htm --> ipnatlanta.net /camaga/vidyarthi/Lighter_Vein Gita_Management.htm
2006.08.26 17:01 B c:\vidyarthi\Lighter_Vein\Gita_Management.htm --> ipnatlanta.net /camaga/vidyarthi/Lighter_Vein Gita_Management.htm
2006.08.26 17:20 B c:\vidyarthi\Lighter_Vein\Lighter_Vein.htm --> ipnatlanta.net /camaga/vidyarthi/Lighter_Vein Lighter_Vein.htm
2006.08.26 17:22 B c:\vidyarthi\Lighter_Vein\Lighter_Vein.htm --> ipnatlanta.net /camaga/vidyarthi/Lighter_Vein Lighter_Vein.htm
2006.08.26 17:23 B c:\vidyarthi\Lighter_Vein\Lighter_Vein.htm --> ipnatlanta.net /camaga/vidyarthi/Lighter_Vein Lighter_Vein.htm
2006.08.26 17:25 B c:\vidyarthi\Lighter_Vein\Lighter_Vein.htm --> ipnatlanta.net /camaga/vidyarthi/Lighter_Vein Lighter_Vein.htm
2006.08.27 08:33 B c:\vidyarthi\Lighter_Vein\Lighter_Vein.htm --> ipnatlanta.net /camaga/vidyarthi/Lighter_Vein Lighter_Vein.htm
2006.08.27 08:36 B c:\vidyarthi\Lighter_Vein\Gita_Management.htm --> ipnatlanta.net /camaga/vidyarthi/Lighter_Vein Gita_Management.htm
2006.08.27 08:38 B c:\vidyarthi\Lighter_Vein\Gita_Management.htm --> ipnatlanta.net /camaga/vidyarthi/Lighter_Vein Gita_Management.htm
2006.09.03 07:52 B c:\vidyarthi\Lighter_Vein\Sabarimalai_WomensRight.htm --> ipnatlanta.net /camaga/vidyarthi/Lighter_Vein Sabarimalai_WomensRight.htm
2006.09.03 07:52 B c:\vidyarthi\Lighter_Vein\Lighter_Vein.htm --> ipnatlanta.net /camaga/vidyarthi/Lighter_Vein Lighter_Vein.htm
2006.09.16 15:35 B c:\vidyarthi\Lighter_Vein\Lighter_Vein.htm --> ipnatlanta.net /camaga/vidyarthi/Lighter_Vein Lighter_Vein.htm
2006.09.16 15:35 B c:\vidyarthi\Lighter_Vein\TradingPlaces.htm --> ipnatlanta.net /camaga/vidyarthi/Lighter_Vein TradingPlaces.htm
2006.09.16 15:37 B c:\vidyarthi\Lighter_Vein\TradingPlaces.htm --> ipnatlanta.net /camaga/vidyarthi/Lighter_Vein TradingPlaces.htm
2006.09.16 15:39 B c:\vidyarthi\Lighter_Vein\TradingPlaces.htm --> ipnatlanta.net /camaga/vidyarthi/Lighter_Vein TradingPlaces.htm
2006.09.16 15:46 B c:\vidyarthi\Lighter_Vein\TradingPlaces.htm --> ipnatlanta.net /camaga/vidyarthi/Lighter_Vein TradingPlaces.htm
2006.09.16 15:50 B c:\vidyarthi\Lighter_Vein\TradingPlaces.htm --> ipnatlanta.net /camaga/vidyarthi TradingPlaces.htm
2006.09.16 16:05 B c:\vidyarthi\Lighter_Vein\Trading_Places.htm --> ipnatlanta.net /camaga/vidyarthi Trading_Places.htm
2006.09.16 16:08 B c:\vidyarthi\Lighter_Vein\Trading_Places.htm --> ipnatlanta.net /camaga/vidyarthi Trading_Places.htm
2006.09.16 16:13 B c:\vidyarthi\Lighter_Vein\Trading_Places.htm --> ipnatlanta.net /camaga/vidyarthi/Lighter_Vein Trading_Places.htm
2006.10.11 06:45 B c:\vidyarthi\Lighter_Vein\Counting the trees, missing the forest.htm --> ipnatlanta.net /camaga/vidyarthi/Lighter_Vein Counting the trees, missing the forest.htm
2006.10.11 06:46 B c:\vidyarthi\Lighter_Vein\Lighter_Vein.htm --> ipnatlanta.net /camaga/vidyarthi Lighter_Vein.htm
2006.10.11 06:47 B c:\vidyarthi\Lighter_Vein\Lighter_Vein.htm --> ipnatlanta.net /camaga/vidyarthi/Lighter_Vein Lighter_Vein.htm
2006.10.27 07:27 A c:\vidyarthi\Lighter_Vein\Counting the trees, missing the forest.htm --> ipnatlanta.net /camaga/vidyarthi/Lighter_Vein Counting the trees, missing the forest.htm
2006.12.24 12:24 B c:\vidyarthi\Lighter_Vein\Symbolism_Hindu_Temples.doc --> ipnatlanta.net /camaga/vidyarthi/Lighter_Vein Symbolism_Hindu_Temples.doc
2006.12.24 12:24 B c:\vidyarthi\Lighter_Vein\Counting the trees, missing the forest.htm --> ipnatlanta.net /camaga/vidyarthi/Lighter_Vein Counting the trees, missing the forest.htm
2006.12.24 12:27 B c:\vidyarthi\Lighter_Vein\Lighter_Vein.htm --> ipnatlanta.net /camaga/vidyarthi Lighter_Vein.htm
2006.12.24 12:29 B c:\vidyarthi\Lighter_Vein\Lighter_Vein.htm --> ipnatlanta.net /camaga/vidyarthi Lighter_Vein.htm
2006.12.24 12:30 B c:\vidyarthi\Lighter_Vein\Lighter_Vein.htm --> ipnatlanta.net /camaga/vidyarthi/Lighter_Vein Lighter_Vein.htm
2006.12.24 12:35 B c:\vidyarthi\Lighter_Vein\Symbolism_Hindu_Temples.doc --> ipnatlanta.net /camaga/vidyarthi/Lighter_Vein Symbolism_Hindu_Temples.doc
2006.12.24 12:35 B c:\vidyarthi\Lighter_Vein\Counting the trees, missing the forest.htm --> ipnatlanta.net /camaga/vidyarthi/Lighter_Vein Counting the trees, missing the forest.htm
2006.12.24 12:41 B c:\vidyarthi\Lighter_Vein\Counting the trees, missing the forest.htm --> ipnatlanta.net /camaga/vidyarthi/Lighter_Vein Counting the trees, missing the forest.htm
2007.01.19 19:19 B c:\vidyarthi\Lighter_Vein\Connoisseurs of Indian music.htm --> ipnatlanta.net /camaga/vidyarthi/Lighter_Vein/Lighter_Vein Connoisseurs of Indian music.htm
2007.01.19 19:19 B c:\vidyarthi\Lighter_Vein\Counting the trees, missing the forest.htm --> ipnatlanta.net /camaga/vidyarthi/Lighter_Vein/Lighter_Vein Counting the trees, missing the forest.htm
2007.01.19 19:19 B c:\vidyarthi\Lighter_Vein\DeccanHerald_Proudto beIndian.htm --> ipnatlanta.net /camaga/vidyarthi/Lighter_Vein/Lighter_Vein DeccanHerald_Proudto beIndian.htm
2007.01.19 19:19 B c:\vidyarthi\Lighter_Vein\Explaining Cricket to Americans.htm --> ipnatlanta.net /camaga/vidyarthi/Lighter_Vein/Lighter_Vein Explaining Cricket to Americans.htm
2007.01.19 19:19 B c:\vidyarthi\Lighter_Vein\Gita_Management.htm --> ipnatlanta.net /camaga/vidyarthi/Lighter_Vein/Lighter_Vein Gita_Management.htm
2007.01.19 19:19 B c:\vidyarthi\Lighter_Vein\Groucho_Marx.jpg --> ipnatlanta.net /camaga/vidyarthi/Lighter_Vein/Lighter_Vein Groucho_Marx.jpg
2007.01.19 19:19 B c:\vidyarthi\Lighter_Vein\Life_in_America_BAT.doc --> ipnatlanta.net /camaga/vidyarthi/Lighter_Vein/Lighter_Vein Life_in_America_BAT.doc
2007.01.19 19:19 B c:\vidyarthi\Lighter_Vein\Lighter_Vein.htm --> ipnatlanta.net /camaga/vidyarthi/Lighter_Vein/Lighter_Vein Lighter_Vein.htm
2007.01.19 19:50 B c:\vidyarthi\Lighter_Vein\Saint Tyagaraja’s revenge.htm --> ipnatlanta.net /camaga/vidyarthi/Lighter_Vein Saint Tyagaraja’s revenge.htm
2007.01.19 19:51 B c:\vidyarthi\Lighter_Vein\Symbolism_Hindu_Temples.htm --> ipnatlanta.net /camaga/vidyarthi/Lighter_Vein Symbolism_Hindu_Temples.htm
2007.01.19 20:06 B c:\vidyarthi\Lighter_Vein\Saint Tyagaraja’s revenge.htm --> ipnatlanta.net /camaga/vidyarthi/Lighter_Vein Saint Tyagaraja’s revenge.htm
2007.01.19 20:13 B c:\vidyarthi\Lighter_Vein\Saint Tyagaraja’s revenge.htm --> ipnatlanta.net /camaga/vidyarthi/Lighter_Vein Saint Tyagaraja’s revenge.htm
2007.01.21 19:46 B c:\vidyarthi\Lighter_Vein\Life_in_America_BAT.doc --> ipnatlanta.net /camaga/vidyarthi/Lighter_Vein Life_in_America_BAT.doc
2007.01.21 19:56 B c:\vidyarthi\Lighter_Vein\Life_in_America_BAT.doc --> ipnatlanta.net /camaga/vidyarthi/Lighter_Vein Life_in_America_BAT.doc
2007.01.21 20:00 B c:\vidyarthi\Lighter_Vein\LivinginAmerica_BAT.htm --> ipnatlanta.net /camaga/vidyarthi/Lighter_Vein LivinginAmerica_BAT.htm
2008.03.29 18:01 B c:\vidyarthi\Lighter_Vein\Carnatic Music – Lyrics or Musical Experience.mht --> ipnatlanta.net /vidyarthi/Lighter_Vein Carnatic Music – Lyrics or Musical Experience.mht
2008.03.29 18:09 A c:\vidyarthi\Lighter_Vein\Carnatic Music_Lyrics or Musical Experience.mht --> ipnatlanta.net /vidyarthi/Lighter_Vein Carnatic Music_Lyrics or Musical Experience.mht
2008.03.29 18:12 A c:\vidyarthi\Lighter_Vein\Carnatic Music_Lyrics or Musical Experience.mht --> ipnatlanta.net /vidyarthi/Lighter_Vein Carnatic Music_Lyrics or Musical Experience.mht
2008.03.30 11:15 B c:\vidyarthi\Lighter_Vein\MusicandLanguage.htm --> ipnatlanta.net /vidyarthi/Lighter_Vein MusicandLanguage.htm
2008.03.30 11:15 B c:\vidyarthi\Lighter_Vein\MusicandLanguage.htm --> ipnatlanta.net /vidyarthi/Lighter_Vein MusicandLanguage.htm
2008.03.31 17:34 B c:\vidyarthi\Lighter_Vein\Bhajana_Rituals.htm <-- camaga /vidyarthi/Lighter_Vein Bhajana_Rituals.htm
2008.03.31 17:38 B c:\vidyarthi\Lighter_Vein\Fantasy_Thou_Art_Human.htm <-- camaga /vidyarthi/Lighter_Vein Fantasy_Thou_Art_Human.htm
2008.03.31 18:51 B c:\vidyarthi\Lighter_Vein\True_Karmayogi.htm --> ipnatlanta.net /vidyarthi/Lighter_Vein True_Karmayogi.htm
2008.03.31 18:57 B c:\vidyarthi\Lighter_Vein\True_Karmayogi.htm --> ipnatlanta.net /vidyarthi/Lighter_Vein True_Karmayogi.htm
2008.03.31 18:59 B c:\vidyarthi\Lighter_Vein\True_Karmayogi.htm --> ipnatlanta.net /vidyarthi/Lighter_Vein True_Karmayogi.htm
