2006.12.24 12:23 B c:\vidyarthi\Lighter_Vein\Counting the trees, missing the forest_files\image008.gif --> ipnatlanta.net /camaga/vidyarthi/Lighter_Vein/Counting the trees, missing the forest_files image008.gif
2006.12.24 12:23 B c:\vidyarthi\Lighter_Vein\Counting the trees, missing the forest_files\image007.gif --> ipnatlanta.net /camaga/vidyarthi/Lighter_Vein/Counting the trees, missing the forest_files image007.gif
2006.12.24 12:23 B c:\vidyarthi\Lighter_Vein\Counting the trees, missing the forest_files\image006.gif --> ipnatlanta.net /camaga/vidyarthi/Lighter_Vein/Counting the trees, missing the forest_files image006.gif
2006.12.24 12:23 B c:\vidyarthi\Lighter_Vein\Counting the trees, missing the forest_files\image005.gif --> ipnatlanta.net /camaga/vidyarthi/Lighter_Vein/Counting the trees, missing the forest_files image005.gif
2006.12.24 12:23 B c:\vidyarthi\Lighter_Vein\Counting the trees, missing the forest_files\image004.gif --> ipnatlanta.net /camaga/vidyarthi/Lighter_Vein/Counting the trees, missing the forest_files image004.gif
2006.12.24 12:23 B c:\vidyarthi\Lighter_Vein\Counting the trees, missing the forest_files\image003.gif --> ipnatlanta.net /camaga/vidyarthi/Lighter_Vein/Counting the trees, missing the forest_files image003.gif
2006.12.24 12:23 B c:\vidyarthi\Lighter_Vein\Counting the trees, missing the forest_files\image002.gif --> ipnatlanta.net /camaga/vidyarthi/Lighter_Vein/Counting the trees, missing the forest_files image002.gif
2006.12.24 12:23 B c:\vidyarthi\Lighter_Vein\Counting the trees, missing the forest_files\image001.gif --> ipnatlanta.net /camaga/vidyarthi/Lighter_Vein/Counting the trees, missing the forest_files image001.gif
2006.12.24 12:23 B c:\vidyarthi\Lighter_Vein\Counting the trees, missing the forest_files\filelist.xml --> ipnatlanta.net /camaga/vidyarthi/Lighter_Vein/Counting the trees, missing the forest_files filelist.xml
2006.12.24 12:23 B c:\vidyarthi\Lighter_Vein\Counting the trees, missing the forest_files\style.css --> ipnatlanta.net /camaga/vidyarthi/Lighter_Vein/Counting the trees, missing the forest_files style.css
2006.12.24 12:23 B c:\vidyarthi\Lighter_Vein\Counting the trees, missing the forest_files\hstyle.css --> ipnatlanta.net /camaga/vidyarthi/Lighter_Vein/Counting the trees, missing the forest_files hstyle.css
2006.12.24 12:23 B c:\vidyarthi\Lighter_Vein\Counting the trees, missing the forest_files\admentorserve.htm --> ipnatlanta.net /camaga/vidyarthi/Lighter_Vein/Counting the trees, missing the forest_files admentorserve.htm
2006.12.24 12:23 B c:\vidyarthi\Lighter_Vein\Counting the trees, missing the forest_files\admentorserve(9).htm --> ipnatlanta.net /camaga/vidyarthi/Lighter_Vein/Counting the trees, missing the forest_files admentorserve(9).htm
2006.12.24 12:23 B c:\vidyarthi\Lighter_Vein\Counting the trees, missing the forest_files\admentorserve(8).htm --> ipnatlanta.net /camaga/vidyarthi/Lighter_Vein/Counting the trees, missing the forest_files admentorserve(8).htm
2006.12.24 12:23 B c:\vidyarthi\Lighter_Vein\Counting the trees, missing the forest_files\admentorserve(7).htm --> ipnatlanta.net /camaga/vidyarthi/Lighter_Vein/Counting the trees, missing the forest_files admentorserve(7).htm
2006.12.24 12:23 B c:\vidyarthi\Lighter_Vein\Counting the trees, missing the forest_files\admentorserve(6).htm --> ipnatlanta.net /camaga/vidyarthi/Lighter_Vein/Counting the trees, missing the forest_files admentorserve(6).htm
2006.12.24 12:23 B c:\vidyarthi\Lighter_Vein\Counting the trees, missing the forest_files\admentorserve(5).htm --> ipnatlanta.net /camaga/vidyarthi/Lighter_Vein/Counting the trees, missing the forest_files admentorserve(5).htm
2006.12.24 12:23 B c:\vidyarthi\Lighter_Vein\Counting the trees, missing the forest_files\admentorserve(4).htm --> ipnatlanta.net /camaga/vidyarthi/Lighter_Vein/Counting the trees, missing the forest_files admentorserve(4).htm
2006.12.24 12:23 B c:\vidyarthi\Lighter_Vein\Counting the trees, missing the forest_files\admentorserve(3).htm --> ipnatlanta.net /camaga/vidyarthi/Lighter_Vein/Counting the trees, missing the forest_files admentorserve(3).htm
2006.12.24 12:23 B c:\vidyarthi\Lighter_Vein\Counting the trees, missing the forest_files\admentorserve(2).htm --> ipnatlanta.net /camaga/vidyarthi/Lighter_Vein/Counting the trees, missing the forest_files admentorserve(2).htm
2006.12.24 12:23 B c:\vidyarthi\Lighter_Vein\Counting the trees, missing the forest_files\admentorserve(10).htm --> ipnatlanta.net /camaga/vidyarthi/Lighter_Vein/Counting the trees, missing the forest_files admentorserve(10).htm
2006.12.24 12:23 B c:\vidyarthi\Lighter_Vein\Counting the trees, missing the forest_files\admentorserve(1).htm --> ipnatlanta.net /camaga/vidyarthi/Lighter_Vein/Counting the trees, missing the forest_files admentorserve(1).htm
2006.12.24 12:23 B c:\vidyarthi\Lighter_Vein\Counting the trees, missing the forest_files\admentornet.htm --> ipnatlanta.net /camaga/vidyarthi/Lighter_Vein/Counting the trees, missing the forest_files admentornet.htm
2006.12.24 12:23 B c:\vidyarthi\Lighter_Vein\Counting the trees, missing the forest_files\admentornet(2).htm --> ipnatlanta.net /camaga/vidyarthi/Lighter_Vein/Counting the trees, missing the forest_files admentornet(2).htm
2006.12.24 12:23 B c:\vidyarthi\Lighter_Vein\Counting the trees, missing the forest_files\admentornet(1).htm --> ipnatlanta.net /camaga/vidyarthi/Lighter_Vein/Counting the trees, missing the forest_files admentornet(1).htm
2006.12.24 12:24 B c:\vidyarthi\Lighter_Vein\Counting the trees, missing the forest_files\show_ads.js --> ipnatlanta.net /camaga/vidyarthi/Lighter_Vein/Counting the trees, missing the forest_files show_ads.js
2006.12.24 12:24 B c:\vidyarthi\Lighter_Vein\Counting the trees, missing the forest_files\innerbanner.gif --> ipnatlanta.net /camaga/vidyarthi/Lighter_Vein/Counting the trees, missing the forest_files innerbanner.gif
2006.12.24 12:24 B c:\vidyarthi\Lighter_Vein\Counting the trees, missing the forest_files\e-music01.gif --> ipnatlanta.net /camaga/vidyarthi/Lighter_Vein/Counting the trees, missing the forest_files e-music01.gif
2006.12.24 12:24 B c:\vidyarthi\Lighter_Vein\Counting the trees, missing the forest_files\urchin.js --> ipnatlanta.net /camaga/vidyarthi/Lighter_Vein/Counting the trees, missing the forest_files urchin.js
2006.12.24 12:24 B c:\vidyarthi\Lighter_Vein\Counting the trees, missing the forest_files\300x250_navarathri.gif --> ipnatlanta.net /camaga/vidyarthi/Lighter_Vein/Counting the trees, missing the forest_files 300x250_navarathri.gif
2006.12.24 12:24 B c:\vidyarthi\Lighter_Vein\Counting the trees, missing the forest_files\bltfeature.gif --> ipnatlanta.net /camaga/vidyarthi/Lighter_Vein/Counting the trees, missing the forest_files bltfeature.gif
2006.12.24 12:24 B c:\vidyarthi\Lighter_Vein\Counting the trees, missing the forest_files\560x30-feb09.gif --> ipnatlanta.net /camaga/vidyarthi/Lighter_Vein/Counting the trees, missing the forest_files 560x30-feb09.gif
2006.12.24 12:24 B c:\vidyarthi\Lighter_Vein\Counting the trees, missing the forest_files\music.gif --> ipnatlanta.net /camaga/vidyarthi/Lighter_Vein/Counting the trees, missing the forest_files music.gif
2006.12.24 12:24 B c:\vidyarthi\Lighter_Vein\Counting the trees, missing the forest_files\viewcomment.gif --> ipnatlanta.net /camaga/vidyarthi/Lighter_Vein/Counting the trees, missing the forest_files viewcomment.gif
2006.12.24 12:24 B c:\vidyarthi\Lighter_Vein\Counting the trees, missing the forest_files\vandni1.gif --> ipnatlanta.net /camaga/vidyarthi/Lighter_Vein/Counting the trees, missing the forest_files vandni1.gif
2006.12.24 12:24 B c:\vidyarthi\Lighter_Vein\Counting the trees, missing the forest_files\Tyrooads.js --> ipnatlanta.net /camaga/vidyarthi/Lighter_Vein/Counting the trees, missing the forest_files Tyrooads.js
2006.12.24 12:24 B c:\vidyarthi\Lighter_Vein\Counting the trees, missing the forest_files\postcomment.gif --> ipnatlanta.net /camaga/vidyarthi/Lighter_Vein/Counting the trees, missing the forest_files postcomment.gif
2006.12.24 12:24 B c:\vidyarthi\Lighter_Vein\Counting the trees, missing the forest_files\music01-120.gif --> ipnatlanta.net /camaga/vidyarthi/Lighter_Vein/Counting the trees, missing the forest_files music01-120.gif
2006.12.24 12:24 B c:\vidyarthi\Lighter_Vein\Counting the trees, missing the forest_files\Logo_25wht.gif --> ipnatlanta.net /camaga/vidyarthi/Lighter_Vein/Counting the trees, missing the forest_files Logo_25wht.gif
2006.12.24 12:24 B c:\vidyarthi\Lighter_Vein\Counting the trees, missing the forest_files\inmmt50x50.gif --> ipnatlanta.net /camaga/vidyarthi/Lighter_Vein/Counting the trees, missing the forest_files inmmt50x50.gif
2006.12.24 12:24 B c:\vidyarthi\Lighter_Vein\Counting the trees, missing the forest_files\greenright.gif --> ipnatlanta.net /camaga/vidyarthi/Lighter_Vein/Counting the trees, missing the forest_files greenright.gif
2006.12.24 12:24 B c:\vidyarthi\Lighter_Vein\Counting the trees, missing the forest_files\greenleft.gif --> ipnatlanta.net /camaga/vidyarthi/Lighter_Vein/Counting the trees, missing the forest_files greenleft.gif
2006.12.24 12:24 B c:\vidyarthi\Lighter_Vein\Counting the trees, missing the forest_files\greenbg.gif --> ipnatlanta.net /camaga/vidyarthi/Lighter_Vein/Counting the trees, missing the forest_files greenbg.gif
2006.12.24 12:24 B c:\vidyarthi\Lighter_Vein\Counting the trees, missing the forest_files\datebg.gif --> ipnatlanta.net /camaga/vidyarthi/Lighter_Vein/Counting the trees, missing the forest_files datebg.gif
2006.12.24 12:24 B c:\vidyarthi\Lighter_Vein\Counting the trees, missing the forest_files\cologo.gif --> ipnatlanta.net /camaga/vidyarthi/Lighter_Vein/Counting the trees, missing the forest_files cologo.gif
2006.12.24 12:24 B c:\vidyarthi\Lighter_Vein\Counting the trees, missing the forest_files\aerrow.gif --> ipnatlanta.net /camaga/vidyarthi/Lighter_Vein/Counting the trees, missing the forest_files aerrow.gif
2006.12.24 12:24 B c:\vidyarthi\Lighter_Vein\Counting the trees, missing the forest_files\mailbox_234x60.gif --> ipnatlanta.net /camaga/vidyarthi/Lighter_Vein/Counting the trees, missing the forest_files mailbox_234x60.gif
2006.12.24 12:35 B c:\vidyarthi\Lighter_Vein\Counting the trees, missing the forest_files\filelist.xml --> ipnatlanta.net /camaga/vidyarthi/Lighter_Vein/Counting the trees, missing the forest_files filelist.xml
2006.12.24 12:35 B c:\vidyarthi\Lighter_Vein\Counting the trees, missing the forest_files\image001.gif --> ipnatlanta.net /camaga/vidyarthi/Lighter_Vein/Counting the trees, missing the forest_files image001.gif
2006.12.24 12:35 B c:\vidyarthi\Lighter_Vein\Counting the trees, missing the forest_files\image003.gif --> ipnatlanta.net /camaga/vidyarthi/Lighter_Vein/Counting the trees, missing the forest_files image003.gif
2006.12.24 12:35 B c:\vidyarthi\Lighter_Vein\Counting the trees, missing the forest_files\image006.gif --> ipnatlanta.net /camaga/vidyarthi/Lighter_Vein/Counting the trees, missing the forest_files image006.gif
2006.12.24 12:35 B c:\vidyarthi\Lighter_Vein\Counting the trees, missing the forest_files\image007.gif --> ipnatlanta.net /camaga/vidyarthi/Lighter_Vein/Counting the trees, missing the forest_files image007.gif
2006.12.24 12:35 B c:\vidyarthi\Lighter_Vein\Counting the trees, missing the forest_files\image008.gif --> ipnatlanta.net /camaga/vidyarthi/Lighter_Vein/Counting the trees, missing the forest_files image008.gif
2006.12.24 12:35 B c:\vidyarthi\Lighter_Vein\Counting the trees, missing the forest_files\image009.gif --> ipnatlanta.net /camaga/vidyarthi/Lighter_Vein/Counting the trees, missing the forest_files image009.gif
2006.12.24 12:35 B c:\vidyarthi\Lighter_Vein\Counting the trees, missing the forest_files\image010.gif --> ipnatlanta.net /camaga/vidyarthi/Lighter_Vein/Counting the trees, missing the forest_files image010.gif
2006.12.24 12:35 B c:\vidyarthi\Lighter_Vein\Counting the trees, missing the forest_files\WS_FTP.LOG --> ipnatlanta.net /camaga/vidyarthi/Lighter_Vein/Counting the trees, missing the forest_files WS_FTP.LOG
2006.12.24 12:38 B c:\vidyarthi\Lighter_Vein\Counting the trees, missing the forest_files\WS_FTP.LOG --> ipnatlanta.net /camaga/vidyarthi/Lighter_Vein/Counting the trees, missing the forest_files WS_FTP.LOG
2006.12.24 12:38 B c:\vidyarthi\Lighter_Vein\Counting the trees, missing the forest_files\image010.gif --> ipnatlanta.net /camaga/vidyarthi/Lighter_Vein/Counting the trees, missing the forest_files image010.gif
2006.12.24 12:38 B c:\vidyarthi\Lighter_Vein\Counting the trees, missing the forest_files\image009.gif --> ipnatlanta.net /camaga/vidyarthi/Lighter_Vein/Counting the trees, missing the forest_files image009.gif
2006.12.24 12:38 B c:\vidyarthi\Lighter_Vein\Counting the trees, missing the forest_files\image001.gif --> ipnatlanta.net /camaga/vidyarthi/Lighter_Vein/Counting the trees, missing the forest_files image001.gif
2006.12.24 12:38 B c:\vidyarthi\Lighter_Vein\Counting the trees, missing the forest_files\filelist.xml --> ipnatlanta.net /camaga/vidyarthi/Lighter_Vein/Counting the trees, missing the forest_files filelist.xml
2006.12.24 12:38 B c:\vidyarthi\Lighter_Vein\Counting the trees, missing the forest_files\image008.gif --> ipnatlanta.net /camaga/vidyarthi/Lighter_Vein/Counting the trees, missing the forest_files image008.gif
2006.12.24 12:38 B c:\vidyarthi\Lighter_Vein\Counting the trees, missing the forest_files\image007.gif --> ipnatlanta.net /camaga/vidyarthi/Lighter_Vein/Counting the trees, missing the forest_files image007.gif
2006.12.24 12:38 B c:\vidyarthi\Lighter_Vein\Counting the trees, missing the forest_files\image006.gif --> ipnatlanta.net /camaga/vidyarthi/Lighter_Vein/Counting the trees, missing the forest_files image006.gif
2006.12.24 12:38 B c:\vidyarthi\Lighter_Vein\Counting the trees, missing the forest_files\image003.gif --> ipnatlanta.net /camaga/vidyarthi/Lighter_Vein/Counting the trees, missing the forest_files image003.gif
2006.12.24 12:40 B c:\vidyarthi\Lighter_Vein\Counting the trees, missing the forest_files\WS_FTP.LOG --> ipnatlanta.net /camaga/vidyarthi/Lighter_Vein/Counting the trees, missing the forest_files WS_FTP.LOG
2006.12.24 12:40 B c:\vidyarthi\Lighter_Vein\Counting the trees, missing the forest_files\image010.gif --> ipnatlanta.net /camaga/vidyarthi/Lighter_Vein/Counting the trees, missing the forest_files image010.gif
2006.12.24 12:40 B c:\vidyarthi\Lighter_Vein\Counting the trees, missing the forest_files\image009.gif --> ipnatlanta.net /camaga/vidyarthi/Lighter_Vein/Counting the trees, missing the forest_files image009.gif
2006.12.24 12:40 B c:\vidyarthi\Lighter_Vein\Counting the trees, missing the forest_files\image001.gif --> ipnatlanta.net /camaga/vidyarthi/Lighter_Vein/Counting the trees, missing the forest_files image001.gif
2006.12.24 12:40 B c:\vidyarthi\Lighter_Vein\Counting the trees, missing the forest_files\filelist.xml --> ipnatlanta.net /camaga/vidyarthi/Lighter_Vein/Counting the trees, missing the forest_files filelist.xml
2006.12.24 12:40 B c:\vidyarthi\Lighter_Vein\Counting the trees, missing the forest_files\image008.gif --> ipnatlanta.net /camaga/vidyarthi/Lighter_Vein/Counting the trees, missing the forest_files image008.gif
2006.12.24 12:40 B c:\vidyarthi\Lighter_Vein\Counting the trees, missing the forest_files\image007.gif --> ipnatlanta.net /camaga/vidyarthi/Lighter_Vein/Counting the trees, missing the forest_files image007.gif
2006.12.24 12:40 B c:\vidyarthi\Lighter_Vein\Counting the trees, missing the forest_files\image006.gif --> ipnatlanta.net /camaga/vidyarthi/Lighter_Vein/Counting the trees, missing the forest_files image006.gif
2006.12.24 12:40 B c:\vidyarthi\Lighter_Vein\Counting the trees, missing the forest_files\image003.gif --> ipnatlanta.net /camaga/vidyarthi/Lighter_Vein/Counting the trees, missing the forest_files image003.gif
2007.01.19 19:14 B c:\vidyarthi\Lighter_Vein\Counting the trees, missing the forest_files\filelist.xml --> ipnatlanta.net /camaga/vidyarthi/Lighter_Vein/Lighter_Vein/Counting the trees, missing the forest_files filelist.xml
2007.01.19 19:14 B c:\vidyarthi\Lighter_Vein\Counting the trees, missing the forest_files\image001.gif --> ipnatlanta.net /camaga/vidyarthi/Lighter_Vein/Lighter_Vein/Counting the trees, missing the forest_files image001.gif
2007.01.19 19:14 B c:\vidyarthi\Lighter_Vein\Counting the trees, missing the forest_files\image003.gif --> ipnatlanta.net /camaga/vidyarthi/Lighter_Vein/Lighter_Vein/Counting the trees, missing the forest_files image003.gif
2007.01.19 19:15 B c:\vidyarthi\Lighter_Vein\Counting the trees, missing the forest_files\image006.gif --> ipnatlanta.net /camaga/vidyarthi/Lighter_Vein/Lighter_Vein/Counting the trees, missing the forest_files image006.gif
2007.01.19 19:15 B c:\vidyarthi\Lighter_Vein\Counting the trees, missing the forest_files\image007.gif --> ipnatlanta.net /camaga/vidyarthi/Lighter_Vein/Lighter_Vein/Counting the trees, missing the forest_files image007.gif
2007.01.19 19:15 B c:\vidyarthi\Lighter_Vein\Counting the trees, missing the forest_files\image008.gif --> ipnatlanta.net /camaga/vidyarthi/Lighter_Vein/Lighter_Vein/Counting the trees, missing the forest_files image008.gif
2007.01.19 19:15 B c:\vidyarthi\Lighter_Vein\Counting the trees, missing the forest_files\Logo_25wht.gif --> ipnatlanta.net /camaga/vidyarthi/Lighter_Vein/Lighter_Vein/Counting the trees, missing the forest_files Logo_25wht.gif
2007.01.19 19:15 B c:\vidyarthi\Lighter_Vein\Counting the trees, missing the forest_files\Thumbs.db --> ipnatlanta.net /camaga/vidyarthi/Lighter_Vein/Lighter_Vein/Counting the trees, missing the forest_files Thumbs.db
2007.01.19 19:15 B c:\vidyarthi\Lighter_Vein\Counting the trees, missing the forest_files\WS_FTP.LOG --> ipnatlanta.net /camaga/vidyarthi/Lighter_Vein/Lighter_Vein/Counting the trees, missing the forest_files WS_FTP.LOG
