2007.06.06 10:10 B c:\vidyarthi\Lighter_Vein\Fantasy_Thou_Art_Human_files\05article22_files\110x300(1).gif --> ipnatlanta.net /vidyarthi/Lighter_Vein/Fantasy_Thou_Art_Human_files/05article22_files 110x300(1).gif
2007.06.06 10:10 B c:\vidyarthi\Lighter_Vein\Fantasy_Thou_Art_Human_files\05article22_files\110x300.gif --> ipnatlanta.net /vidyarthi/Lighter_Vein/Fantasy_Thou_Art_Human_files/05article22_files 110x300.gif
2007.06.06 10:10 B c:\vidyarthi\Lighter_Vein\Fantasy_Thou_Art_Human_files\05article22_files\234x60.gif --> ipnatlanta.net /vidyarthi/Lighter_Vein/Fantasy_Thou_Art_Human_files/05article22_files 234x60.gif
2007.06.06 10:10 B c:\vidyarthi\Lighter_Vein\Fantasy_Thou_Art_Human_files\05article22_files\6mstrip1.gif --> ipnatlanta.net /vidyarthi/Lighter_Vein/Fantasy_Thou_Art_Human_files/05article22_files 6mstrip1.gif
2007.06.06 10:10 B c:\vidyarthi\Lighter_Vein\Fantasy_Thou_Art_Human_files\05article22_files\6mstrip2.gif --> ipnatlanta.net /vidyarthi/Lighter_Vein/Fantasy_Thou_Art_Human_files/05article22_files 6mstrip2.gif
2007.06.06 10:10 B c:\vidyarthi\Lighter_Vein\Fantasy_Thou_Art_Human_files\05article22_files\6mstrip3.gif --> ipnatlanta.net /vidyarthi/Lighter_Vein/Fantasy_Thou_Art_Human_files/05article22_files 6mstrip3.gif
2007.06.06 10:10 B c:\vidyarthi\Lighter_Vein\Fantasy_Thou_Art_Human_files\05article22_files\700x90salary.gif --> ipnatlanta.net /vidyarthi/Lighter_Vein/Fantasy_Thou_Art_Human_files/05article22_files 700x90salary.gif
2007.06.06 10:10 B c:\vidyarthi\Lighter_Vein\Fantasy_Thou_Art_Human_files\05article22_files\admentornet(1).htm --> ipnatlanta.net /vidyarthi/Lighter_Vein/Fantasy_Thou_Art_Human_files/05article22_files admentornet(1).htm
2007.06.06 10:10 B c:\vidyarthi\Lighter_Vein\Fantasy_Thou_Art_Human_files\05article22_files\admentornet(2).htm --> ipnatlanta.net /vidyarthi/Lighter_Vein/Fantasy_Thou_Art_Human_files/05article22_files admentornet(2).htm
2007.06.06 10:10 B c:\vidyarthi\Lighter_Vein\Fantasy_Thou_Art_Human_files\05article22_files\admentornet(3).htm --> ipnatlanta.net /vidyarthi/Lighter_Vein/Fantasy_Thou_Art_Human_files/05article22_files admentornet(3).htm
2007.06.06 10:10 B c:\vidyarthi\Lighter_Vein\Fantasy_Thou_Art_Human_files\05article22_files\admentornet(4).htm --> ipnatlanta.net /vidyarthi/Lighter_Vein/Fantasy_Thou_Art_Human_files/05article22_files admentornet(4).htm
2007.06.06 10:10 B c:\vidyarthi\Lighter_Vein\Fantasy_Thou_Art_Human_files\05article22_files\admentornet.htm --> ipnatlanta.net /vidyarthi/Lighter_Vein/Fantasy_Thou_Art_Human_files/05article22_files admentornet.htm
2007.06.06 10:10 B c:\vidyarthi\Lighter_Vein\Fantasy_Thou_Art_Human_files\05article22_files\admentorserve(1).htm --> ipnatlanta.net /vidyarthi/Lighter_Vein/Fantasy_Thou_Art_Human_files/05article22_files admentorserve(1).htm
2007.06.06 10:10 B c:\vidyarthi\Lighter_Vein\Fantasy_Thou_Art_Human_files\05article22_files\admentorserve(2).htm --> ipnatlanta.net /vidyarthi/Lighter_Vein/Fantasy_Thou_Art_Human_files/05article22_files admentorserve(2).htm
2007.06.06 10:10 B c:\vidyarthi\Lighter_Vein\Fantasy_Thou_Art_Human_files\05article22_files\admentorserve(3).htm --> ipnatlanta.net /vidyarthi/Lighter_Vein/Fantasy_Thou_Art_Human_files/05article22_files admentorserve(3).htm
2007.06.06 10:10 B c:\vidyarthi\Lighter_Vein\Fantasy_Thou_Art_Human_files\05article22_files\admentorserve(4).htm --> ipnatlanta.net /vidyarthi/Lighter_Vein/Fantasy_Thou_Art_Human_files/05article22_files admentorserve(4).htm
2007.06.06 10:10 B c:\vidyarthi\Lighter_Vein\Fantasy_Thou_Art_Human_files\05article22_files\admentorserve(5).htm --> ipnatlanta.net /vidyarthi/Lighter_Vein/Fantasy_Thou_Art_Human_files/05article22_files admentorserve(5).htm
2007.06.06 10:10 B c:\vidyarthi\Lighter_Vein\Fantasy_Thou_Art_Human_files\05article22_files\admentorserve(6).htm --> ipnatlanta.net /vidyarthi/Lighter_Vein/Fantasy_Thou_Art_Human_files/05article22_files admentorserve(6).htm
2007.06.06 10:10 B c:\vidyarthi\Lighter_Vein\Fantasy_Thou_Art_Human_files\05article22_files\admentorserve(7).htm --> ipnatlanta.net /vidyarthi/Lighter_Vein/Fantasy_Thou_Art_Human_files/05article22_files admentorserve(7).htm
2007.06.06 10:10 B c:\vidyarthi\Lighter_Vein\Fantasy_Thou_Art_Human_files\05article22_files\admentorserve.htm --> ipnatlanta.net /vidyarthi/Lighter_Vein/Fantasy_Thou_Art_Human_files/05article22_files admentorserve.htm
2007.06.06 10:10 B c:\vidyarthi\Lighter_Vein\Fantasy_Thou_Art_Human_files\05article22_files\aerrow.gif --> ipnatlanta.net /vidyarthi/Lighter_Vein/Fantasy_Thou_Art_Human_files/05article22_files aerrow.gif
2007.06.06 10:10 B c:\vidyarthi\Lighter_Vein\Fantasy_Thou_Art_Human_files\05article22_files\bltnews.gif --> ipnatlanta.net /vidyarthi/Lighter_Vein/Fantasy_Thou_Art_Human_files/05article22_files bltnews.gif
2007.06.06 10:10 B c:\vidyarthi\Lighter_Vein\Fantasy_Thou_Art_Human_files\05article22_files\CAMVW563.htm --> ipnatlanta.net /vidyarthi/Lighter_Vein/Fantasy_Thou_Art_Human_files/05article22_files CAMVW563.htm
2007.06.06 10:10 B c:\vidyarthi\Lighter_Vein\Fantasy_Thou_Art_Human_files\05article22_files\cologo.gif --> ipnatlanta.net /vidyarthi/Lighter_Vein/Fantasy_Thou_Art_Human_files/05article22_files cologo.gif
2007.06.06 10:10 B c:\vidyarthi\Lighter_Vein\Fantasy_Thou_Art_Human_files\05article22_files\cricketcellbg.gif --> ipnatlanta.net /vidyarthi/Lighter_Vein/Fantasy_Thou_Art_Human_files/05article22_files cricketcellbg.gif
2007.06.06 10:10 B c:\vidyarthi\Lighter_Vein\Fantasy_Thou_Art_Human_files\05article22_files\datebg.gif --> ipnatlanta.net /vidyarthi/Lighter_Vein/Fantasy_Thou_Art_Human_files/05article22_files datebg.gif
2007.06.06 10:10 B c:\vidyarthi\Lighter_Vein\Fantasy_Thou_Art_Human_files\05article22_files\greenbg.gif --> ipnatlanta.net /vidyarthi/Lighter_Vein/Fantasy_Thou_Art_Human_files/05article22_files greenbg.gif
2007.06.06 10:10 B c:\vidyarthi\Lighter_Vein\Fantasy_Thou_Art_Human_files\05article22_files\greenleft.gif --> ipnatlanta.net /vidyarthi/Lighter_Vein/Fantasy_Thou_Art_Human_files/05article22_files greenleft.gif
2007.06.06 10:10 B c:\vidyarthi\Lighter_Vein\Fantasy_Thou_Art_Human_files\05article22_files\greenright.gif --> ipnatlanta.net /vidyarthi/Lighter_Vein/Fantasy_Thou_Art_Human_files/05article22_files greenright.gif
2007.06.06 10:10 B c:\vidyarthi\Lighter_Vein\Fantasy_Thou_Art_Human_files\05article22_files\hd-panorama.gif --> ipnatlanta.net /vidyarthi/Lighter_Vein/Fantasy_Thou_Art_Human_files/05article22_files hd-panorama.gif
2007.06.06 10:10 B c:\vidyarthi\Lighter_Vein\Fantasy_Thou_Art_Human_files\05article22_files\hstyle.css --> ipnatlanta.net /vidyarthi/Lighter_Vein/Fantasy_Thou_Art_Human_files/05article22_files hstyle.css
2007.06.06 10:10 B c:\vidyarthi\Lighter_Vein\Fantasy_Thou_Art_Human_files\05article22_files\left01.gif --> ipnatlanta.net /vidyarthi/Lighter_Vein/Fantasy_Thou_Art_Human_files/05article22_files left01.gif
2007.06.06 10:10 B c:\vidyarthi\Lighter_Vein\Fantasy_Thou_Art_Human_files\05article22_files\Logo_25wht.gif --> ipnatlanta.net /vidyarthi/Lighter_Vein/Fantasy_Thou_Art_Human_files/05article22_files Logo_25wht.gif
2007.06.06 10:10 B c:\vidyarthi\Lighter_Vein\Fantasy_Thou_Art_Human_files\05article22_files\mothersday-home.gif --> ipnatlanta.net /vidyarthi/Lighter_Vein/Fantasy_Thou_Art_Human_files/05article22_files mothersday-home.gif
2007.06.06 10:10 B c:\vidyarthi\Lighter_Vein\Fantasy_Thou_Art_Human_files\05article22_files\panoramalogo.gif --> ipnatlanta.net /vidyarthi/Lighter_Vein/Fantasy_Thou_Art_Human_files/05article22_files panoramalogo.gif
2007.06.06 10:10 B c:\vidyarthi\Lighter_Vein\Fantasy_Thou_Art_Human_files\05article22_files\postcomment.gif --> ipnatlanta.net /vidyarthi/Lighter_Vein/Fantasy_Thou_Art_Human_files/05article22_files postcomment.gif
2007.06.06 10:10 B c:\vidyarthi\Lighter_Vein\Fantasy_Thou_Art_Human_files\05article22_files\raghurams02.gif --> ipnatlanta.net /vidyarthi/Lighter_Vein/Fantasy_Thou_Art_Human_files/05article22_files raghurams02.gif
2007.06.06 10:10 B c:\vidyarthi\Lighter_Vein\Fantasy_Thou_Art_Human_files\05article22_files\right.gif --> ipnatlanta.net /vidyarthi/Lighter_Vein/Fantasy_Thou_Art_Human_files/05article22_files right.gif
2007.06.06 10:10 B c:\vidyarthi\Lighter_Vein\Fantasy_Thou_Art_Human_files\05article22_files\sale.gif --> ipnatlanta.net /vidyarthi/Lighter_Vein/Fantasy_Thou_Art_Human_files/05article22_files sale.gif
2007.06.06 10:10 B c:\vidyarthi\Lighter_Vein\Fantasy_Thou_Art_Human_files\05article22_files\show_ads.js --> ipnatlanta.net /vidyarthi/Lighter_Vein/Fantasy_Thou_Art_Human_files/05article22_files show_ads.js
2007.06.06 10:10 B c:\vidyarthi\Lighter_Vein\Fantasy_Thou_Art_Human_files\05article22_files\style(1).css --> ipnatlanta.net /vidyarthi/Lighter_Vein/Fantasy_Thou_Art_Human_files/05article22_files style(1).css
2007.06.06 10:10 B c:\vidyarthi\Lighter_Vein\Fantasy_Thou_Art_Human_files\05article22_files\style.css --> ipnatlanta.net /vidyarthi/Lighter_Vein/Fantasy_Thou_Art_Human_files/05article22_files style.css
2007.06.06 10:10 B c:\vidyarthi\Lighter_Vein\Fantasy_Thou_Art_Human_files\05article22_files\tabu01-90.jpg --> ipnatlanta.net /vidyarthi/Lighter_Vein/Fantasy_Thou_Art_Human_files/05article22_files tabu01-90.jpg
2007.06.06 10:10 B c:\vidyarthi\Lighter_Vein\Fantasy_Thou_Art_Human_files\05article22_files\tamilvu110.gif --> ipnatlanta.net /vidyarthi/Lighter_Vein/Fantasy_Thou_Art_Human_files/05article22_files tamilvu110.gif
2007.06.06 10:10 B c:\vidyarthi\Lighter_Vein\Fantasy_Thou_Art_Human_files\05article22_files\urchin.js --> ipnatlanta.net /vidyarthi/Lighter_Vein/Fantasy_Thou_Art_Human_files/05article22_files urchin.js
2007.06.06 10:10 B c:\vidyarthi\Lighter_Vein\Fantasy_Thou_Art_Human_files\05article22_files\viewcomment.gif --> ipnatlanta.net /vidyarthi/Lighter_Vein/Fantasy_Thou_Art_Human_files/05article22_files viewcomment.gif
2008.03.31 17:35 B c:\vidyarthi\Lighter_Vein\Fantasy_Thou_Art_Human_files\05article22_files\WS_FTP.LOG <-- camaga /vidyarthi/Lighter_Vein/Fantasy_Thou_Art_Human_files/05article22_files WS_FTP.LOG
2008.03.31 17:35 B c:\vidyarthi\Lighter_Vein\Fantasy_Thou_Art_Human_files\05article22_files\viewcomment.gif <-- camaga /vidyarthi/Lighter_Vein/Fantasy_Thou_Art_Human_files/05article22_files viewcomment.gif
2008.03.31 17:35 B c:\vidyarthi\Lighter_Vein\Fantasy_Thou_Art_Human_files\05article22_files\urchin.js <-- camaga /vidyarthi/Lighter_Vein/Fantasy_Thou_Art_Human_files/05article22_files urchin.js
2008.03.31 17:35 B c:\vidyarthi\Lighter_Vein\Fantasy_Thou_Art_Human_files\05article22_files\tamilvu110.gif <-- camaga /vidyarthi/Lighter_Vein/Fantasy_Thou_Art_Human_files/05article22_files tamilvu110.gif
2008.03.31 17:35 B c:\vidyarthi\Lighter_Vein\Fantasy_Thou_Art_Human_files\05article22_files\tabu01-90.jpg <-- camaga /vidyarthi/Lighter_Vein/Fantasy_Thou_Art_Human_files/05article22_files tabu01-90.jpg
2008.03.31 17:35 B c:\vidyarthi\Lighter_Vein\Fantasy_Thou_Art_Human_files\05article22_files\style.css <-- camaga /vidyarthi/Lighter_Vein/Fantasy_Thou_Art_Human_files/05article22_files style.css
2008.03.31 17:35 B c:\vidyarthi\Lighter_Vein\Fantasy_Thou_Art_Human_files\05article22_files\style(1).css <-- camaga /vidyarthi/Lighter_Vein/Fantasy_Thou_Art_Human_files/05article22_files style(1).css
2008.03.31 17:35 B c:\vidyarthi\Lighter_Vein\Fantasy_Thou_Art_Human_files\05article22_files\show_ads.js <-- camaga /vidyarthi/Lighter_Vein/Fantasy_Thou_Art_Human_files/05article22_files show_ads.js
2008.03.31 17:35 B c:\vidyarthi\Lighter_Vein\Fantasy_Thou_Art_Human_files\05article22_files\sale.gif <-- camaga /vidyarthi/Lighter_Vein/Fantasy_Thou_Art_Human_files/05article22_files sale.gif
2008.03.31 17:35 B c:\vidyarthi\Lighter_Vein\Fantasy_Thou_Art_Human_files\05article22_files\right.gif <-- camaga /vidyarthi/Lighter_Vein/Fantasy_Thou_Art_Human_files/05article22_files right.gif
2008.03.31 17:35 B c:\vidyarthi\Lighter_Vein\Fantasy_Thou_Art_Human_files\05article22_files\raghurams02.gif <-- camaga /vidyarthi/Lighter_Vein/Fantasy_Thou_Art_Human_files/05article22_files raghurams02.gif
2008.03.31 17:35 B c:\vidyarthi\Lighter_Vein\Fantasy_Thou_Art_Human_files\05article22_files\postcomment.gif <-- camaga /vidyarthi/Lighter_Vein/Fantasy_Thou_Art_Human_files/05article22_files postcomment.gif
2008.03.31 17:35 B c:\vidyarthi\Lighter_Vein\Fantasy_Thou_Art_Human_files\05article22_files\panoramalogo.gif <-- camaga /vidyarthi/Lighter_Vein/Fantasy_Thou_Art_Human_files/05article22_files panoramalogo.gif
2008.03.31 17:35 B c:\vidyarthi\Lighter_Vein\Fantasy_Thou_Art_Human_files\05article22_files\mothersday-home.gif <-- camaga /vidyarthi/Lighter_Vein/Fantasy_Thou_Art_Human_files/05article22_files mothersday-home.gif
2008.03.31 17:35 B c:\vidyarthi\Lighter_Vein\Fantasy_Thou_Art_Human_files\05article22_files\Logo_25wht.gif <-- camaga /vidyarthi/Lighter_Vein/Fantasy_Thou_Art_Human_files/05article22_files Logo_25wht.gif
2008.03.31 17:35 B c:\vidyarthi\Lighter_Vein\Fantasy_Thou_Art_Human_files\05article22_files\left01.gif <-- camaga /vidyarthi/Lighter_Vein/Fantasy_Thou_Art_Human_files/05article22_files left01.gif
2008.03.31 17:35 B c:\vidyarthi\Lighter_Vein\Fantasy_Thou_Art_Human_files\05article22_files\hstyle.css <-- camaga /vidyarthi/Lighter_Vein/Fantasy_Thou_Art_Human_files/05article22_files hstyle.css
2008.03.31 17:35 B c:\vidyarthi\Lighter_Vein\Fantasy_Thou_Art_Human_files\05article22_files\hd-panorama.gif <-- camaga /vidyarthi/Lighter_Vein/Fantasy_Thou_Art_Human_files/05article22_files hd-panorama.gif
2008.03.31 17:35 B c:\vidyarthi\Lighter_Vein\Fantasy_Thou_Art_Human_files\05article22_files\greenright.gif <-- camaga /vidyarthi/Lighter_Vein/Fantasy_Thou_Art_Human_files/05article22_files greenright.gif
2008.03.31 17:35 B c:\vidyarthi\Lighter_Vein\Fantasy_Thou_Art_Human_files\05article22_files\greenleft.gif <-- camaga /vidyarthi/Lighter_Vein/Fantasy_Thou_Art_Human_files/05article22_files greenleft.gif
2008.03.31 17:35 B c:\vidyarthi\Lighter_Vein\Fantasy_Thou_Art_Human_files\05article22_files\greenbg.gif <-- camaga /vidyarthi/Lighter_Vein/Fantasy_Thou_Art_Human_files/05article22_files greenbg.gif
2008.03.31 17:35 B c:\vidyarthi\Lighter_Vein\Fantasy_Thou_Art_Human_files\05article22_files\datebg.gif <-- camaga /vidyarthi/Lighter_Vein/Fantasy_Thou_Art_Human_files/05article22_files datebg.gif
2008.03.31 17:35 B c:\vidyarthi\Lighter_Vein\Fantasy_Thou_Art_Human_files\05article22_files\cricketcellbg.gif <-- camaga /vidyarthi/Lighter_Vein/Fantasy_Thou_Art_Human_files/05article22_files cricketcellbg.gif
2008.03.31 17:35 B c:\vidyarthi\Lighter_Vein\Fantasy_Thou_Art_Human_files\05article22_files\cologo.gif <-- camaga /vidyarthi/Lighter_Vein/Fantasy_Thou_Art_Human_files/05article22_files cologo.gif
2008.03.31 17:35 B c:\vidyarthi\Lighter_Vein\Fantasy_Thou_Art_Human_files\05article22_files\CAMVW563.htm <-- camaga /vidyarthi/Lighter_Vein/Fantasy_Thou_Art_Human_files/05article22_files CAMVW563.htm
2008.03.31 17:35 B c:\vidyarthi\Lighter_Vein\Fantasy_Thou_Art_Human_files\05article22_files\bltnews.gif <-- camaga /vidyarthi/Lighter_Vein/Fantasy_Thou_Art_Human_files/05article22_files bltnews.gif
2008.03.31 17:35 B c:\vidyarthi\Lighter_Vein\Fantasy_Thou_Art_Human_files\05article22_files\aerrow.gif <-- camaga /vidyarthi/Lighter_Vein/Fantasy_Thou_Art_Human_files/05article22_files aerrow.gif
2008.03.31 17:35 B c:\vidyarthi\Lighter_Vein\Fantasy_Thou_Art_Human_files\05article22_files\admentornet.htm <-- camaga /vidyarthi/Lighter_Vein/Fantasy_Thou_Art_Human_files/05article22_files admentornet.htm
2008.03.31 17:35 B c:\vidyarthi\Lighter_Vein\Fantasy_Thou_Art_Human_files\05article22_files\admentornet(4).htm <-- camaga /vidyarthi/Lighter_Vein/Fantasy_Thou_Art_Human_files/05article22_files admentornet(4).htm
2008.03.31 17:35 B c:\vidyarthi\Lighter_Vein\Fantasy_Thou_Art_Human_files\05article22_files\admentornet(3).htm <-- camaga /vidyarthi/Lighter_Vein/Fantasy_Thou_Art_Human_files/05article22_files admentornet(3).htm
2008.03.31 17:35 B c:\vidyarthi\Lighter_Vein\Fantasy_Thou_Art_Human_files\05article22_files\admentornet(2).htm <-- camaga /vidyarthi/Lighter_Vein/Fantasy_Thou_Art_Human_files/05article22_files admentornet(2).htm
2008.03.31 17:35 B c:\vidyarthi\Lighter_Vein\Fantasy_Thou_Art_Human_files\05article22_files\admentornet(1).htm <-- camaga /vidyarthi/Lighter_Vein/Fantasy_Thou_Art_Human_files/05article22_files admentornet(1).htm
2008.03.31 17:35 B c:\vidyarthi\Lighter_Vein\Fantasy_Thou_Art_Human_files\05article22_files\700x90salary.gif <-- camaga /vidyarthi/Lighter_Vein/Fantasy_Thou_Art_Human_files/05article22_files 700x90salary.gif
2008.03.31 17:35 B c:\vidyarthi\Lighter_Vein\Fantasy_Thou_Art_Human_files\05article22_files\6mstrip3.gif <-- camaga /vidyarthi/Lighter_Vein/Fantasy_Thou_Art_Human_files/05article22_files 6mstrip3.gif
2008.03.31 17:35 B c:\vidyarthi\Lighter_Vein\Fantasy_Thou_Art_Human_files\05article22_files\6mstrip2.gif <-- camaga /vidyarthi/Lighter_Vein/Fantasy_Thou_Art_Human_files/05article22_files 6mstrip2.gif
2008.03.31 17:35 B c:\vidyarthi\Lighter_Vein\Fantasy_Thou_Art_Human_files\05article22_files\6mstrip1.gif <-- camaga /vidyarthi/Lighter_Vein/Fantasy_Thou_Art_Human_files/05article22_files 6mstrip1.gif
2008.03.31 17:35 B c:\vidyarthi\Lighter_Vein\Fantasy_Thou_Art_Human_files\05article22_files\234x60.gif <-- camaga /vidyarthi/Lighter_Vein/Fantasy_Thou_Art_Human_files/05article22_files 234x60.gif
2008.03.31 17:35 B c:\vidyarthi\Lighter_Vein\Fantasy_Thou_Art_Human_files\05article22_files\110x300.gif <-- camaga /vidyarthi/Lighter_Vein/Fantasy_Thou_Art_Human_files/05article22_files 110x300.gif
2008.03.31 17:35 B c:\vidyarthi\Lighter_Vein\Fantasy_Thou_Art_Human_files\05article22_files\110x300(1).gif <-- camaga /vidyarthi/Lighter_Vein/Fantasy_Thou_Art_Human_files/05article22_files 110x300(1).gif
